WARNING: Method definition warn(Any...) in module Base at util.jl:350 overwritten in module Logging at /users/p16043/wilson/.julia/v0.5/Logging/src/Logging.jl:115.
WARNING: Method definition warn(Any...) in module Base at util.jl:350 overwritten in module Logging at /users/p16043/wilson/.julia/v0.5/Logging/src/Logging.jl:115.
WARNING: Method definition warn(Any...) in module Base at util.jl:350 overwritten in module Logging at /users/p16043/wilson/.julia/v0.5/Logging/src/Logging.jl:115.
WARNING: Method definition warn(Any...) in module Base at util.jl:350 overwritten in module Logging at /users/p16043/wilson/.julia/v0.5/Logging/src/Logging.jl:115.
WARNING: Method definition warn(Any...) in module Base at util.jl:350 overwritten in module Logging at /users/p16043/wilson/.julia/v0.5/Logging/src/Logging.jl:115.
WARNING: Method definition warn(Any...) in module Base at util.jl:350 overwritten in module Logging at /users/p16043/wilson/.julia/v0.5/Logging/src/Logging.jl:115.
WARNING: Method definition warn(Any...) in module Base at util.jl:350 overwritten in module Logging at /users/p16043/wilson/.julia/v0.5/Logging/src/Logging.jl:115.
WARNING: Method definition warn(Any...) in module Base at util.jl:350 overwritten in module Logging at /users/p16043/wilson/.julia/v0.5/Logging/src/Logging.jl:115.
WARNING: Method definition warn(Any...) in module Base at util.jl:350 overwritten in module Logging at /users/p16043/wilson/.julia/v0.5/Logging/src/Logging.jl:115WARNING: Method definition warn(Any...) in module Base at util.jl:350 overwritten in module Logging at /users/p16043/wilson/.julia/v0.5/Logging/src/Logging.jl:115.
WARNING: Method definition warn(Any...) in module Base at util.jl:350 overwritten in module Logging at /users/p16043/wilson/.julia/v0.5/Logging/src/Logging.jl:115.
WARNING: Method definition warn(Any...) in module Base at util.jl:350 overwritten in module Logging at /users/p16043/wilson/.julia/v0.5/Logging/src/Logging.jl:115.
WARNING: Method definition warn(Any...) in module Base at util.jl:350 overwritten in module Logging at /users/p16043/wilson/.julia/v0.5/Logging/src/Logging.jl:115.
.
WARNING: Method definition warn(Any...) in module Base at util.jl:350 overwritten in module Logging at /users/p16043/wilson/.julia/v0.5/Logging/src/Logging.jl:115.
WARNING: Method definition warn(Any...) in module Base at util.jl:350 overwritten in module Logging at /users/p16043/wilson/.julia/v0.5/Logging/src/Logging.jl:115.
WARNING: Method definition warn(Any...) in module Base at util.jl:350 overwritten in module Logging at /users/p16043/wilson/.julia/v0.5/Logging/src/Logging.jl:115.
WARNING: Method definition warn(Any...) in module Base at util.jl:350 overwritten in module Logging at /users/p16043/wilson/.julia/v0.5/Logging/src/Logging.jl:115.
WARNING: Method definition warn(Any...) in module Base at util.jl:350 overwritten in module Logging at /users/p16043/wilson/.julia/v0.5/Logging/src/Logging.jl:115.
WARNING: Method definition warn(Any...) in module Base at util.jl:350 overwritten in module Logging at /users/p16043/wilson/.julia/v0.5/Logging/src/Logging.jl:115.
WARNING: Method definition warn(Any...) in module Base at util.jl:350 overwritten in module Logging at /users/p16043/wilson/.julia/v0.5/Logging/src/Logging.jl:115.
WARNING: Method definition info(Any...) in module Base at util.jl:320 overwritten in module Logging at /users/p16043/wilson/.julia/v0.5/Logging/src/Logging.jl:115.
WARNING: Method definition info(Any...) in module Base at util.jl:320 overwritten in module Logging at /users/p16043/wilson/.julia/v0.5/Logging/src/Logging.jl:115.
WARNING: Method definition info(Any...) in module Base at util.jl:320 overwritten in module Logging at /users/p16043/wilson/.julia/v0.5/Logging/src/Logging.jl:115.
WARNING: Method definition info(Any...) in module BaseWARNING: Method definition info(Any...) in module Base at util.jl:320 overwritten in module Logging at /users/p16043/wilson/.julia/v0.5/Logging/src/Logging.jl:115.
WARNING: Method definition info(Any...) in module Base at util.jl:320 overwritten in module Logging at /users/p16043/wilson/.julia/v0.5/Logging/src/Logging.jl:115.
WARNING: Method definition info(Any...) in module Base at util.jl:320 overwritten in module Logging at /users/p16043/wilson/.julia/v0.5/Logging/src/Logging.jl:115.
 at util.jl:320 overwritten in module Logging at /users/p16043/wilson/.julia/v0.5/Logging/src/Logging.jl:115.
WARNING: Method definition info(Any...) in module Base at util.jl:320 overwritten in module Logging at /users/p16043/wilson/.julia/v0.5/Logging/src/Logging.jl:115.
WARNING: Method definition info(Any...) in module Base at util.jl:320 overwritten in module Logging at /users/p16043/wilson/.julia/v0.5/Logging/src/Logging.jl:115.
WARNING: Method definition info(Any...) in module Base at util.jl:320WARNING: Method definition info(Any...) in module Base at util.jl:320 overwritten in module Logging at /users/p16043/wilson/.julia/v0.5/Logging/src/Logging.jl:115.
WARNING: Method definition info(Any...) in module Base at util.jl:320 overwritten in module Logging at /users/p16043/wilson/.julia/v0.5/Logging/src/Logging.jl:115.
WARNING: Method definition info(Any...) in module Base at util.jl:320 overwritten in module Logging at /users/p16043/wilson/.julia/v0.5/Logging/src/Logging.jl:115.
 overwritten in module Logging at /users/p16043/wilson/.julia/v0.5/Logging/src/Logging.jl:115.
WARNING: Method definition info(Any...) in module Base at util.jl:320 overwritten in module Logging at /users/p16043/wilson/.julia/v0.5/Logging/src/Logging.jl:115.
WARNING: Method definition info(Any...) in module Base at util.jl:320 overwritten in module Logging at /users/p16043/wilson/.julia/v0.5/Logging/src/Logging.jl:115.
WARNING: Method definition info(Any...) in module Base at util.jl:320 overwritten in module Logging at /users/p16043/wilson/.julia/v0.5/Logging/src/Logging.jl:115WARNING: Method definition info(Any...) in module Base at util.jl:320 overwritten in module Logging at /users/p16043/wilson/.julia/v0.5/Logging/src/Logging.jl:115.
WARNING: Method definition info(Any...) in module Base at util.jl:320.
 overwritten in module Logging at /users/p16043/wilson/.julia/v0.5/Logging/src/Logging.jl:115.
WARNING: Method definition info(Any...) in module Base at util.jl:320 overwritten in module Logging at /users/p16043/wilson/.julia/v0.5/Logging/src/Logging.jl:115.
WARNING: Method definition info(Any...) in module Base at util.jl:320 overwritten in module Logging at /users/p16043/wilson/.julia/v0.5/Logging/src/Logging.jl:115.
Dict{Dict{Dict{Dict{Dict{Dict{Dict{Dict{Dict{Dict{Dict{Dict{Dict{Dict{Dict{Dict{Dict{Dict{Dict{Dict{String,String,Any}String,Any}String,Any}(String,Any}Any}((((String,Any}(String,Any}(String,Any}(StringString,String,Any}String,Any}String,Any}(String,Any}(,Any}(Any}(((String,Any}(String,Any}(String,Any}(String,Any}(String,Any}(String,Any}(Pair{Pair{String,Pair{String,AnyPair{String,Any}(Pair{String,AnyPair{String,Any}(Pair{String,Any}(String,Any}(Any}(}(}(Pair{String,Any}(Pair{Pair{String,Pair{String,AnyPair{String,Any}(Pair{String,Any}(Pair{String,Any}(Pair{String,Any}(Pair{String,Any}(String,Any}(Any}(}(Pair{String,Any}(Pair{String,Any}(Pair{String,Any}(Pair{String,Any}("""w"weights"weights"weights",weights",eights","weig",,hts","weights","weights",""weight"weights","weights","weights","weights",weights",s","weights","weights",nothingnothing),nothing),nothing),Pair{nothing),Pair{Stringnothing)),Pair{String,Any}(Pair{String,Any}(Pair{String,Any}("String,Any}("a,Any}("activ,Pair{String,Any}("active_mutate",nothing"active_mutate",nothing),Pair{active_mutate",nothing),Pair{Stringctive_mutate",nothing),Pair{String,e_mutate",nothing),Pair{String,Any}("active_mutate",nothing)),Pair{String,Any}("dataString,Any}("data","/tmpd,Any}("data","/tmpdiAny}("data","/tmpdi"data","/tmpdir/wils,Pair{String,Any}("data",","/tmpdir/wilson/data/classir/wilson/data/classification/r/wilson/data/classification/car/wilson/data/classification/con/data/classification/cancer.d"/tmpdir/wilson/data/classification/cancer.dt"),Pair{Stringnothing),Pair{String,Any}(cancer.dt"),Pair{String,Any}(ncer.dt"),Pair{String,Any}("ancer.dt"),Pair{String,Any}(t"),Pair{String,Any}("ga_popification/cancer.dt"),Pair{String,Any}("ga_population",nothing)"active_mutate","ga_population",nothing),Pair{String,Any}ga_population",nothing),Pair{String,Any}("ga_population",nothing),Pair{String,Anyulation",nothing),Pair{String,Any}(",Any}("ga_population",nothing),Pair{String,Any}("fitness","clnothing),Pair{String,Any}("data","/("fitness","classify"),"fitness","classify"),Pair}("fitness","classify"fitness","classify"),Pair{String,,Pair{String,Any}("fitness",nothing),Pair{String,assify"),Pair{String,Any}("ga_elitmpdir/wilson/data/classificationPair{String,Any}("ga_elitism_rate",{String,Any}("ga_elitism_rate",),Pair{String,Any}("ga_elitism_rAny}("ga_elitism_rate",nothing),Pair"classify"),Pair{String,Any}("Any}("active_mutatetism_rate",nothing),Pair{String,Any}("c/cancer.dt"),Pair{String,Any}("gnothing),Pair{String,Any}("crossover_menothing),Pair{String,Any}("crossover_meate",nothing),Pair{String,Any}("crosso{String,Any}("crossover_method""weights",ga_elitism_rate",nothing),Pair{String,Any}(",nothing),Pair{String,Any}("data","/tmrossover_method",nothing),Pair{String,Any}(a_population",nothing),Pair{String,Any}("thod",nothing),Pair{String,Any}("chromosomthod",nothing),Pair{String,Any}("chromosover_method",nothing),Pair{String,Any}("c,nothing),Pair{String,Any}("chromosome",""crossover_method",nothing),Pair{Stringpdir/wilson/data/classification/"chromosome","CGPChromo"),Pair{fitness","classify"),Pair{String,Any}(e","CGPChromo"),Pair{String,Any}("me","CGPChromo"),Pair{String,Any}(hromosome","CGPChromo"),Pair{String,CGPChromo"),Pair{String,Any}("ga_,Any}("chromosome","CGPChcancer.dt"),Pair{String,Any}("gaString,Any}("ga_crossover_rate","ga_elitism_rate",nothing),Pair{String,ga_crossover_rate",nothing),Pair{String,Any}"ga_crossover_rate",nothing),Pair{String,AnyAny}("ga_crossover_rate",nothing),crossover_rate",nothing),Pair{String,Any}(romo"),Pair{String,Any}("ga_cro_population",nothing),Pair{String,Any}("nothing),Pair{String,Any}("lambda",nothing),Any}("crossover_method",nothing),("lambda",nothing),Pair{String,Any}(}("lambda",nothing),Pair{String,Any}(Pair{String,Any}("lambda",nothing),Pair{"lambda",nothing),Pair{String,Any}("ssover_rate",nothing),Pair{String,Any}(fitness","classify"),Pair{String,AnyPair{String,Any}("recurrency",nothing)Pair{String,Any}("chromosome","CGP"recurrency",nothing),Pair{String,Any}("recurrency",nothing),Pair{String,Any}(String,Any}("recurrency",nothing),Pair{Stringrecurrency",nothing),Pair{String,Any}("mu"lambda",nothing),Pair{String,Any}("r}("ga_elitism_rate",nothing),Pair{,Pair{String,Any}("mutate_method",nothingChromo"),Pair{String,Any}("ga_cros"mutate_method",nothing),Pair{String,Any}("mutate_method",nothing),Pair{String,Any},Any}("mutate_method",nothing),tate_method",nothing),Pair{String,Any}(ecurrency",nothing),Pair{String,Any}(String,Any}("crossover_method",nothing),Pair{String,Any}("node_mutationsover_rate",nothing),Pair{String,Any}(""node_mutation_rate",nothing),Pair{("node_mutation_rate",nothing),Pair{String,Any}("node_mutation_"node_mutation_rate",nothing),Pair{"mutate_method",nothing),Pair{String,Any}),Pair{String,Any}("chromosome",_rate",nothing),Pair{String,Any}("modilambda",nothing),Pair{String,Any}("reString,Any}("modify_mutation_ratPair{String,Any}("modify_mutationrate",nothing),Pair{String,Any}("modiString,Any}("modify_mutation_rat("node_mutation_rate",nothing)"CGPChromo"),Pair{String,Any}("gfy_mutation_rate",nothing),Pair{String,Any}currency",nothing),Pair{String,Any}("me",nothing),Pair{String,Any}("output_mu_rate",nothing),Pair{String,Any}("outpufy_mutation_rate",nothing),Pair{String,Any}e",nothing),Pair{String,Any}("output_mnothing),Pair{String,Any}(nothing),Pair{String,Any}("anothing),Pair{String,Any}("actinothing),Pair{String,Any}("anothing),Pair{String,Any}("actinothing),Pair{String,Any}("active_mutanothing),Pair{String,Any}("active_mut,Pair{String,Any}("modify_mutation_rate",nothing),Pair{a_crossover_rate",nothing),Pair{String,Any}("lambda",nothing),("output_mutation_rate",nothing),Pair{String,Any}("eautate_method",nothing),Pair{String,Any}("node_mutation_rattation_rate",nothing),Pair{String,Any}("ea","oneplus"),Pairt_mutation_rate",nothing),Pair{String,Any}("ea","oneplus")("output_mutation_rate",nothing),Pair{String,Any}("utation_rate",nothing),Pair{String,Any}("ea","oneplus")"active_mutate",nothing),Pair{String,Any}("data"ctive_mutate",nothing),Pair{String,Any}("data","/tmve_mutate",nothing),Pair{String,Any}("data","/tmpdctive_mutate",nothing),Pair{String,Any}("data","/ve_mutate",nothing),Pair{String,Any}("data","/tte",nothing),Pair{String,Any}("data","/tmpdir/wiate",nothing),Pair{String,Any}("data","/tmpdir/wString,Any}("output_mutation_rate",nothing),Pair{String,Any}("recurrency",nothing),Pair{String,Any","oneplus"),Pair{String,Any}("input_mue",nothing),Pair{String,Any}("modify_mutation{String,Any}("input_mutation_rate",nothing),,Pair{String,Any}("input_mutation_rateea","oneplus"),Pair{String,Any}("inpu,Pair{String,Any}("input_mutation_rate,"/tmpdir/wilson/data/classificationpdir/wilson/data/classification/canir/wilson/data/classification/cancer.dtmpdir/wilson/data/classification/canmpdir/wilson/data/classification/canlson/data/classification/cancer.dt"),ilson/data/classification/cancer.dt"),Pair{String,Any}("ea","oneplus"),Pair{}("mutate_method",nothing),Pair{String,Any}(tation_rate",nothing),Pair{String,Any}("log_rate",nothing),Pair{String,Any}("output_mutaPair{String,Any}("log","/tmpdir/wilson/",nothing),Pair{String,Any}("log","/tmpdir/wt_mutation_rate",nothing),Pair{String,Any}("",nothing),Pair{String,Any}("log","/tmpdir/w/cancer.dt"),Pair{String,Any}("ga_popcer.dt"),Pair{String,Any}("ga_populatt"),Pair{String,Any}("ga_population",nothingcer.dt"),Pair{String,Any}("ga_populaticer.dt"),Pair{String,Any}("ga_populatPair{String,Any}("ga_population",nothing),Pair{String,Any}("ga_population",nothing),PairString,Any}("input_mutation_rate",nothing)"node_mutation_rate",nothing),Pair{String,Any}","/tmpdir/wilson/dennis/556088/cancetion_rate",nothing),Pair{String,Any}("ea","dennis/556088/cancer_82940.log"),Pair{Stringilson/dennis/556088/cancer_82941.log"),log","/tmpdir/wilson/dennis/556088/cilson/dennis/556088/cancer_82943.log")ulation",nothing),Pair{String,Any}("fitnession",nothing),Pair{String,Any}("fitness","c),Pair{String,Any}("fitness","classion",nothing),Pair{String,Any}("fitness","clion",nothing),Pair{String,Any}("fitness","cPair{String,Any}("fitness","classify"),{String,Any}("fitness","classify"),,Pair{String,Any}("log","/tmpdir/wils("modify_mutation_rate",nothing),Pair{Stringr_82937.log"),Pair{String,Any}("input_soneplus"),Pair{String,Any}("input_mutat,Any}("input_start",nothing),Pair{String,Any}(Pair{String,Any}("input_start",nothing),Pair{Stringancer_82942.log"),Pair{String,Any}("inp,Pair{String,Any}("input_start",nothing),Pair","classify"),Pair{String,Any}("ga_elilassify"),Pair{String,Any}("ga_elitismfy"),Pair{String,Any}("ga_elitism_rateassify"),Pair{String,Any}("ga_elitism_lassify"),Pair{String,Any}("ga_elitism_rPair{String,Any}("ga_elitism_rate",nothing),Pair{Pair{String,Any}("ga_elitism_rate",nothing),Pair{on/dennis/556088/cancer_82935.log"),Pair,Any}("output_mutation_rate",nothing),Pair{Stringtart",nothing),Pair{String,Any}("distance_methodion_rate",nothing),Pair{String,Any}("log","/tmp"distance_method",nothing),Pair{String,Any}(,Any}("distance_method",nothing),Pair{String,Anyut_start",nothing),Pair{String,Any}("distance_{String,Any}("distance_method",nothing),Pair{Stringnothing),Pair{Stringtism_rate",nothing),Pair{String,Any}("crossove_rate",nothing),Pair{String,Any}("crossover_met",nothing),Pair{String,Any}("crossover_method",rate",nothing),Pair{String,Any}("crossover_methoate",nothing),Pair{String,Any}("crossover_meString,Any}("crossover_method",nothing),PairString,Any}("crossover_method",nothing),Pair{String{String,Any}("input_start",nothing),Pair{String,Any}("ea","oneplus"),Pair{String,Any}(",nothing),Pair{String,Any}("seed",dir/wilson/dennis/556088/cancer_82938.l"seed",}("seed",method",nothing),Pair{String,Any}("seed",,Any}("seed",,Any}("active_mutater_method",nothing),Pair{String,Any}("chromoshod",nothing),Pair{String,Any}("chromosome",nothing),Pair{String,Any}("chromosome","CGPChd",nothing),Pair{String,Any}("chromosome","CGthod",nothing),Pair{String,Any}("chromosome"{String,Any}("chromosome","CGPChromo"),Any}("chromosome","CGPChromo"),,Any}("distance_method",nothing),Pair{"input_mutation_rate",nothing),Pair{String,Any}(og"),Pair{String,Any}("input_start",nothing),",nothing),Pair{String,Any}(ome","CGPChromo"),Pair{String,Any}("CGPChromo"),Pair{String,Any}("gromo"),Pair{String,Any}("ga_crossPChromo"),Pair{String,Any}("ga_,"CGPChromo"),Pair{String,Any}(",Pair{String,Any}("ga_crossover_rPair{String,Any}("ga_crossover_rateString,Any}("seed","log","/tmpdir/wilson/denPair{String,Any}("distance_metho"data","/tmpdir/wilso"ga_crossover_rate",nothing),Paira_crossover_rate",nothing),Pair{String,Any}over_rate",nothing),Pair{String,Any}("crossover_rate",nothing),Pair{String,Any}(ga_crossover_rate",nothing),Pair{String,ate",nothing),Pair{String,Any}("lambda",nothing),Pair{String,Any}("lambda",nothingnis/556088/cancer_82936.log"),d",nothing),Pair{String,Any}("seed"n/data/classification/c{String,Any}("lambda",nothing),Pair{("lambda",nothing),Pair{String,Anylambda",nothing),Pair{String,Any}(""lambda",nothing),Pair{String,Any}(Any}("lambda",nothing),Pair{String,",nothing),Pair{String,Any}("recurr),Pair{String,Any}("recurrency"Pair{String,Any}("input_start",,ancer.dt"),Pair{String,Any}String,Any}("recurrency",nothing),}("recurrency",nothing),Pair{String,recurrency",nothing),Pair{String,Any}("recurrency",nothing),Pair{String,Any}(nothing),Pair{Any}("recurrency",nothing),Pair{String,ency",nothing),Pair{String,Any}("mutate,nothing),Pair{String,Any}("mutate_methnothing),Pair{String,Any}("distance_met("ga_population"Pair{String,Any}("mutate_methAny}("mutate_method",nothing),"mutate_method",nothing),Pair{String,Any}("mutate_method",nothing),Pair{StringString,Any}("activeAny}("mutate_method",nothing),_method",nothing),Pair{String,Any}("nood",nothing),Pair{String,Any}("node_mhod",nothing),Pair{String,Any}("see,nothing),Pair{String,Any}("fod",nothing),Pair{String,Any}("node_mPair{String,Any}("node_mutatio"node_mutation_rate",nothing),Any}("node_mutation_ra_mutate",nothing),Pair{String,Any}(Pair{String,Any}("node_mutatide_mutation_rate",nothing),Pair{Stringutation_rate",nothing),Pair{String,Any}(d","weighitness","classify"),Pairutation_rate",nothing),Pair{String,Any}(n_rate",nothing),Pair{String,Any}("mo,Pair{String,Any}("modify_mutatite",nothing),Pair{String,Any}("modify_"data","/tmpdir/wilson/dataon_rate",nothing),Pair{String,Any}("mo,Any}("modify_mutation_rate""modify_mutation_rate",nothing),ts","wei{String,Any}("ga_elitis"modify_mutation_rate",nothing),dify_mutation_rate",nothing),Pair{String,on_rate",nothing),Pair{String,Any}("outmutation_rate",nothing),Pair{String,Any}(/classification/cancer.dt"),Pair{dify_mutation_rate",nothing),Pair{String,Any,nothing),Pair{String,Any}("output_mutatPair{String,Any}("output_mutation_rghts",m_rate",nothing),Pair{String,Any}(Pair{String,Any}("output_mutatioAny}("output_mutation_rate"put_mutation_rate",nothing),Pair{String,"output_mutation_rate",nothing),String,Any}("ga_population",}("output_mutation_ration_rate",nothing),Pair{String,Any}("ate",nothing),Pair{String,Any}("ea","on"crossover_methn_rate",nothing),Pair{String,Any}(,nothing),Pair{String,Any}("ea","Any}("ea","oneplus"),PairPair{String,Any}("ea","oneplusnothing),Pair{String,Any}("fitnese",nothing),Pair{String,Any}("ea"ea","oneplus"),Pair{String,Any}(eplus"),Pair{String,Any}("iod",nothing),Pair{String,Any}("ea","oneplus"),Pair{String,Anyoneplus"),Pair{String,Any}("{String,Any}("input_mutation"),Pair{String,Any}("input_mus","classify"),Pair{String,Any}(,"oneplus"),Pair{String,Any}("input_mutation_rate",nothing)nput_mutation_rate",nothing),Pair{"chromosome","CGP}("input_mutation_rateinput_mutation_rate",nothing),Pair_rate",nothing),Pair{String,Any}("tation_rate",nothing),Pair{String,Any}("ga_elitism_rate",nothing),"input_mutation_rate",nothing),Pair,Pair{String,Any}("log","/tmpString,Any}("log","/tmpdir/wiChromo"),Pair{String,Any",nothing),Pair{String,Any}("log"{String,Any}("log","/tmpdir/log","/tmpdir/wilson/dennis"log","/tmpdir/wilson/Pair{String,Any}("crossover_m{String,Any}("log","/tmpddir/wilson/dennis/556088/calson/dennis/556088/cancer_82}("ga_crossover,"/tmpdir/wilson/dennis/5560wilson/dennis/556088/cancer/556088/cancer_82948.log"),dennis/556088/cancer_82949.ethod",nothing),Pair{String,Any}("chir/wilson/dennis/556088/canncer_82952.log"),Pair{String,Any}(953.log"),Pair{String,Any}("i_rate",nothing),Pair{String,Any}88/cancer_82946.log"),Pair{String_82947.log"),Pair{String,Any}(Pair{String,Any}("input_startlog"),Pair{String,Any}("input_romosome","CGPChromo"),Pair{cer_82951.log"),Pair{String,Any}"input_start",nothing),Pair{Stringnput_start",nothing),Pair{String,Any}(("lambda",nothing),Pair,Any}("input_start",nothing)"input_start",nothing),Pair{String,Any",nothing),Pair{String,Any}("distanstart",nothing),Pair{String,Any}("String,Any}("ga_crossover_("input_start",nothing),Pair{,Any}("distance_method",nothing"distance_method",nothing),Pair{String{String,Any}("rec,Pair{String,Any}("distance}("distance_method",nothing)ce_method",nothing),Pair{String,Any}(distance_method",nothing),Pair{String,rate",nothing),Pair{String,Any}("lString,Any}("distance_metho),Pair{String,Any}("seed",,Any}("seed",urrency",nothing),Pair{String,Any_method",nothing),Pair{String,Any}(,Pair{String,Any}("seed","seed",Any}("seed",ambda",nothing),Pair{String,Any}("d",nothing),Pair{String,Any}("seed"}("mutate_me"seed",recurrency",nothing),Pair{String,,thod",nothing),Pair{StringAny}("mutate_m,Any}("nethod",nothing),Pair{String,Anyode_mutati}("node_mutaton_rate",nothingion_rate",nothing),),Pair{String,Pair{String,Any}("Any}("momodify_mutation_radify_mutatte",nothing),Pair{String,Any}ion_rate"("output_m,nothing),Pair{Stringutation_rate",nothing),Any}("o,Pair{String,Any}("utput_mutea","oneplus"),ation_ratePair{String,Any}("",nothing),Pair{Stringinput_mutation_rate,Any}("",nothing),Pair{String,Any}(ea","onep"log","/tmlus"),Pair{pdir/wilson/dennString,Any}(is/556088/cancer_8"input_m2950.log"),Pair{utation_rString,Any}("inpate",nothing),ut_start",nothing),Pairnothing),Pair{String,Any}({String,Any}("distaPair{String,Any}("log","/nce_method",nothing),Pair{String"active_mutatmpdir/wilson/d,Any}("seed",te",nothing),Pair{String,ennis/55608Any}("data",8/cancer_82"/tmpdir/wilson945.log"),/data/classificPair{String,Anyation/cancer.dt"}("i),Pair{String,Any}(nput_start","ga_population"nothing),Pair{String,nothing),Pair{String,Any}(,Any}(""fitness","cdistance_lassify"),Pair{Stringmethod",nothing),Any}("ga_e,Pair{String,litism_rate",nothing)Any}("s,Pair{String,Any}("eed",crossover_method",nothing),Pair{String,Any}("chr8294082937),omosome","CGPChr),Pair{String,Any}(82941),Pair{String,Any}(82943),Pair{String,Pair{String,Any}(omo"),Pair{String,Any}(""ga_mutation_r"ga_mutati82942),Pair{String,AnyAny}("ga_mut"ga_mutation_rate",nothing)ga_crossover_rate",nothing),Pair{ate",nothing),Pair{String,Any}("on_rate",nothing),Pair{String,Any}(}("ga_mutationation_rate",nothing),Pair{String,Any}(82935),Pair{String,,Pair{String,Any}("nodeString,Any}("lambda",nothingnode_size_delta",nothing))
"node_size_delta",nothing)_rate",nothing),Pair{String,Any}("node_size_delta"Any}("ga_mutati_size_delta",nothing))
82938),),Pair{String,Any}("recurrenc)
"node_size_delta",nothing),nothing))
nothing),Pair{String,on_rate",nothing),Pair{String,Any}(
WARNING: deprecated syntax "[a=>b for (a,b) in c]".
Use "Dict(a=>b for (a,b) in c)" instead.
Pair{String,Any}("gy",nothing),Pair{String,Any}("mut
WARNING: deprecated syntax "[a=>b for (a,b) in c]".
Use "Dict(a=>b for (a,b) in c)" instead.

WARNING: deprecated syntax "[a=>b for (a,b) in c]".
Use "Dict(a=>b for (a,b) in c)" instead.
)

WARNING: deprecated syntax "[a=>b for (a,b) in c]".
Use "Dict(a=>b for (a,b) in c)" instead.
Any}("node_size_delta",nothing))a_mutation_rate",nothing),Pair{ate_method",nothing),Pair{String,Any}(
WARNING: deprecated syntax "[a=>b for (a,b) in c]".
Use "Dict(a=>b for (a,b) in c)" instead.
"active_m

WARNING: deprecated syntax "[a=>b for (a,b) in c]".
Use "Dict(a=>b for (a,b) in c)" instead.
String,Any}("node_size_d"node_mutation_ratutate",nothing),82936elta",nothing))
e",nothing),Pair{String,Any}(Pair{String,Any),Pair{String,Any}(
WARNING: deprecated syntax "[a=>b for (a,b) in c]".
Use "Dict(a=>b for (a,b) in c)" instead.
"modify_mutation_ra}("da"ga_mutation_te",nothing),Pair{String,Any}(ta","/tmprate",nothing),Pair{String"output_mutatdir/wils,Any}("node_siion_rate",nothing),Pair{on/data/cze_delta",nothing))
String,Any}("ea",lassifica"oneplus"),Pair{String,tion/can
WARNING: deprecated syntax "[a=>b for (a,b) in c]".
Use "Dict(a=>b for (a,b) in c)" instead.
Any}("input_mcer.dt")utation_rate",nothing),,Pair{String,Pair{String,Any}("Any}("log","/tmpdir/wga_popuilson/dennis/5560lation",nothing88/cancer_82939.l),Pair{Stringog"),Pair{String,Any}(,Any}("input_star"fitnet",nothing),Pair{String,Any}(ss","clas"distance_msify"),ethod",nothing),Pair{Pair{String,AnyString,Any}("seed}("",ga_elitis8294882949)82952)82953),m_rate",nothing),82946),Pair{82947),Pair{String,Any}(),Pair{String,Any}(",Pair{String,Any}("82951),Pair{,Pair{String,Any}("gPair{String,Any}("ga_Pair{String,Any}(String,Any}("ga_muta"ga_mutation_ratga_mutation_rate",nothing),Pair{ga_mutation_rate",nothing),Pair{String,Any}("ga_mutaa_mutation_rate",nothing),Pair{String,mutation_rate",nothing),Pair{String,Any"crossover_mtion_rate",nothing),Pair{String,Any}(e",nothing),Pair{String,Any}("nodeString,Any}("node_size_deltString,Any}("node_size_delttion_rate",nothing),Pair{String,Any}(Any}("node_size_delta",nothing)}("node_size_delta",nothing))ethod",nothing),Pair{"node_size_delta",nothing))_size_delta",nothing))
a",nothing))
a",nothing))
"node_size_delta",nothing)))

String,Any}("

WARNING: deprecated syntax "[a=>b for (a,b) in c]".
Use "Dict(a=>b for (a,b) in c)" instead.

WARNING: deprecated syntax "[a=>b for (a,b) in c]".
Use "Dict(a=>b for (a,b) in c)" instead.

WARNING: deprecated syntax "[a=>b for (a,b) in c]".
Use "Dict(a=>b for (a,b) in c)" instead.

WARNING: deprecated syntax "[a=>b for (a,b) in c]".
Use "Dict(a=>b for (a,b) in c)" instead.


WARNING: deprecated syntax "[a=>b for (a,b) in c]".
Use "Dict(a=>b for (a,b) in c)" instead.

WARNING: deprecated syntax "[a=>b for (a,b) in c]".
Use "Dict(a=>b for (a,b) in c)" instead.

WARNING: deprecated syntax "[a=>b for (a,b) in c]".
Use "Dict(a=>b for (a,b) in c)" instead.
chromosome","CGPChromo"),Pair{String,Any}("ga_crossover_rate",nothing),Pair{String,Any}("lambda",nothing),Pair{String,Any}("recurrency",nothing),Pair{String,Any}("mutate_meth82950),Pair{od",nothing),String,Any}(Pair{String,Any"ga_mutati}("non_rate",nothing),Pair{ode_mutatString,Any}("nodeion_rate"_size_delta",nothing)),nothing),Pair{
String,Any}(
WARNING: deprecated syntax "[a=>b for (a,b) in c]".
Use "Dict(a=>b for (a,b) in c)" instead.
"modify_mutation_rate",nothing),Pair{String,Any}("output_mutation_rate",nothing),Pair{String,Any}("ea","oneplus"),Pair{String,Any}("input_mutation_rate",nothing),Pair{String,Any}("log","/tmpdir/wilson/dennis/556088/cancer_82944.log"),Pair{String,Any}("input_start",nothing),Pair{String,Any}("distance_method",nothing82945),),Pair{String,Pair{String,Any}(Any}("seed","ga_mutation_rate",nothing),Pair{String,Any}("node_size_delta",nothing))82939),
Pair{String,Any}(
WARNING: deprecated syntax "[a=>b for (a,b) in c]".
Use "Dict(a=>b for (a,b) in c)" instead.
"ga_mutation_rate",nothing),Pair{String,Any}("node_size_delta",nothing))

WARNING: deprecated syntax "[a=>b for (a,b) in c]".
Use "Dict(a=>b for (a,b) in c)" instead.
"weights",nothing),Pair{String,Any}("active_mutate",nothing),Pair{String,Any}("data","/tmpdir/wilson/data/classification/cancer.dt"),Pair{String,Any}("ga_population",nothing),Pair{String,Any}("fitness","classify"),Pair{String,Any}("ga_elitism_rate",nothing),Pair{String,Any}("crossover_method",nothing),Pair{String,Any}("chromosome","CGPChromo"),Pair{String,Any}("ga_crossover_rate",nothing),Pair{String,Any}("lambda",nothing),Pair{String,Any}("recurrency",nothing),Pair{String,Any}("mutate_method",nothing),Pair{String,Any}("node_mutation_rate",nothing),Pair{String,Any}("modify_mutation_rate",nothing),Pair{String,Any}("output_mutation82944_rate",nothing),Pair{),String,Any}("ePair{String,a","oneplus"),Any}(Pair{String,Any}("input_muta"ga_tion_rate",nothing),mutatiPair{String,Any}(on_rate""log","/tmpdi,nothing),Pairr/wilson/denni{String,Any}s/556088/cancer_("n82934.log"),Pair{ode_sizString,Any}("ine_delta"put_start",nothing),,nothing))
Pair{String,Any}("distance_method",nothing),
WARNING: deprecated syntax "[a=>b for (a,b) in c]".
Use "Dict(a=>b for (a,b) in c)" instead.
Pair{String,Any}("seed",82934),Pair{String,Any}("ga_mutation_rate",nothing),Pair{String,Any}("node_size_delta",nothing))

WARNING: deprecated syntax "[a=>b for (a,b) in c]".
Use "Dict(a=>b for (a,b) in c)" instead.
WARNING: Method definition warn(Any...) in module Base at util.jl:350 overwritten in module Logging at /users/p16043/wilson/.julia/v0.5/Logging/src/Logging.jl:115.
WARNING: Method definition info(Any...) in module Base at util.jl:320 overwritten in module Logging at /users/p16043/wilson/.julia/v0.5/Logging/src/Logging.jl:115.
Dict{String,Any}(Pair{String,Any}("weights",nothing),Pair{String,Any}("active_mutate",nothing),Pair{String,Any}("data","/tmpdir/wilson/data/classification/diabetes.dt"),Pair{String,Any}("ga_population",nothing),Pair{String,Any}("fitness","classify"),Pair{String,Any}("ga_elitism_rate",nothing),Pair{String,Any}("crossover_method",nothing),Pair{String,Any}("chromosome","CGPChromo"),Pair{String,Any}("ga_crossover_rate",nothing),Pair{String,Any}("lambda",nothing),Pair{String,Any}("recurrency",nothing),Pair{String,Any}("mutate_method",nothing),Pair{String,Any}("node_mutation_rate",nothing),Pair{String,Any}("modify_mutation_rate",nothing),Pair{String,Any}("output_mutation_rate",nothing),Pair{String,Any}("ea","oneplus"),Pair{String,Any}("input_mutation_rate",nothing),Pair{String,Any}("log","/tmpdir/wilson/dennis/556088/diabetes_82947.log"),Pair{String,Any}("input_start",nothing),Pair{String,Any}("distance_method",nothing),Pair{String,Any}("seed",82947),Pair{String,Any}("ga_mutation_rate",nothing),Pair{String,Any}("node_size_delta",nothing))

WARNING: deprecated syntax "[a=>b for (a,b) in c]".
Use "Dict(a=>b for (a,b) in c)" instead.
WARNING: Method definition warn(Any...) in module Base at util.jl:350 overwritten in module Logging at /users/p16043/wilson/.julia/v0.5/Logging/src/Logging.jl:115.
WARNING: Method definition info(Any...) in module Base at util.jl:320 overwritten in module Logging at /users/p16043/wilson/.julia/v0.5/Logging/src/Logging.jl:115.
Dict{String,Any}(Pair{String,Any}("weights",nothing),Pair{String,Any}("active_mutate",nothing),Pair{String,Any}("data","/tmpdir/wilson/data/classification/diabetes.dt"),Pair{String,Any}("ga_population",nothing),Pair{String,Any}("fitness","classify"),Pair{String,Any}("ga_elitism_rate",nothing),Pair{String,Any}("crossover_method",nothing),Pair{String,Any}("chromosome","CGPChromo"),Pair{String,Any}("ga_crossover_rate",nothing),Pair{String,Any}("lambda",nothing),Pair{String,Any}("recurrency",nothing),Pair{String,Any}("mutate_method",nothing),Pair{String,Any}("node_mutation_rate",nothing),Pair{String,Any}("modify_mutation_rate",nothing),Pair{String,Any}("output_mutation_rate",nothing),Pair{String,Any}("ea","oneplus"),Pair{String,Any}("input_mutation_rate",nothing),Pair{String,Any}("log","/tmpdir/wilson/dennis/556088/diabetes_82936.log"),Pair{String,Any}("input_start",nothing),Pair{String,Any}("distance_method",nothing),Pair{String,Any}("seed",82936),Pair{String,Any}("ga_mutation_rate",nothing),Pair{String,Any}("node_size_delta",nothing))

WARNING: deprecated syntax "[a=>b for (a,b) in c]".
Use "Dict(a=>b for (a,b) in c)" instead.
WARNING: Method definition warn(Any...) in module Base at util.jl:350 overwritten in module Logging at /users/p16043/wilson/.julia/v0.5/Logging/src/Logging.jl:115.
WARNING: Method definition info(Any...) in module Base at util.jl:320 overwritten in module Logging at /users/p16043/wilson/.julia/v0.5/Logging/src/Logging.jl:115.
WARNING: Method definition warn(Any...) in module Base at util.jl:350 overwritten in module Logging at /users/p16043/wilson/.julia/v0.5/Logging/src/Logging.jl:115.
WARNING: Method definition info(Any...) in module Base at util.jl:320 overwritten in module Logging at /users/p16043/wilson/.julia/v0.5/Logging/src/Logging.jl:115.
Dict{String,Any}(Pair{String,Any}("weights",nothing),Pair{String,Any}("active_mutate",nothing),Pair{String,Any}("data","/tmpdir/wilson/data/classification/diabetes.dt"),Pair{String,Any}("ga_population",nothing),Pair{String,Any}("fitness","classify"),Pair{String,Any}("ga_elitism_rate",nothing),Pair{String,Any}("crossover_method",nothing),Pair{String,Any}("chromosome","CGPChromo"),Pair{String,Any}("ga_crossover_rate",nothing),Pair{String,Any}("lambda",nothing),Pair{String,Any}("recurrency",nothing),Pair{String,Any}("mutate_method",nothing),Pair{String,Any}("node_mutation_rate",nothing),Pair{String,Any}("modify_mutation_rate",nothing),Pair{String,Any}("output_mutation_rate",nothing),Pair{String,Any}("ea","oneplus"),Pair{String,Any}("input_mutation_rate",nothing),Pair{String,Any}("log","/tmpdir/wilson/dennis/556088/diabetes_82951.log"),Pair{String,Any}("input_start",nothing),Pair{String,Any}("distance_method",nothing),Pair{String,Any}("seed",82951),Pair{String,Any}("ga_mutation_rate",nothing),Pair{String,Any}("node_size_delta",nothing))

WARNING: deprecated syntax "[a=>b for (a,b) in c]".
Use "Dict(a=>b for (a,b) in c)" instead.
Dict{String,Any}(Pair{String,Any}("weights",nothing),Pair{String,Any}("active_mutate",nothing),Pair{String,Any}("data","/tmpdir/wilson/data/classification/diabetes.dt"),Pair{String,Any}("ga_population",nothing),Pair{String,Any}("fitness","classify"),Pair{String,Any}("ga_elitism_rate",nothing),Pair{String,Any}("crossover_method",nothing),Pair{String,Any}("chromosome","CGPChromo"),Pair{String,Any}("ga_crossover_rate",nothing),Pair{String,Any}("lambda",nothing),Pair{String,Any}("recurrency",nothing),Pair{String,Any}("mutate_method",nothing),Pair{String,Any}("node_mutation_rate",nothing),Pair{String,Any}("modify_mutation_rate",nothing),Pair{String,Any}("output_mutation_rate",nothing),Pair{String,Any}("ea","oneplus"),Pair{String,Any}("input_mutation_rate",nothing),Pair{String,Any}("log","/tmpdir/wilson/dennis/556088/diabetes_82935.log"),Pair{String,Any}("input_start",nothing),Pair{String,Any}("distance_method",nothing),Pair{String,Any}("seed",82935),Pair{String,Any}("ga_mutation_rate",nothing),Pair{String,Any}("node_size_delta",nothing))

WARNING: deprecated syntax "[a=>b for (a,b) in c]".
Use "Dict(a=>b for (a,b) in c)" instead.
WARNING: Method definition warn(Any...) in module Base at util.jl:350 overwritten in module Logging at /users/p16043/wilson/.julia/v0.5/Logging/src/Logging.jl:115.
WARNING: Method definition info(Any...) in module Base at util.jl:320 overwritten in module Logging at /users/p16043/wilson/.julia/v0.5/Logging/src/Logging.jl:115.
Dict{String,Any}(Pair{String,Any}("weights",nothing),Pair{String,Any}("active_mutate",nothing),Pair{String,Any}("data","/tmpdir/wilson/data/classification/diabetes.dt"),Pair{String,Any}("ga_population",nothing),Pair{String,Any}("fitness","classify"),Pair{String,Any}("ga_elitism_rate",nothing),Pair{String,Any}("crossover_method",nothing),Pair{String,Any}("chromosome","CGPChromo"),Pair{String,Any}("ga_crossover_rate",nothing),Pair{String,Any}("lambda",nothing),Pair{String,Any}("recurrency",nothing),Pair{String,Any}("mutate_method",nothing),Pair{String,Any}("node_mutation_rate",nothing),Pair{String,Any}("modify_mutation_rate",nothing),Pair{String,Any}("output_mutation_rate",nothing),Pair{String,Any}("ea","oneplus"),Pair{String,Any}("input_mutation_rate",nothing),Pair{String,Any}("log","/tmpdir/wilson/dennis/556088/diabetes_82953.log"),Pair{String,Any}("input_start",nothing),Pair{String,Any}("distance_method",nothing),Pair{String,Any}("seed",82953),Pair{String,Any}("ga_mutation_rate",nothing),Pair{String,Any}("node_size_delta",nothing))

WARNING: deprecated syntax "[a=>b for (a,b) in c]".
Use "Dict(a=>b for (a,b) in c)" instead.
WARNING: Method definition warn(Any...) in module Base at util.jl:350 overwritten in module Logging at /users/p16043/wilson/.julia/v0.5/Logging/src/Logging.jl:115.
WARNING: Method definition info(Any...) in module Base at util.jl:320 overwritten in module Logging at /users/p16043/wilson/.julia/v0.5/Logging/src/Logging.jl:115.
WARNING: Method definition warn(Any...) in module Base at util.jl:350 overwritten in module Logging at /users/p16043/wilson/.julia/v0.5/Logging/src/Logging.jl:115.
WARNING: Method definition info(Any...) in module Base at util.jl:320 overwritten in module Logging at /users/p16043/wilson/.julia/v0.5/Logging/src/Logging.jl:115.
Dict{String,Any}(Pair{String,Any}("weights",nothing),Pair{String,Any}("active_mutate",nothing),Pair{String,Any}("data","/tmpdir/wilson/data/classification/diabetes.dt"),Pair{String,Any}("ga_population",nothing),Pair{String,Any}("fitness","classify"),Pair{String,Any}("ga_elitism_rate",nothing),Pair{String,Any}("crossover_method",nothing),Pair{String,Any}("chromosome","CGPChromo"),Pair{String,Any}("ga_crossover_rate",nothing),Pair{String,Any}("lambda",nothing),Pair{String,Any}("recurrency",nothing),Pair{String,Any}("mutate_method",nothing),Pair{String,Any}("node_mutation_rate",nothing),Pair{String,Any}("modify_mutation_rate",nothing),Pair{String,Any}("output_mutation_rate",nothing),Pair{String,Any}("ea","oneplus"),Pair{String,Any}("input_mutation_rate",nothing),Pair{String,Any}("log","/tmpdir/wilson/dennis/556088/diabetes_82938.log"),Pair{String,Any}("input_start",nothing),Pair{String,Any}("distance_method",nothing),Pair{String,Any}("seed",82938),Pair{String,Any}("ga_mutation_rate",nothing),Pair{String,Any}("node_size_delta",nothing))

WARNING: deprecated syntax "[a=>b for (a,b) in c]".
Use "Dict(a=>b for (a,b) in c)" instead.
Dict{String,Any}(Pair{String,Any}("weights",nothing),Pair{String,Any}("active_mutate",nothing),Pair{String,Any}("data","/tmpdir/wilson/data/classification/diabetes.dt"),Pair{String,Any}("ga_population",nothing),Pair{String,Any}("fitness","classify"),Pair{String,Any}("ga_elitism_rate",nothing),Pair{String,Any}("crossover_method",nothing),Pair{String,Any}("chromosome","CGPChromo"),Pair{String,Any}("ga_crossover_rate",nothing),Pair{String,Any}("lambda",nothing),Pair{String,Any}("recurrency",nothing),Pair{String,Any}("mutate_method",nothing),Pair{String,Any}("node_mutation_rate",nothing),Pair{String,Any}("modify_mutation_rate",nothing),Pair{String,Any}("output_mutation_rate",nothing),Pair{String,Any}("ea","oneplus"),Pair{String,Any}("input_mutation_rate",nothing),Pair{String,Any}("log","/tmpdir/wilson/dennis/556088/diabetes_82948.log"),Pair{String,Any}("input_start",nothing),Pair{String,Any}("distance_method",nothing),Pair{String,Any}("seed",82948),Pair{String,Any}("ga_mutation_rate",nothing),Pair{String,Any}("node_size_delta",nothing))

WARNING: deprecated syntax "[a=>b for (a,b) in c]".
Use "Dict(a=>b for (a,b) in c)" instead.
WARNING: Method definition warn(Any...) in module Base at util.jl:350 overwritten in module Logging at /users/p16043/wilson/.julia/v0.5/Logging/src/Logging.jl:115.
WARNING: Method definition info(Any...) in module Base at util.jl:320 overwritten in module Logging at /users/p16043/wilson/.julia/v0.5/Logging/src/Logging.jl:115.
Dict{String,Any}(Pair{String,Any}("weights",nothing),Pair{String,Any}("active_mutate",nothing),Pair{String,Any}("data","/tmpdir/wilson/data/classification/diabetes.dt"),Pair{String,Any}("ga_population",nothing),Pair{String,Any}("fitness","classify"),Pair{String,Any}("ga_elitism_rate",nothing),Pair{String,Any}("crossover_method",nothing),Pair{String,Any}("chromosome","CGPChromo"),Pair{String,Any}("ga_crossover_rate",nothing),Pair{String,Any}("lambda",nothing),Pair{String,Any}("recurrency",nothing),Pair{String,Any}("mutate_method",nothing),Pair{String,Any}("node_mutation_rate",nothing),Pair{String,Any}("modify_mutation_rate",nothing),Pair{String,Any}("output_mutation_rate",nothing),Pair{String,Any}("ea","oneplus"),Pair{String,Any}("input_mutation_rate",nothing),Pair{String,Any}("log","/tmpdir/wilson/dennis/556088/diabetes_82934.log"),Pair{String,Any}("input_start",nothing),Pair{String,Any}("distance_method",nothing),Pair{String,Any}("seed",82934),Pair{String,Any}("ga_mutation_rate",nothing),Pair{String,Any}("node_size_delta",nothing))

WARNING: deprecated syntax "[a=>b for (a,b) in c]".
Use "Dict(a=>b for (a,b) in c)" instead.
WARNING: Method definition warn(Any...) in module Base at util.jl:350 overwritten in module Logging at /users/p16043/wilson/.julia/v0.5/Logging/src/Logging.jl:115.
WARNING: Method definition info(Any...) in module Base at util.jl:320 overwritten in module Logging at /users/p16043/wilson/.julia/v0.5/Logging/src/Logging.jl:115.
Dict{String,Any}(Pair{String,Any}("weights",nothing),Pair{String,Any}("active_mutate",nothing),Pair{String,Any}("data","/tmpdir/wilson/data/classification/diabetes.dt"),Pair{String,Any}("ga_population",nothing),Pair{String,Any}("fitness","classify"),Pair{String,Any}("ga_elitism_rate",nothing),Pair{String,Any}("crossover_method",nothing),Pair{String,Any}("chromosome","CGPChromo"),Pair{String,Any}("ga_crossover_rate",nothing),Pair{String,Any}("lambda",nothing),Pair{String,Any}("recurrency",nothing),Pair{String,Any}("mutate_method",nothing),Pair{String,Any}("node_mutation_rate",nothing),Pair{String,Any}("modify_mutation_rate",nothing),Pair{String,Any}("output_mutation_rate",nothing),Pair{String,Any}("ea","oneplus"),Pair{String,Any}("input_mutation_rate",nothing),Pair{String,Any}("log","/tmpdir/wilson/dennis/556088/diabetes_82940.log"),Pair{String,Any}("input_start",nothing),Pair{String,Any}("distance_method",nothing),Pair{String,Any}("seed",82940),Pair{String,Any}("ga_mutation_rate",nothing),Pair{String,Any}("node_size_delta",nothing))

WARNING: deprecated syntax "[a=>b for (a,b) in c]".
Use "Dict(a=>b for (a,b) in c)" instead.
WARNING: Method definition warn(Any...) in module Base at util.jl:350 overwritten in module Logging at /users/p16043/wilson/.julia/v0.5/Logging/src/Logging.jl:115.
WARNING: Method definition info(Any...) in module Base at util.jl:320 overwritten in module Logging at /users/p16043/wilson/.julia/v0.5/Logging/src/Logging.jl:115.
Dict{String,Any}(Pair{String,Any}("weights",nothing),Pair{String,Any}("active_mutate",nothing),Pair{String,Any}("data","/tmpdir/wilson/data/classification/diabetes.dt"),Pair{String,Any}("ga_population",nothing),Pair{String,Any}("fitness","classify"),Pair{String,Any}("ga_elitism_rate",nothing),Pair{String,Any}("crossover_method",nothing),Pair{String,Any}("chromosome","CGPChromo"),Pair{String,Any}("ga_crossover_rate",nothing),Pair{String,Any}("lambda",nothing),Pair{String,Any}("recurrency",nothing),Pair{String,Any}("mutate_method",nothing),Pair{String,Any}("node_mutation_rate",nothing),Pair{String,Any}("modify_mutation_rate",nothing),Pair{String,Any}("output_mutation_rate",nothing),Pair{String,Any}("ea","oneplus"),Pair{String,Any}("input_mutation_rate",nothing),Pair{String,Any}("log","/tmpdir/wilson/dennis/556088/diabetes_82944.log"),Pair{String,Any}("input_start",nothing),Pair{String,Any}("distance_method",nothing),Pair{String,Any}("seed",82944),Pair{String,Any}("ga_mutation_rate",nothing),Pair{String,Any}("node_size_delta",nothing))

WARNING: deprecated syntax "[a=>b for (a,b) in c]".
Use "Dict(a=>b for (a,b) in c)" instead.
WARNING: Method definition warn(Any...) in module Base at util.jl:350 overwritten in module Logging at /users/p16043/wilson/.julia/v0.5/Logging/src/Logging.jl:115.
WARNING: Method definition info(Any...) in module Base at util.jl:320 overwritten in module Logging at /users/p16043/wilson/.julia/v0.5/Logging/src/Logging.jl:115.
WARNING: Method definition warn(Any...) in module Base at util.jl:350 overwritten in module Logging at /users/p16043/wilson/.julia/v0.5/Logging/src/Logging.jl:115.
WARNING: Method definition info(Any...) in module Base at util.jl:320 overwritten in module Logging at /users/p16043/wilson/.julia/v0.5/Logging/src/Logging.jl:115.
Dict{String,Any}(Pair{String,Any}("weights",nothing),Pair{String,Any}("active_mutate",nothing),Pair{String,Any}("data","/tmpdir/wilson/data/classification/diabetes.dt"),Pair{String,Any}("ga_population",nothing),Pair{String,Any}("fitness","classify"),Pair{String,Any}("ga_elitism_rate",nothing),Pair{String,Any}("crossover_method",nothing),Pair{String,Any}("chromosome","CGPChromo"),Pair{String,Any}("ga_crossover_rate",nothing),Pair{String,Any}("lambda",nothing),Pair{String,Any}("recurrency",nothing),Pair{String,Any}("mutate_method",nothing),Pair{String,Any}("node_mutation_rate",nothing),Pair{String,Any}("modify_mutation_rate",nothing),Pair{String,Any}("output_mutation_rate",nothing),Pair{String,Any}("ea","oneplus"),Pair{String,Any}("input_mutation_rate",nothing),Pair{String,Any}("log","/tmpdir/wilson/dennis/556088/diabetes_82950.log"),Pair{String,Any}("input_start",nothing),Pair{String,Any}("distance_method",nothing),Pair{String,Any}("seed",82950),Pair{String,Any}("ga_mutation_rate",nothing),Pair{String,Any}("node_size_delta",nothing))

WARNING: deprecated syntax "[a=>b for (a,b) in c]".
Use "Dict(a=>b for (a,b) in c)" instead.
Dict{String,Any}(Pair{String,Any}("weights",nothing),Pair{String,Any}("active_mutate",nothing),Pair{String,Any}("data","/tmpdir/wilson/data/classification/diabetes.dt"),Pair{String,Any}("ga_population",nothing),Pair{String,Any}("fitness","classify"),Pair{String,Any}("ga_elitism_rate",nothing),Pair{String,Any}("crossover_method",nothing),Pair{String,Any}("chromosome","CGPChromo"),Pair{String,Any}("ga_crossover_rate",nothing),Pair{String,Any}("lambda",nothing),Pair{String,Any}("recurrency",nothing),Pair{String,Any}("mutate_method",nothing),Pair{String,Any}("node_mutation_rate",nothing),Pair{String,Any}("modify_mutation_rate",nothing),Pair{String,Any}("output_mutation_rate",nothing),Pair{String,Any}("ea","oneplus"),Pair{String,Any}("input_mutation_rate",nothing),Pair{String,Any}("log","/tmpdir/wilson/dennis/556088/diabetes_82941.log"),Pair{String,Any}("input_start",nothing),Pair{String,Any}("distance_method",nothing),Pair{String,Any}("seed",82941),Pair{String,Any}("ga_mutation_rate",nothing),Pair{String,Any}("node_size_delta",nothing))

WARNING: deprecated syntax "[a=>b for (a,b) in c]".
Use "Dict(a=>b for (a,b) in c)" instead.
WARNING: Method definition warn(Any...) in module Base at util.jl:350 overwritten in module Logging at /users/p16043/wilson/.julia/v0.5/Logging/src/Logging.jl:115.
WARNING: Method definition info(Any...) in module Base at util.jl:320 overwritten in module Logging at /users/p16043/wilson/.julia/v0.5/Logging/src/Logging.jl:115.
Dict{String,Any}(Pair{String,Any}("weights",nothing),Pair{String,Any}("active_mutate",nothing),Pair{String,Any}("data","/tmpdir/wilson/data/classification/diabetes.dt"),Pair{String,Any}("ga_population",nothing),Pair{String,Any}("fitness","classify"),Pair{String,Any}("ga_elitism_rate",nothing),Pair{String,Any}("crossover_method",nothing),Pair{String,Any}("chromosome","CGPChromo"),Pair{String,Any}("ga_crossover_rate",nothing),Pair{String,Any}("lambda",nothing),Pair{String,Any}("recurrency",nothing),Pair{String,Any}("mutate_method",nothing),Pair{String,Any}("node_mutation_rate",nothing),Pair{String,Any}("modify_mutation_rate",nothing),Pair{String,Any}("output_mutation_rate",nothing),Pair{String,Any}("ea","oneplus"),Pair{String,Any}("input_mutation_rate",nothing),Pair{String,Any}("log","/tmpdir/wilson/dennis/556088/diabetes_82937.log"),Pair{String,Any}("input_start",nothing),Pair{String,Any}("distance_method",nothing),Pair{String,Any}("seed",82937),Pair{String,Any}("ga_mutation_rate",nothing),Pair{String,Any}("node_size_delta",nothing))

WARNING: deprecated syntax "[a=>b for (a,b) in c]".
Use "Dict(a=>b for (a,b) in c)" instead.
WARNING: Method definition warn(Any...) in module Base at util.jl:350 overwritten in module Logging at /users/p16043/wilson/.julia/v0.5/Logging/src/Logging.jl:115.
WARNING: Method definition info(Any...) in module Base at util.jl:320 overwritten in module Logging at /users/p16043/wilson/.julia/v0.5/Logging/src/Logging.jl:115.
Dict{String,Any}(Pair{String,Any}("weights",nothing),Pair{String,Any}("active_mutate",nothing),Pair{String,Any}("data","/tmpdir/wilson/data/classification/diabetes.dt"),Pair{String,Any}("ga_population",nothing),Pair{String,Any}("fitness","classify"),Pair{String,Any}("ga_elitism_rate",nothing),Pair{String,Any}("crossover_method",nothing),Pair{String,Any}("chromosome","CGPChromo"),Pair{String,Any}("ga_crossover_rate",nothing),Pair{String,Any}("lambda",nothing),Pair{String,Any}("recurrency",nothing),Pair{String,Any}("mutate_method",nothing),Pair{String,Any}("node_mutation_rate",nothing),Pair{String,Any}("modify_mutation_rate",nothing),Pair{String,Any}("output_mutation_rate",nothing),Pair{String,Any}("ea","oneplus"),Pair{String,Any}("input_mutation_rate",nothing),Pair{String,Any}("log","/tmpdir/wilson/dennis/556088/diabetes_82939.log"),Pair{String,Any}("input_start",nothing),Pair{String,Any}("distance_method",nothing),Pair{String,Any}("seed",82939),Pair{String,Any}("ga_mutation_rate",nothing),Pair{String,Any}("node_size_delta",nothing))

WARNING: deprecated syntax "[a=>b for (a,b) in c]".
Use "Dict(a=>b for (a,b) in c)" instead.
WARNING: Method definition warn(Any...) in module Base at util.jl:350 overwritten in module Logging at /users/p16043/wilson/.julia/v0.5/Logging/src/Logging.jl:115.
WARNING: Method definition info(Any...) in module Base at util.jl:320 overwritten in module Logging at /users/p16043/wilson/.julia/v0.5/Logging/src/Logging.jl:115.
Dict{String,Any}(Pair{String,Any}("weights",nothing),Pair{String,Any}("active_mutate",nothing),Pair{String,Any}("data","/tmpdir/wilson/data/classification/diabetes.dt"),Pair{String,Any}("ga_population",nothing),Pair{String,Any}("fitness","classify"),Pair{String,Any}("ga_elitism_rate",nothing),Pair{String,Any}("crossover_method",nothing),Pair{String,Any}("chromosome","CGPChromo"),Pair{String,Any}("ga_crossover_rate",nothing),Pair{String,Any}("lambda",nothing),Pair{String,Any}("recurrency",nothing),Pair{String,Any}("mutate_method",nothing),Pair{String,Any}("node_mutation_rate",nothing),Pair{String,Any}("modify_mutation_rate",nothing),Pair{String,Any}("output_mutation_rate",nothing),Pair{String,Any}("ea","oneplus"),Pair{String,Any}("input_mutation_rate",nothing),Pair{String,Any}("log","/tmpdir/wilson/dennis/556088/diabetes_82942.log"),Pair{String,Any}("input_start",nothing),Pair{String,Any}("distance_method",nothing),Pair{String,Any}("seed",82942),Pair{String,Any}("ga_mutation_rate",nothing),Pair{String,Any}("node_size_delta",nothing))

WARNING: deprecated syntax "[a=>b for (a,b) in c]".
Use "Dict(a=>b for (a,b) in c)" instead.
WARNING: Method definition warn(Any...) in module Base at util.jl:350 overwritten in module Logging at /users/p16043/wilson/.julia/v0.5/Logging/src/Logging.jl:115.
WARNING: Method definition info(Any...) in module Base at util.jl:320 overwritten in module Logging at /users/p16043/wilson/.julia/v0.5/Logging/src/Logging.jl:115.
Dict{String,Any}(Pair{String,Any}("weights",nothing),Pair{String,Any}("active_mutate",nothing),Pair{String,Any}("data","/tmpdir/wilson/data/classification/diabetes.dt"),Pair{String,Any}("ga_population",nothing),Pair{String,Any}("fitness","classify"),Pair{String,Any}("ga_elitism_rate",nothing),Pair{String,Any}("crossover_method",nothing),Pair{String,Any}("chromosome","CGPChromo"),Pair{String,Any}("ga_crossover_rate",nothing),Pair{String,Any}("lambda",nothing),Pair{String,Any}("recurrency",nothing),Pair{String,Any}("mutate_method",nothing),Pair{String,Any}("node_mutation_rate",nothing),Pair{String,Any}("modify_mutation_rate",nothing),Pair{String,Any}("output_mutation_rate",nothing),Pair{String,Any}("ea","oneplus"),Pair{String,Any}("input_mutation_rate",nothing),Pair{String,Any}("log","/tmpdir/wilson/dennis/556088/diabetes_82946.log"),Pair{String,Any}("input_start",nothing),Pair{String,Any}("distance_method",nothing),Pair{String,Any}("seed",82946),Pair{String,Any}("ga_mutation_rate",nothing),Pair{String,Any}("node_size_delta",nothing))

WARNING: deprecated syntax "[a=>b for (a,b) in c]".
Use "Dict(a=>b for (a,b) in c)" instead.
WARNING: Method definition warn(Any...) in module Base at util.jl:350 overwritten in module Logging at /users/p16043/wilson/.julia/v0.5/Logging/src/Logging.jl:115.
WARNING: Method definition info(Any...) in module Base at util.jl:320 overwritten in module Logging at /users/p16043/wilson/.julia/v0.5/Logging/src/Logging.jl:115.
Dict{String,Any}(Pair{String,Any}("weights",nothing),Pair{String,Any}("active_mutate",nothing),Pair{String,Any}("data","/tmpdir/wilson/data/classification/diabetes.dt"),Pair{String,Any}("ga_population",nothing),Pair{String,Any}("fitness","classify"),Pair{String,Any}("ga_elitism_rate",nothing),Pair{String,Any}("crossover_method",nothing),Pair{String,Any}("chromosome","CGPChromo"),Pair{String,Any}("ga_crossover_rate",nothing),Pair{String,Any}("lambda",nothing),Pair{String,Any}("recurrency",nothing),Pair{String,Any}("mutate_method",nothing),Pair{String,Any}("node_mutation_rate",nothing),Pair{String,Any}("modify_mutation_rate",nothing),Pair{String,Any}("output_mutation_rate",nothing),Pair{String,Any}("ea","oneplus"),Pair{String,Any}("input_mutation_rate",nothing),Pair{String,Any}("log","/tmpdir/wilson/dennis/556088/diabetes_82952.log"),Pair{String,Any}("input_start",nothing),Pair{String,Any}("distance_method",nothing),Pair{String,Any}("seed",82952),Pair{String,Any}("ga_mutation_rate",nothing),Pair{String,Any}("node_size_delta",nothing))

WARNING: deprecated syntax "[a=>b for (a,b) in c]".
Use "Dict(a=>b for (a,b) in c)" instead.
WARNING: Method definition warn(Any...) in module Base at util.jl:350 overwritten in module Logging at /users/p16043/wilson/.julia/v0.5/Logging/src/Logging.jl:115.
WARNING: Method definition info(Any...) in module Base at util.jl:320 overwritten in module Logging at /users/p16043/wilson/.julia/v0.5/Logging/src/Logging.jl:115.
WARNING: Method definition warn(Any...) in module Base at util.jl:350 overwritten in module Logging at /users/p16043/wilson/.julia/v0.5/Logging/src/Logging.jl:115.
WARNING: Method definition info(Any...) in module Base at util.jl:320 overwritten in module Logging at /users/p16043/wilson/.julia/v0.5/Logging/src/Logging.jl:115.
Dict{String,Any}(Pair{String,Any}("weights",nothing),Pair{String,Any}("active_mutate",nothing),Pair{String,Any}("data","/tmpdir/wilson/data/classification/diabetes.dt"),Pair{String,Any}("ga_population",nothing),Pair{String,Any}("fitness","classify"),Pair{String,Any}("ga_elitism_rate",nothing),Pair{String,Any}("crossover_method",nothing),Pair{String,Any}("chromosome","CGPChromo"),Pair{String,Any}("ga_crossover_rate",nothing),Pair{String,Any}("lambda",nothing),Pair{String,Any}("recurrency",nothing),Pair{String,Any}("mutate_method",nothing),Pair{String,Any}("node_mutation_rate",nothing),Pair{String,Any}("modify_mutation_rate",nothing),Pair{String,Any}("output_mutation_rate",nothing),Pair{String,Any}("ea","oneplus"),Pair{String,Any}("input_mutation_rate",nothing),Pair{String,Any}("log","/tmpdir/wilson/dennis/556088/diabetes_82943.log"),Pair{String,Any}("input_start",nothing),Pair{String,Any}("distance_method",nothing),Pair{String,Any}("seed",82943),Pair{String,Any}("ga_mutation_rate",nothing),Pair{String,Any}("node_size_delta",nothing))

WARNING: deprecated syntax "[a=>b for (a,b) in c]".
Use "Dict(a=>b for (a,b) in c)" instead.
WARNING: Method definition warn(Any...) in module Base at util.jl:350 overwritten in module Logging at /users/p16043/wilson/.julia/v0.5/Logging/src/Logging.jl:115.
WARNING: Method definition info(Any...) in module Base at util.jl:320 overwritten in module Logging at /users/p16043/wilson/.julia/v0.5/Logging/src/Logging.jl:115.
Dict{String,Any}(Pair{String,Any}("weights",nothing),Pair{String,Any}("active_mutate",nothing),Pair{String,Any}("data","/tmpdir/wilson/data/classification/diabetes.dt"),Pair{String,Any}("ga_population",nothing),Pair{String,Any}("fitness","classify"),Pair{String,Any}("ga_elitism_rate",nothing),Pair{String,Any}("crossover_method",nothing),Pair{String,Any}("chromosome","CGPChromo"),Pair{String,Any}("ga_crossover_rate",nothing),Pair{String,Any}("lambda",nothing),Pair{String,Any}("recurrency",nothing),Pair{String,Any}("mutate_method",nothing),Pair{String,Any}("node_mutation_rate",nothing),Pair{String,Any}("modify_mutation_rate",nothing),Pair{String,Any}("output_mutation_rate",nothing),Pair{String,Any}("ea","oneplus"),Pair{String,Any}("input_mutation_rate",nothing),Pair{String,Any}("log","/tmpdir/wilson/dennis/556088/diabetes_82949.log"),Pair{String,Any}("input_start",nothing),Pair{String,Any}("distance_method",nothing),Pair{String,Any}("seed",82949),Pair{String,Any}("ga_mutation_rate",nothing),Pair{String,Any}("node_size_delta",nothing))

WARNING: deprecated syntax "[a=>b for (a,b) in c]".
Use "Dict(a=>b for (a,b) in c)" instead.
Dict{String,Any}(Pair{String,Any}("weights",nothing),Pair{String,Any}("active_mutate",nothing),Pair{String,Any}("data","/tmpdir/wilson/data/classification/diabetes.dt"),Pair{String,Any}("ga_population",nothing),Pair{String,Any}("fitness","classify"),Pair{String,Any}("ga_elitism_rate",nothing),Pair{String,Any}("crossover_method",nothing),Pair{String,Any}("chromosome","CGPChromo"),Pair{String,Any}("ga_crossover_rate",nothing),Pair{String,Any}("lambda",nothing),Pair{String,Any}("recurrency",nothing),Pair{String,Any}("mutate_method",nothing),Pair{String,Any}("node_mutation_rate",nothing),Pair{String,Any}("modify_mutation_rate",nothing),Pair{String,Any}("output_mutation_rate",nothing),Pair{String,Any}("ea","oneplus"),Pair{String,Any}("input_mutation_rate",nothing),Pair{String,Any}("log","/tmpdir/wilson/dennis/556088/diabetes_82945.log"),Pair{String,Any}("input_start",nothing),Pair{String,Any}("distance_method",nothing),Pair{String,Any}("seed",82945),Pair{String,Any}("ga_mutation_rate",nothing),Pair{String,Any}("node_size_delta",nothing))

WARNING: deprecated syntax "[a=>b for (a,b) in c]".
Use "Dict(a=>b for (a,b) in c)" instead.
WARNING: Method definition warn(Any...) in module Base at util.jl:350 overwritten in module Logging at /users/p16043/wilson/.julia/v0.5/Logging/src/Logging.jl:115.
WARNING: Method definition info(Any...) in module Base at util.jl:320 overwritten in module Logging at /users/p16043/wilson/.julia/v0.5/Logging/src/Logging.jl:115.
Dict{String,Any}(Pair{String,Any}("weights",nothing),Pair{String,Any}("active_mutate",nothing),Pair{String,Any}("data","/tmpdir/wilson/data/classification/glass.dt"),Pair{String,Any}("ga_population",nothing),Pair{String,Any}("fitness","classify"),Pair{String,Any}("ga_elitism_rate",nothing),Pair{String,Any}("crossover_method",nothing),Pair{String,Any}("chromosome","CGPChromo"),Pair{String,Any}("ga_crossover_rate",nothing),Pair{String,Any}("lambda",nothing),Pair{String,Any}("recurrency",nothing),Pair{String,Any}("mutate_method",nothing),Pair{String,Any}("node_mutation_rate",nothing),Pair{String,Any}("modify_mutation_rate",nothing),Pair{String,Any}("output_mutation_rate",nothing),Pair{String,Any}("ea","oneplus"),Pair{String,Any}("input_mutation_rate",nothing),Pair{String,Any}("log","/tmpdir/wilson/dennis/556088/glass_82953.log"),Pair{String,Any}("input_start",nothing),Pair{String,Any}("distance_method",nothing),Pair{String,Any}("seed",82953),Pair{String,Any}("ga_mutation_rate",nothing),Pair{String,Any}("node_size_delta",nothing))

WARNING: deprecated syntax "[a=>b for (a,b) in c]".
Use "Dict(a=>b for (a,b) in c)" instead.
WARNING: Method definition warn(Any...) in module Base at util.jl:350 overwritten in module Logging at /users/p16043/wilson/.julia/v0.5/Logging/src/Logging.jl:115.
WARNING: Method definition info(Any...) in module Base at util.jl:320 overwritten in module Logging at /users/p16043/wilson/.julia/v0.5/Logging/src/Logging.jl:115.
Dict{String,Any}(Pair{String,Any}("weights",nothing),Pair{String,Any}("active_mutate",nothing),Pair{String,Any}("data","/tmpdir/wilson/data/classification/glass.dt"),Pair{String,Any}("ga_population",nothing),Pair{String,Any}("fitness","classify"),Pair{String,Any}("ga_elitism_rate",nothing),Pair{String,Any}("crossover_method",nothing),Pair{String,Any}("chromosome","CGPChromo"),Pair{String,Any}("ga_crossover_rate",nothing),Pair{String,Any}("lambda",nothing),Pair{String,Any}("recurrency",nothing),Pair{String,Any}("mutate_method",nothing),Pair{String,Any}("node_mutation_rate",nothing),Pair{String,Any}("modify_mutation_rate",nothing),Pair{String,Any}("output_mutation_rate",nothing),Pair{String,Any}("ea","oneplus"),Pair{String,Any}("input_mutation_rate",nothing),Pair{String,Any}("log","/tmpdir/wilson/dennis/556088/glass_82951.log"),Pair{String,Any}("input_start",nothing),Pair{String,Any}("distance_method",nothing),Pair{String,Any}("seed",82951),Pair{String,Any}("ga_mutation_rate",nothing),Pair{String,Any}("node_size_delta",nothing))

WARNING: deprecated syntax "[a=>b for (a,b) in c]".
Use "Dict(a=>b for (a,b) in c)" instead.
WARNING: Method definition warn(Any...) in module Base at util.jl:350 overwritten in module Logging at /users/p16043/wilson/.julia/v0.5/Logging/src/Logging.jl:115.
WARNING: Method definition info(Any...) in module Base at util.jl:320 overwritten in module Logging at /users/p16043/wilson/.julia/v0.5/Logging/src/Logging.jl:115.
Dict{String,Any}(Pair{String,Any}("weights",nothing),Pair{String,Any}("active_mutate",nothing),Pair{String,Any}("data","/tmpdir/wilson/data/classification/glass.dt"),Pair{String,Any}("ga_population",nothing),Pair{String,Any}("fitness","classify"),Pair{String,Any}("ga_elitism_rate",nothing),Pair{String,Any}("crossover_method",nothing),Pair{String,Any}("chromosome","CGPChromo"),Pair{String,Any}("ga_crossover_rate",nothing),Pair{String,Any}("lambda",nothing),Pair{String,Any}("recurrency",nothing),Pair{String,Any}("mutate_method",nothing),Pair{String,Any}("node_mutation_rate",nothing),Pair{String,Any}("modify_mutation_rate",nothing),Pair{String,Any}("output_mutation_rate",nothing),Pair{String,Any}("ea","oneplus"),Pair{String,Any}("input_mutation_rate",nothing),Pair{String,Any}("log","/tmpdir/wilson/dennis/556088/glass_82936.log"),Pair{String,Any}("input_start",nothing),Pair{String,Any}("distance_method",nothing),Pair{String,Any}("seed",82936),Pair{String,Any}("ga_mutation_rate",nothing),Pair{String,Any}("node_size_delta",nothing))

WARNING: deprecated syntax "[a=>b for (a,b) in c]".
Use "Dict(a=>b for (a,b) in c)" instead.
WARNING: Method definition warn(Any...) in module Base at util.jl:350 overwritten in module Logging at /users/p16043/wilson/.julia/v0.5/Logging/src/Logging.jl:115.
WARNING: Method definition info(Any...) in module Base at util.jl:320 overwritten in module Logging at /users/p16043/wilson/.julia/v0.5/Logging/src/Logging.jl:115.
Dict{String,Any}(Pair{String,Any}("weights",nothing),Pair{String,Any}("active_mutate",nothing),Pair{String,Any}("data","/tmpdir/wilson/data/classification/glass.dt"),Pair{String,Any}("ga_population",nothing),Pair{String,Any}("fitness","classify"),Pair{String,Any}("ga_elitism_rate",nothing),Pair{String,Any}("crossover_method",nothing),Pair{String,Any}("chromosome","CGPChromo"),Pair{String,Any}("ga_crossover_rate",nothing),Pair{String,Any}("lambda",nothing),Pair{String,Any}("recurrency",nothing),Pair{String,Any}("mutate_method",nothing),Pair{String,Any}("node_mutation_rate",nothing),Pair{String,Any}("modify_mutation_rate",nothing),Pair{String,Any}("output_mutation_rate",nothing),Pair{String,Any}("ea","oneplus"),Pair{String,Any}("input_mutation_rate",nothing),Pair{String,Any}("log","/tmpdir/wilson/dennis/556088/glass_82937.log"),Pair{String,Any}("input_start",nothing),Pair{String,Any}("distance_method",nothing),Pair{String,Any}("seed",82937),Pair{String,Any}("ga_mutation_rate",nothing),Pair{String,Any}("node_size_delta",nothing))

WARNING: deprecated syntax "[a=>b for (a,b) in c]".
Use "Dict(a=>b for (a,b) in c)" instead.
WARNING: Method definition warn(Any...) in module Base at util.jl:350 overwritten in module Logging at /users/p16043/wilson/.julia/v0.5/Logging/src/Logging.jl:115.
WARNING: Method definition info(Any...) in module Base at util.jl:320 overwritten in module Logging at /users/p16043/wilson/.julia/v0.5/Logging/src/Logging.jl:115.
Dict{String,Any}(Pair{String,Any}("weights",nothing),Pair{String,Any}("active_mutate",nothing),Pair{String,Any}("data","/tmpdir/wilson/data/classification/glass.dt"),Pair{String,Any}("ga_population",nothing),Pair{String,Any}("fitness","classify"),Pair{String,Any}("ga_elitism_rate",nothing),Pair{String,Any}("crossover_method",nothing),Pair{String,Any}("chromosome","CGPChromo"),Pair{String,Any}("ga_crossover_rate",nothing),Pair{String,Any}("lambda",nothing),Pair{String,Any}("recurrency",nothing),Pair{String,Any}("mutate_method",nothing),Pair{String,Any}("node_mutation_rate",nothing),Pair{String,Any}("modify_mutation_rate",nothing),Pair{String,Any}("output_mutation_rate",nothing),Pair{String,Any}("ea","oneplus"),Pair{String,Any}("input_mutation_rate",nothing),Pair{String,Any}("log","/tmpdir/wilson/dennis/556088/glass_82946.log"),Pair{String,Any}("input_start",nothing),Pair{String,Any}("distance_method",nothing),Pair{String,Any}("seed",82946),Pair{String,Any}("ga_mutation_rate",nothing),Pair{String,Any}("node_size_delta",nothing))

WARNING: deprecated syntax "[a=>b for (a,b) in c]".
Use "Dict(a=>b for (a,b) in c)" instead.
WARNING: Method definition warn(Any...) in module Base at util.jl:350 overwritten in module Logging at /users/p16043/wilson/.julia/v0.5/Logging/src/Logging.jl:115.
WARNING: Method definition info(Any...) in module Base at util.jl:320 overwritten in module Logging at /users/p16043/wilson/.julia/v0.5/Logging/src/Logging.jl:115.
Dict{String,Any}(Pair{String,Any}("weights",nothing),Pair{String,Any}("active_mutate",nothing),Pair{String,Any}("data","/tmpdir/wilson/data/classification/glass.dt"),Pair{String,Any}("ga_population",nothing),Pair{String,Any}("fitness","classify"),Pair{String,Any}("ga_elitism_rate",nothing),Pair{String,Any}("crossover_method",nothing),Pair{String,Any}("chromosome","CGPChromo"),Pair{String,Any}("ga_crossover_rate",nothing),Pair{String,Any}("lambda",nothing),Pair{String,Any}("recurrency",nothing),Pair{String,Any}("mutate_method",nothing),Pair{String,Any}("node_mutation_rate",nothing),Pair{String,Any}("modify_mutation_rate",nothing),Pair{String,Any}("output_mutation_rate",nothing),Pair{String,Any}("ea","oneplus"),Pair{String,Any}("input_mutation_rate",nothing),Pair{String,Any}("log","/tmpdir/wilson/dennis/556088/glass_82938.log"),Pair{String,Any}("input_start",nothing),Pair{String,Any}("distance_method",nothing),Pair{String,Any}("seed",82938),Pair{String,Any}("ga_mutation_rate",nothing),Pair{String,Any}("node_size_delta",nothing))

WARNING: deprecated syntax "[a=>b for (a,b) in c]".
Use "Dict(a=>b for (a,b) in c)" instead.
WARNING: Method definition warn(Any...) in module Base at util.jl:350 overwritten in module Logging at /users/p16043/wilson/.julia/v0.5/Logging/src/Logging.jl:115.
WARNING: Method definition info(Any...) in module Base at util.jl:320 overwritten in module Logging at /users/p16043/wilson/.julia/v0.5/Logging/src/Logging.jl:115.
WARNING: Method definition warn(Any...) in module Base at util.jl:350 overwritten in module Logging at /users/p16043/wilson/.julia/v0.5/Logging/src/Logging.jl:115.
WARNING: Method definition info(Any...) in module Base at util.jl:320 overwritten in module Logging at /users/p16043/wilson/.julia/v0.5/Logging/src/Logging.jl:115.
Dict{String,Any}(Pair{String,Any}("weights",nothing),Pair{String,Any}("active_mutate",nothing),Pair{String,Any}("data","/tmpdir/wilson/data/classification/glass.dt"),Pair{String,Any}("ga_population",nothing),Pair{String,Any}("fitness","classify"),Pair{String,Any}("ga_elitism_rate",nothing),Pair{String,Any}("crossover_method",nothing),Pair{String,Any}("chromosome","CGPChromo"),Pair{String,Any}("ga_crossover_rate",nothing),Pair{String,Any}("lambda",nothing),Pair{String,Any}("recurrency",nothing),Pair{String,Any}("mutate_method",nothing),Pair{String,Any}("node_mutation_rate",nothing),Pair{String,Any}("modify_mutation_rate",nothing),Pair{String,Any}("output_mutation_rate",nothing),Pair{String,Any}("ea","oneplus"),Pair{String,Any}("input_mutation_rate",nothing),Pair{String,Any}("log","/tmpdir/wilson/dennis/556088/glass_82947.log"),Pair{String,Any}("input_start",nothing),Pair{String,Any}("distance_method",nothing),Pair{String,Any}("seed",82947),Pair{String,Any}("ga_mutation_rate",nothing),Pair{String,Any}("node_size_delta",nothing))

WARNING: deprecated syntax "[a=>b for (a,b) in c]".
Use "Dict(a=>b for (a,b) in c)" instead.
Dict{String,Any}(Pair{String,Any}("weights",nothing),Pair{String,Any}("active_mutate",nothing),Pair{String,Any}("data","/tmpdir/wilson/data/classification/glass.dt"),Pair{String,Any}("ga_population",nothing),Pair{String,Any}("fitness","classify"),Pair{String,Any}("ga_elitism_rate",nothing),Pair{String,Any}("crossover_method",nothing),Pair{String,Any}("chromosome","CGPChromo"),Pair{String,Any}("ga_crossover_rate",nothing),Pair{String,Any}("lambda",nothing),Pair{String,Any}("recurrency",nothing),Pair{String,Any}("mutate_method",nothing),Pair{String,Any}("node_mutation_rate",nothing),Pair{String,Any}("modify_mutation_rate",nothing),Pair{String,Any}("output_mutation_rate",nothing),Pair{String,Any}("ea","oneplus"),Pair{String,Any}("input_mutation_rate",nothing),Pair{String,Any}("log","/tmpdir/wilson/dennis/556088/glass_82945.log"),Pair{String,Any}("input_start",nothing),Pair{String,Any}("distance_method",nothing),Pair{String,Any}("seed",82945),Pair{String,Any}("ga_mutation_rate",nothing),Pair{String,Any}("node_size_delta",nothing))

WARNING: deprecated syntax "[a=>b for (a,b) in c]".
Use "Dict(a=>b for (a,b) in c)" instead.
WARNING: Method definition warn(Any...) in module Base at util.jl:350 overwritten in module Logging at /users/p16043/wilson/.julia/v0.5/Logging/src/Logging.jl:115.
WARNING: Method definition info(Any...) in module Base at util.jl:320 overwritten in module Logging at /users/p16043/wilson/.julia/v0.5/Logging/src/Logging.jl:115.
Dict{String,Any}(Pair{String,Any}("weights",nothing),Pair{String,Any}("active_mutate",nothing),Pair{String,Any}("data","/tmpdir/wilson/data/classification/glass.dt"),Pair{String,Any}("ga_population",nothing),Pair{String,Any}("fitness","classify"),Pair{String,Any}("ga_elitism_rate",nothing),Pair{String,Any}("crossover_method",nothing),Pair{String,Any}("chromosome","CGPChromo"),Pair{String,Any}("ga_crossover_rate",nothing),Pair{String,Any}("lambda",nothing),Pair{String,Any}("recurrency",nothing),Pair{String,Any}("mutate_method",nothing),Pair{String,Any}("node_mutation_rate",nothing),Pair{String,Any}("modify_mutation_rate",nothing),Pair{String,Any}("output_mutation_rate",nothing),Pair{String,Any}("ea","oneplus"),Pair{String,Any}("input_mutation_rate",nothing),Pair{String,Any}("log","/tmpdir/wilson/dennis/556088/glass_82944.log"),Pair{String,Any}("input_start",nothing),Pair{String,Any}("distance_method",nothing),Pair{String,Any}("seed",82944),Pair{String,Any}("ga_mutation_rate",nothing),Pair{String,Any}("node_size_delta",nothing))

WARNING: deprecated syntax "[a=>b for (a,b) in c]".
Use "Dict(a=>b for (a,b) in c)" instead.
WARNING: Method definition warn(Any...) in module Base at util.jl:350 overwritten in module Logging at /users/p16043/wilson/.julia/v0.5/Logging/src/Logging.jl:115.
WARNING: Method definition info(Any...) in module Base at util.jl:320 overwritten in module Logging at /users/p16043/wilson/.julia/v0.5/Logging/src/Logging.jl:115.
Dict{String,Any}(Pair{String,Any}("weights",nothing),Pair{String,Any}("active_mutate",nothing),Pair{String,Any}("data","/tmpdir/wilson/data/classification/glass.dt"),Pair{String,Any}("ga_population",nothing),Pair{String,Any}("fitness","classify"),Pair{String,Any}("ga_elitism_rate",nothing),Pair{String,Any}("crossover_method",nothing),Pair{String,Any}("chromosome","CGPChromo"),Pair{String,Any}("ga_crossover_rate",nothing),Pair{String,Any}("lambda",nothing),Pair{String,Any}("recurrency",nothing),Pair{String,Any}("mutate_method",nothing),Pair{String,Any}("node_mutation_rate",nothing),Pair{String,Any}("modify_mutation_rate",nothing),Pair{String,Any}("output_mutation_rate",nothing),Pair{String,Any}("ea","oneplus"),Pair{String,Any}("input_mutation_rate",nothing),Pair{String,Any}("log","/tmpdir/wilson/dennis/556088/glass_82942.log"),Pair{String,Any}("input_start",nothing),Pair{String,Any}("distance_method",nothing),Pair{String,Any}("seed",82942),Pair{String,Any}("ga_mutation_rate",nothing),Pair{String,Any}("node_size_delta",nothing))

WARNING: deprecated syntax "[a=>b for (a,b) in c]".
Use "Dict(a=>b for (a,b) in c)" instead.
WARNING: Method definition warn(Any...) in module Base at util.jl:350 overwritten in module Logging at /users/p16043/wilson/.julia/v0.5/Logging/src/Logging.jl:115.
WARNING: Method definition info(Any...) in module Base at util.jl:320 overwritten in module Logging at /users/p16043/wilson/.julia/v0.5/Logging/src/Logging.jl:115.
Dict{String,Any}(Pair{String,Any}("weights",nothing),Pair{String,Any}("active_mutate",nothing),Pair{String,Any}("data","/tmpdir/wilson/data/classification/glass.dt"),Pair{String,Any}("ga_population",nothing),Pair{String,Any}("fitness","classify"),Pair{String,Any}("ga_elitism_rate",nothing),Pair{String,Any}("crossover_method",nothing),Pair{String,Any}("chromosome","CGPChromo"),Pair{String,Any}("ga_crossover_rate",nothing),Pair{String,Any}("lambda",nothing),Pair{String,Any}("recurrency",nothing),Pair{String,Any}("mutate_method",nothing),Pair{String,Any}("node_mutation_rate",nothing),Pair{String,Any}("modify_mutation_rate",nothing),Pair{String,Any}("output_mutation_rate",nothing),Pair{String,Any}("ea","oneplus"),Pair{String,Any}("input_mutation_rate",nothing),Pair{String,Any}("log","/tmpdir/wilson/dennis/556088/glass_82948.log"),Pair{String,Any}("input_start",nothing),Pair{String,Any}("distance_method",nothing),Pair{String,Any}("seed",82948),Pair{String,Any}("ga_mutation_rate",nothing),Pair{String,Any}("node_size_delta",nothing))

WARNING: deprecated syntax "[a=>b for (a,b) in c]".
Use "Dict(a=>b for (a,b) in c)" instead.
WARNING: Method definition warn(Any...) in module Base at util.jl:350 overwritten in module Logging at /users/p16043/wilson/.julia/v0.5/Logging/src/Logging.jl:115.
WARNING: Method definition info(Any...) in module Base at util.jl:320 overwritten in module Logging at /users/p16043/wilson/.julia/v0.5/Logging/src/Logging.jl:115.
Dict{String,Any}(Pair{String,Any}("weights",nothing),Pair{String,Any}("active_mutate",nothing),Pair{String,Any}("data","/tmpdir/wilson/data/classification/glass.dt"),Pair{String,Any}("ga_population",nothing),Pair{String,Any}("fitness","classify"),Pair{String,Any}("ga_elitism_rate",nothing),Pair{String,Any}("crossover_method",nothing),Pair{String,Any}("chromosome","CGPChromo"),Pair{String,Any}("ga_crossover_rate",nothing),Pair{String,Any}("lambda",nothing),Pair{String,Any}("recurrency",nothing),Pair{String,Any}("mutate_method",nothing),Pair{String,Any}("node_mutation_rate",nothing),Pair{String,Any}("modify_mutation_rate",nothing),Pair{String,Any}("output_mutation_rate",nothing),Pair{String,Any}("ea","oneplus"),Pair{String,Any}("input_mutation_rate",nothing),Pair{String,Any}("log","/tmpdir/wilson/dennis/556088/glass_82935.log"),Pair{String,Any}("input_start",nothing),Pair{String,Any}("distance_method",nothing),Pair{String,Any}("seed",82935),Pair{String,Any}("ga_mutation_rate",nothing),Pair{String,Any}("node_size_delta",nothing))

WARNING: deprecated syntax "[a=>b for (a,b) in c]".
Use "Dict(a=>b for (a,b) in c)" instead.
WARNING: Method definition warn(Any...) in module Base at util.jl:350 overwritten in module Logging at /users/p16043/wilson/.julia/v0.5/Logging/src/Logging.jl:115.
WARNING: Method definition info(Any...) in module Base at util.jl:320 overwritten in module Logging at /users/p16043/wilson/.julia/v0.5/Logging/src/Logging.jl:115.
Dict{String,Any}(Pair{String,Any}("weights",nothing),Pair{String,Any}("active_mutate",nothing),Pair{String,Any}("data","/tmpdir/wilson/data/classification/glass.dt"),Pair{String,Any}("ga_population",nothing),Pair{String,Any}("fitness","classify"),Pair{String,Any}("ga_elitism_rate",nothing),Pair{String,Any}("crossover_method",nothing),Pair{String,Any}("chromosome","CGPChromo"),Pair{String,Any}("ga_crossover_rate",nothing),Pair{String,Any}("lambda",nothing),Pair{String,Any}("recurrency",nothing),Pair{String,Any}("mutate_method",nothing),Pair{String,Any}("node_mutation_rate",nothing),Pair{String,Any}("modify_mutation_rate",nothing),Pair{String,Any}("output_mutation_rate",nothing),Pair{String,Any}("ea","oneplus"),Pair{String,Any}("input_mutation_rate",nothing),Pair{String,Any}("log","/tmpdir/wilson/dennis/556088/glass_82934.log"),Pair{String,Any}("input_start",nothing),Pair{String,Any}("distance_method",nothing),Pair{String,Any}("seed",82934),Pair{String,Any}("ga_mutation_rate",nothing),Pair{String,Any}("node_size_delta",nothing))

WARNING: deprecated syntax "[a=>b for (a,b) in c]".
Use "Dict(a=>b for (a,b) in c)" instead.
WARNING: Method definition warn(Any...) in module Base at util.jl:350 overwritten in module Logging at /users/p16043/wilson/.julia/v0.5/Logging/src/Logging.jl:115.
WARNING: Method definition info(Any...) in module Base at util.jl:320 overwritten in module Logging at /users/p16043/wilson/.julia/v0.5/Logging/src/Logging.jl:115.
Dict{String,Any}(Pair{String,Any}("weights",nothing),Pair{String,Any}("active_mutate",nothing),Pair{String,Any}("data","/tmpdir/wilson/data/classification/glass.dt"),Pair{String,Any}("ga_population",nothing),Pair{String,Any}("fitness","classify"),Pair{String,Any}("ga_elitism_rate",nothing),Pair{String,Any}("crossover_method",nothing),Pair{String,Any}("chromosome","CGPChromo"),Pair{String,Any}("ga_crossover_rate",nothing),Pair{String,Any}("lambda",nothing),Pair{String,Any}("recurrency",nothing),Pair{String,Any}("mutate_method",nothing),Pair{String,Any}("node_mutation_rate",nothing),Pair{String,Any}("modify_mutation_rate",nothing),Pair{String,Any}("output_mutation_rate",nothing),Pair{String,Any}("ea","oneplus"),Pair{String,Any}("input_mutation_rate",nothing),Pair{String,Any}("log","/tmpdir/wilson/dennis/556088/glass_82943.log"),Pair{String,Any}("input_start",nothing),Pair{String,Any}("distance_method",nothing),Pair{String,Any}("seed",82943),Pair{String,Any}("ga_mutation_rate",nothing),Pair{String,Any}("node_size_delta",nothing))

WARNING: deprecated syntax "[a=>b for (a,b) in c]".
Use "Dict(a=>b for (a,b) in c)" instead.
WARNING: Method definition warn(Any...) in module Base at util.jl:350 overwritten in module Logging at /users/p16043/wilson/.julia/v0.5/Logging/src/Logging.jl:115.
WARNING: Method definition info(Any...) in module Base at util.jl:320 overwritten in module Logging at /users/p16043/wilson/.julia/v0.5/Logging/src/Logging.jl:115.
Dict{String,Any}(Pair{String,Any}("weights",nothing),Pair{String,Any}("active_mutate",nothing),Pair{String,Any}("data","/tmpdir/wilson/data/classification/glass.dt"),Pair{String,Any}("ga_population",nothing),Pair{String,Any}("fitness","classify"),Pair{String,Any}("ga_elitism_rate",nothing),Pair{String,Any}("crossover_method",nothing),Pair{String,Any}("chromosome","CGPChromo"),Pair{String,Any}("ga_crossover_rate",nothing),Pair{String,Any}("lambda",nothing),Pair{String,Any}("recurrency",nothing),Pair{String,Any}("mutate_method",nothing),Pair{String,Any}("node_mutation_rate",nothing),Pair{String,Any}("modify_mutation_rate",nothing),Pair{String,Any}("output_mutation_rate",nothing),Pair{String,Any}("ea","oneplus"),Pair{String,Any}("input_mutation_rate",nothing),Pair{String,Any}("log","/tmpdir/wilson/dennis/556088/glass_82952.log"),Pair{String,Any}("input_start",nothing),Pair{String,Any}("distance_method",nothing),Pair{String,Any}("seed",82952),Pair{String,Any}("ga_mutation_rate",nothing),Pair{String,Any}("node_size_delta",nothing))

WARNING: deprecated syntax "[a=>b for (a,b) in c]".
Use "Dict(a=>b for (a,b) in c)" instead.
WARNING: Method definition warn(Any...) in module Base at util.jl:350 overwritten in module Logging at /users/p16043/wilson/.julia/v0.5/Logging/src/Logging.jl:115.
WARNING: Method definition info(Any...) in module Base at util.jl:320 overwritten in module Logging at /users/p16043/wilson/.julia/v0.5/Logging/src/Logging.jl:115.
Dict{String,Any}(Pair{String,Any}("weights",nothing),Pair{String,Any}("active_mutate",nothing),Pair{String,Any}("data","/tmpdir/wilson/data/classification/glass.dt"),Pair{String,Any}("ga_population",nothing),Pair{String,Any}("fitness","classify"),Pair{String,Any}("ga_elitism_rate",nothing),Pair{String,Any}("crossover_method",nothing),Pair{String,Any}("chromosome","CGPChromo"),Pair{String,Any}("ga_crossover_rate",nothing),Pair{String,Any}("lambda",nothing),Pair{String,Any}("recurrency",nothing),Pair{String,Any}("mutate_method",nothing),Pair{String,Any}("node_mutation_rate",nothing),Pair{String,Any}("modify_mutation_rate",nothing),Pair{String,Any}("output_mutation_rate",nothing),Pair{String,Any}("ea","oneplus"),Pair{String,Any}("input_mutation_rate",nothing),Pair{String,Any}("log","/tmpdir/wilson/dennis/556088/glass_82949.log"),Pair{String,Any}("input_start",nothing),Pair{String,Any}("distance_method",nothing),Pair{String,Any}("seed",82949),Pair{String,Any}("ga_mutation_rate",nothing),Pair{String,Any}("node_size_delta",nothing))

WARNING: deprecated syntax "[a=>b for (a,b) in c]".
Use "Dict(a=>b for (a,b) in c)" instead.
WARNING: Method definition warn(Any...) in module Base at util.jl:350 overwritten in module Logging at /users/p16043/wilson/.julia/v0.5/Logging/src/Logging.jl:115.
WARNING: Method definition info(Any...) in module Base at util.jl:320 overwritten in module Logging at /users/p16043/wilson/.julia/v0.5/Logging/src/Logging.jl:115.
Dict{String,Any}(Pair{String,Any}("weights",nothing),Pair{String,Any}("active_mutate",nothing),Pair{String,Any}("data","/tmpdir/wilson/data/classification/glass.dt"),Pair{String,Any}("ga_population",nothing),Pair{String,Any}("fitness","classify"),Pair{String,Any}("ga_elitism_rate",nothing),Pair{String,Any}("crossover_method",nothing),Pair{String,Any}("chromosome","CGPChromo"),Pair{String,Any}("ga_crossover_rate",nothing),Pair{String,Any}("lambda",nothing),Pair{String,Any}("recurrency",nothing),Pair{String,Any}("mutate_method",nothing),Pair{String,Any}("node_mutation_rate",nothing),Pair{String,Any}("modify_mutation_rate",nothing),Pair{String,Any}("output_mutation_rate",nothing),Pair{String,Any}("ea","oneplus"),Pair{String,Any}("input_mutation_rate",nothing),Pair{String,Any}("log","/tmpdir/wilson/dennis/556088/glass_82950.log"),Pair{String,Any}("input_start",nothing),Pair{String,Any}("distance_method",nothing),Pair{String,Any}("seed",82950),Pair{String,Any}("ga_mutation_rate",nothing),Pair{String,Any}("node_size_delta",nothing))

WARNING: deprecated syntax "[a=>b for (a,b) in c]".
Use "Dict(a=>b for (a,b) in c)" instead.
WARNING: Method definition warn(Any...) in module Base at util.jl:350 overwritten in module Logging at /users/p16043/wilson/.julia/v0.5/Logging/src/Logging.jl:115.
WARNING: Method definition info(Any...) in module Base at util.jl:320 overwritten in module Logging at /users/p16043/wilson/.julia/v0.5/Logging/src/Logging.jl:115.
Dict{String,Any}(Pair{String,Any}("weights",nothing),Pair{String,Any}("active_mutate",nothing),Pair{String,Any}("data","/tmpdir/wilson/data/classification/glass.dt"),Pair{String,Any}("ga_population",nothing),Pair{String,Any}("fitness","classify"),Pair{String,Any}("ga_elitism_rate",nothing),Pair{String,Any}("crossover_method",nothing),Pair{String,Any}("chromosome","CGPChromo"),Pair{String,Any}("ga_crossover_rate",nothing),Pair{String,Any}("lambda",nothing),Pair{String,Any}("recurrency",nothing),Pair{String,Any}("mutate_method",nothing),Pair{String,Any}("node_mutation_rate",nothing),Pair{String,Any}("modify_mutation_rate",nothing),Pair{String,Any}("output_mutation_rate",nothing),Pair{String,Any}("ea","oneplus"),Pair{String,Any}("input_mutation_rate",nothing),Pair{String,Any}("log","/tmpdir/wilson/dennis/556088/glass_82940.log"),Pair{String,Any}("input_start",nothing),Pair{String,Any}("distance_method",nothing),Pair{String,Any}("seed",82940),Pair{String,Any}("ga_mutation_rate",nothing),Pair{String,Any}("node_size_delta",nothing))

WARNING: deprecated syntax "[a=>b for (a,b) in c]".
Use "Dict(a=>b for (a,b) in c)" instead.
WARNING: Method definition warn(Any...) in module Base at util.jl:350 overwritten in module Logging at /users/p16043/wilson/.julia/v0.5/Logging/src/Logging.jl:115.
WARNING: Method definition info(Any...) in module Base at util.jl:320 overwritten in module Logging at /users/p16043/wilson/.julia/v0.5/Logging/src/Logging.jl:115.
Dict{String,Any}(Pair{String,Any}("weights",nothing),Pair{String,Any}("active_mutate",nothing),Pair{String,Any}("data","/tmpdir/wilson/data/classification/glass.dt"),Pair{String,Any}("ga_population",nothing),Pair{String,Any}("fitness","classify"),Pair{String,Any}("ga_elitism_rate",nothing),Pair{String,Any}("crossover_method",nothing),Pair{String,Any}("chromosome","CGPChromo"),Pair{String,Any}("ga_crossover_rate",nothing),Pair{String,Any}("lambda",nothing),Pair{String,Any}("recurrency",nothing),Pair{String,Any}("mutate_method",nothing),Pair{String,Any}("node_mutation_rate",nothing),Pair{String,Any}("modify_mutation_rate",nothing),Pair{String,Any}("output_mutation_rate",nothing),Pair{String,Any}("ea","oneplus"),Pair{String,Any}("input_mutation_rate",nothing),Pair{String,Any}("log","/tmpdir/wilson/dennis/556088/glass_82939.log"),Pair{String,Any}("input_start",nothing),Pair{String,Any}("distance_method",nothing),Pair{String,Any}("seed",82939),Pair{String,Any}("ga_mutation_rate",nothing),Pair{String,Any}("node_size_delta",nothing))

WARNING: deprecated syntax "[a=>b for (a,b) in c]".
Use "Dict(a=>b for (a,b) in c)" instead.
WARNING: Method definition warn(Any...) in module Base at util.jl:350 overwritten in module Logging at /users/p16043/wilson/.julia/v0.5/Logging/src/Logging.jl:115.
WARNING: Method definition info(Any...) in module Base at util.jl:320 overwritten in module Logging at /users/p16043/wilson/.julia/v0.5/Logging/src/Logging.jl:115.
Dict{String,Any}(Pair{String,Any}("weights",nothing),Pair{String,Any}("active_mutate",nothing),Pair{String,Any}("data","/tmpdir/wilson/data/classification/glass.dt"),Pair{String,Any}("ga_population",nothing),Pair{String,Any}("fitness","classify"),Pair{String,Any}("ga_elitism_rate",nothing),Pair{String,Any}("crossover_method",nothing),Pair{String,Any}("chromosome","CGPChromo"),Pair{String,Any}("ga_crossover_rate",nothing),Pair{String,Any}("lambda",nothing),Pair{String,Any}("recurrency",nothing),Pair{String,Any}("mutate_method",nothing),Pair{String,Any}("node_mutation_rate",nothing),Pair{String,Any}("modify_mutation_rate",nothing),Pair{String,Any}("output_mutation_rate",nothing),Pair{String,Any}("ea","oneplus"),Pair{String,Any}("input_mutation_rate",nothing),Pair{String,Any}("log","/tmpdir/wilson/dennis/556088/glass_82941.log"),Pair{String,Any}("input_start",nothing),Pair{String,Any}("distance_method",nothing),Pair{String,Any}("seed",82941),Pair{String,Any}("ga_mutation_rate",nothing),Pair{String,Any}("node_size_delta",nothing))

WARNING: deprecated syntax "[a=>b for (a,b) in c]".
Use "Dict(a=>b for (a,b) in c)" instead.
