WARNING: Method definition warn(Any...) in module Base at util.jl:350 overwritten in module Logging at /users/p16043/wilson/.julia/v0.5/Logging/src/Logging.jl:115.
WARNING: Method definition warn(Any...) in module Base at util.jl:350 overwritten in module Logging at /users/p16043/wilson/.julia/v0.5/Logging/src/Logging.jl:115.
WARNING: Method definition warn(Any...) in module Base at util.jl:350 overwritten in module Logging at /users/p16043/wilson/.julia/v0.5/Logging/src/Logging.jl:115.
WARNING: Method definition warn(Any...) in module Base at util.jl:350 overwritten in module Logging at /users/p16043/wilson/.julia/v0.5/Logging/src/Logging.jl:115.
WARNING: Method definition warn(Any...) in module Base at util.jl:350 overwritten in module Logging at /users/p16043/wilson/.julia/v0.5/Logging/src/Logging.jl:115.
WARNING: Method definition warn(Any...) in module Base at util.jl:350 overwritten in module Logging at /users/p16043/wilson/.julia/v0.5/Logging/src/Logging.jl:115.
WARNING: Method definition warn(Any...) in module Base at util.jl:350 overwritten in module Logging at /users/p16043/wilson/.julia/v0.5/Logging/src/Logging.jl:115.
WARNING: Method definition warn(Any...) in module Base at util.jl:350 overwritten in module Logging at /users/p16043/wilson/.julia/v0.5/Logging/src/Logging.jl:115.
WARNING: Method definition warn(Any...) in module Base at util.jl:350 overwritten in module Logging at /users/p16043/wilson/.julia/v0.5/Logging/src/Logging.jl:115.
WARNING: Method definition warn(Any...) in module Base at util.jl:350 overwritten in module Logging at /users/p16043/wilson/.julia/v0.5/Logging/src/Logging.jl:115.
WARNING: Method definition warn(Any...) in module Base at util.jl:350 overwritten in module Logging at /users/p16043/wilson/.julia/v0.5/Logging/src/Logging.jl:115.
WARNING: Method definition warn(Any...) in module Base at util.jl:350 overwritten in module Logging at /users/p16043/wilson/.julia/v0.5/Logging/src/Logging.jl:115.
WARNING: Method definition warn(AnyWARNING: Method definition warn(Any...) in module Base at util.jl:350 overwritten in module Logging at /users/p16043/wilson/.julia/v0.5/Logging/src/Logging.jl:115WARNING: Method definition warn(Any...) in module Base at util.jl:350 overwritten in module Logging at /users/p16043/wilson/.julia/v0.5/Logging/src/Logging.jl:115.
...) in module Base at util.jl:350 overwritten in module Logging at /users/p16043/wilson/.julia/v0.5/Logging/src/Logging.jl:115.
.
WARNING: Method definition warn(Any...)WARNING: Method definition warn(Any...) in module Base at util.jl:350 overwritten in module Logging at /users/p16043/wilson/.julia/v0.5/Logging/src/Logging.jl:115.
 in module Base at util.jl:350 overwritten in module Logging at /users/p16043/wilson/.julia/v0.5/Logging/src/Logging.jl:115.
WARNING: Method definition warn(Any...) in module Base at util.jl:350 overwritten in module Logging at /users/p16043/wilson/.julia/v0.5/Logging/src/Logging.jl:115.
WARNING: Method definition warn(Any...) in module Base at util.jl:350 overwritten in module Logging at /users/p16043/wilson/.julia/v0.5/Logging/src/Logging.jl:115.
WARNING: Method definition warn(Any...) in module Base at util.jl:350 overwritten in module Logging at /users/p16043/wilson/.julia/v0.5/Logging/src/Logging.jl:115.
WARNING: Method definition info(Any...) in module Base at util.jl:320 overwrittenWARNING: Method definition info(Any...) in module Base in module Logging at /users/p16043/wilson/.julia/v0.5/Logging/src/Logging.jl:115.
 at util.jl:320 overwritten in module Logging at /users/p16043/wilson/.julia/v0.5/Logging/src/Logging.jl:115.
WARNING: Method definition info(Any...) in module Base at util.jl:320 overwritten in module Logging at /users/p16043/wilson/.julia/v0.5/Logging/src/Logging.jl:115.
WARNING: Method definition info(Any...) in module Base at util.jl:320 overwritten in module Logging at /users/p16043/wilson/.julia/v0.5/Logging/src/Logging.jl:115.
WARNING: Method definition info(Any...) in module Base at util.jl:320 overwritten in module Logging at /users/p16043/wilson/.julia/v0.5/Logging/src/Logging.jl:115WARNING: Method definition info(Any...) in module Base at util.jl:320 overwritten in module Logging at /users/p16043/wilson/.julia/v0.5/Logging/src/Logging.jl:115.
.
WARNING: Method definition info(Any...) in module Base at util.jl:320 overwritten in module Logging at /users/p16043/wilson/.julia/v0.5/Logging/src/Logging.jl:115.
WARNING: Method definition info(Any...) in module Base at util.jl:320 overwritten in module Logging at /users/p16043/wilson/.julia/v0.5/Logging/src/Logging.jl:115.
WARNING: Method definition info(Any...)WARNING: Method definition info(Any...) in module Base at util.jl:320 overwritten in module Logging at /users/p16043/wilson/.julia/v0.5/Logging/src/Logging.jl:115.
WARNING: Method definition info(Any...) in module Base at util.jl:320 overwritten in module Logging in module Base at util.jl:320 overwritten in module Logging at /users/p16043/wilson/.julia/v0.5/Logging/src/Logging.jl:115.
WARNING: Method definition info(Any...) in module Base at util.jl:320 overwritten in module Logging at /users/p16043/wilson/.julia/v0.5/Logging/src/Logging.jl:115.
 at /users/p16043/wilson/.julia/v0.5/Logging/src/Logging.jl:115.
WARNING: Method definition info(Any...) in module Base at util.jl:320 overwritten in module Logging at /users/p16043/wilson/.julia/v0.5/Logging/src/Logging.jl:115.
WARNING: Method definition info(Any...) in module Base at util.jl:320 overwritten in module Logging at /users/p16043/wilson/.julia/v0.5/Logging/src/Logging.jl:115.
WARNING: Method definition info(Any...) in module Base at util.jl:320 overwritten in module Logging at /users/p16043/wilson/.julia/v0.5/Logging/src/Logging.jl:115.
WARNING: Method definition info(Any...) in module BaseWARNING: Method definition info(Any...) in module Base at util.jl:320 overwritten in module Logging at /users/p16043/wilson/.julia/v0.5/Logging/src/Logging.jl:115.
WARNING: Method definition info(Any...) in module Base at util.jl:320 overwritten in module Logging at /users/p16043/wilson/.julia/v0.5/Logging/src/Logging.jl:115.
 at util.jl:320 overwritten in module Logging at /users/p16043/wilson/.julia/v0.5/Logging/src/Logging.jl:115.
WARNING: Method definition info(Any...) in module Base at util.jl:320 overwritten in module Logging at /users/p16043/wilson/.julia/v0.5/Logging/src/Logging.jl:115.
WARNING: Method definition info(Any...) in module Base at util.jl:320 overwritten in module Logging at /users/p16043/wilson/.julia/v0.5/Logging/src/Logging.jl:115.
Dict{Dict{Dict{Dict{Dict{Dict{Dict{Dict{Dict{Dict{Dict{Dict{Dict{Dict{Dict{Dict{Dict{Dict{Dict{Dict{StringString,String,,Any}(Any}(String,Any}Any}(String,(StringStringString,Any}(String,Any,Any}(,Any}(Any}(}(String,Any}(String,Any}(StringString,,Any}(Any}(String,Any}(String,Any}(String,Any}(String,Any}(String,Any}(String,String,Any}Any}((PairPairPair{{String,Any{String,Any}(Pair{String,Any}(}(String,Any}(PairPair{Pair{Pair{StringPair{String,{String,Any}(String,Any}(String,Any}(,Any}(Any}(Pair{String,Any}(Pair{String,Any}(Pair{String,Any}(Pair{String,Any}(Pair{String,Any}(Pair{String,Any}(Pair{String,Any}(Pair{String,Any}(Pair{String,Any}(""weights"weights","weights",weights",","""weights",weights",weights","weights","weights","weights",""weiweights"weghts",",ights",nothing)nothing),Pair,Pair{String,Any}({String,Any}(nothing),Pair{String,Any}(nothing),Pair{String,Any}("active_m"active_mutate""active_mut"active_mutate"utate",nothing),Pair{String,Any},nothing),Pair{String,Any}(ate",nothing),Pair{String,Any},nothing),Pair{String,Any}(("data","/tmpdi"data","/tmpdir/wils("data","/tmpd"data","/tmpdir/r/wilson/data/regresson/data/regression/abair/wilson/data/regresswilson/data/regressionothing),nothing),Pair{nothing),Pair{ion/abalone.dt"),Pair{String,Any}(lone.dt"),Pair{String,Any}("gion/abalone.dt"),Pair{String,Any}n/abalone.dt"),Pair{String,Any}(Pair{String,Any}("String,Any}("actString,Any}("activ"ga_population",nothing),Pair{a_population",nothing),Pair{String,Any}("ga_population",nothing),"ga_population",nothing),Pairactive_mutate",nothing),Pair{String,"weights",ive_mutate",nothing),Pair{String,Any}(e_mutate",nothing),Pair{String,Any}(String,Any}("fitness","regre("fitness","regression"),Pair{String,Any}("fitness","reg{String,Any}("fitness","regrAny}("data","/tmpdir/wil"data","/tmpdir/wilson"data","/tmpdir/wilson/datssion"),Pair{String,Any}("gaPair{String,Any}("ga_elitism_ression"),Pair{String,Any}("gession"),Pair{String,Any}("gson/data/regression/abalonenothing),Pair{String,Any}(/data/regression/abalone.dt"),a/regression/abalone.dt"),Pair{_elitism_rate",nothing),Pair{String,Any}(rate",nothing),Pair{String,Any}("crossa_elitism_rate",nothing),Pair{String,Any}(a_elitism_rate",nothing),Pair{String,Any}(.dt"),Pair{String,Any}("ga_pop"active_mutate",nothingPair{String,Any}("ga_populatiString,Any}("ga_population",nothing)"crossover_method",nothing),Pair{over_method",nothing),Pair{String,Any}("crossover_method",nothing),"crossover_method",nothing),ulation",nothing),Pair{String,Any}("),Pair{String,Any}("data","/ton",nothing),Pair{String,Any}("fitne,Pair{String,Any}("fitness","renothing),Pair{StringString,Any}("chromosome","CGPChro"chromosome","CGPChromo"),Pair{nothing),Pair{String,Pair{String,Any}("chromosome","CGPChrPair{String,Any}("chromosome","CGPCfitness","regression"),Pair{String,Any}(mpdir/wilson/data/regression/abaloness","regression"),Pair{String,Any}("gression"),Pair{String,Any}("ga_elit"weights",,Any}("active_mutate",nothingmo"),Pair{String,Any}("ga_crossover_ratString,Any}("ga_crossover_rate",nothing),PairAny}("active_mutate"omo"),Pair{String,Any}("ga_crossover_rhromo"),Pair{String,Any}("ga_crossove"ga_elitism_rate",nothing),Pair{String,Any}.dt"),Pair{String,Any}("ga_population",nothing)ga_elitism_rate",nothing),Pair{String,Any}("crosism_rate",nothing),Pair{String,Any}("crossover_m),Pair{String,Any}("data","/tmpdir/wie",nothing),Pair{String,Any}("lambda",nothing),Pair{String,Any}("lambda",nothing),Pair{String,Any}(,nothing),Pair{String,Any}("data",ate",nothing),Pair{String,Any}("lambda",nothing),Pairr_rate",nothing),Pair{String,Any}("lambda",nothing)("crossover_method",nothing),Pair{String,,Pair{String,Any}("fitness","regrsover_method",nothing),Pair{String,Any}("ethod",nothing),Pair{String,Any}("chromlson/data/regression/abalone.dt"){String,Any}("recurrency",nothing),Pair{"recurrency",nothing),Pair{String,Any}("/tmpdir/wilson/data/regrnothing),Pair{String,Any}({String,Any}("recurrency",nothing),Pair{String,Pair{String,Any}("recurrency",nothing),Any}("chromosome","CGPChromo"),nothing),Pair{String,Any}(ession"),Pair{String,Any}("ga_elitism_rachromosome","CGPChromo"),Pair{String,Any}(osome","CGPChromo"),Pair{String,Any}("ga,Pair{String,Any}("ga_population",nothing),String,Any}("mutate_method",nothing),Pair{String,Any"mutate_method",nothing),Pair{String,Any}("nodeession/abalone.dt"),Pair{String,Any}("active_mutate",nothing),Pair{String,Any}(,Any}("mutate_method",nothing),Pair{String,Any}Pair{String,Any}("mutate_method",nothing),Pair{Pair{String,Any}("ga_crossover_rate",nothing),"active_mutate",nothing),Pair{String,te",nothing),Pair{String,Any}("crossover_method"ga_crossover_rate",nothing),Pair{String,Any}(_crossover_rate",nothing),Pair{String,Any}("lamPair{String,Any}("fitness","regression"),}("node_mutation_rate",nothing),Pair{String,Any_mutation_rate",nothing),Pair{String,Any}("modi"ga_population",nothing),Pair{String,"data","/tmpdir/wilson/data/regression/("node_mutation_rate",nothing),Pair{String,AnyString,Any}("node_mutation_rate",nothing),PairPair{String,Any}("lambda",nothing),Pair{String,Any}(Any}("data","/tmpdir/wilson/data/regr",nothing),Pair{String,Any}("chromosome","CGPCh"lambda",nothing),Pair{String,Any}("recurrencybda",nothing),Pair{String,Any}("recurrency",nothing),Pair{String,Any}("ga_elitism_rate",nothing),Pair{}("modify_mutation_rate",nothing),Pair{String,fy_mutation_rate",nothing),Pair{String,Any}("outAny}("fitness","regression"abalone.dt"),Pair{String,Any}("ga_popula}("modify_mutation_rate",nothing),Pair{String{String,Any}("modify_mutation_rate",nothing)"recurrency",nothing),Pair{String,Any}("mutaession/abalone.dt"),Pair{String,Any}("g"weights",romo"),Pair{String,Any}("ga_crossover_rate",nothing),Pair{String,Any}("mutate_method",nothing),Pair{Pair{String,Any}("mutate_method",nothing),Pair{String,AnyString,Any}("crossover_method",nothing),Pair{String,AnyAny}("output_mutation_rate",nothing),Pair{String,put_mutation_rate",nothing),Pair{String,Any}("ea"),Pair{String,Any}("ga_elitism_ration",nothing),Pair{String,Any}("fitness","reg,Any}("output_mutation_rate",nothing),Pair{,Pair{String,Any}("output_mutation_rate"te_method",nothing),Pair{String,Any}("node_mua_population",nothing),Pair{String,Any}("fit",nothing),Pair{String,Any}("lambda",nothing),PairString,Any}("node_mutation_rate",nothing}("node_mutation_rate",nothing),Pair}("chromosome","CGPChromo"),Any}("ea","oneplus"),Pair{String,Anynothing),Pair{String,Any}(,"oneplus"),Pair{String,Any}("input_te",nothing),Pair{String,Any}("cression"),Pair{String,Any}("ga_elitiString,Any}("ea","oneplus"),Pair{String,nothing),Pair{String,Any}("ea","oneplutation_rate",nothing),Pair{String,Any}("ness","regression"),Pair{String,Any}({String,Any}("recurrency",nothing),Pair{),Pair{String,Any}("modify_mutatio{String,Any}("modify_mutation_raPair{String,Any}("ga_crossover_rate"}("input_mutation_rate",nothing),"active_mutation_rate",nothing),Pair{String,Any}(rossover_method",nothing),Pair{String,sm_rate",nothing),Pair{String,Any}("cros,Any}("input_mutation_rate",nothings"),Pair{String,Any}("input_mutatimodify_mutation_rate",nothing),Pair{String,Any}"ga_elitism_rate",nothing),Pair{String,Any}(String,Any}("mutate_method",nothing),Pairn_rate",nothing),Pair{String,Any}("outpute",nothing),Pair{String,Any}("output_mutati,nothing),Pair{String,Any}("lambda",nothing),PairPair{String,Any}("log","/tmpdir/wilsmutate",nothing),Pair{"log","/tmpdir/wilson/dennis/555914/Any}("chromosome","CGPsover_method",nothing),Pair{String,Any}("c),Pair{String,Any}("log","/tmpdir/won_rate",nothing),Pair{String,Any}("log","/("output_mutation_rate",nothing),"crossover_method",nothing),Pair{String,Any}{String,Any}("node_mutation_rate",nothing),t_mutation_rate",nothing),Pair{String,Any}("ea",on_rate",nothing),Pair{String,Any}("ea","one{String,Any}("recurrency",nothing),Pair{String,on/dennis/555914/abalone_50398.log"),"weights",String,Any}("data","abalone_50402.log"),Pair{String,Any}("iChromo"),Pair{String,Any}("ga_crhromosome","CGPChromo"),Pair{String,Any}("ilson/dennis/555914/abalone_50405.log"),tmpdir/wilson/dennis/555914/abalone_50Pair{String,Any}("ea","oneplus"),Pair{String,("chromosome","CGPChromo"),Pair{Pair{String,Any}("modify_mutation_rate"oneplus"),Pair{String,Any}("input_plus"),Pair{String,Any}("input_mutaAny}("mutate_method",nothing),Pair{String,Pair{String,Any}("input_start",nothing),Pair{/tmpdir/wilson/nput_start",nothing),Pair{String,Any}("disossover_rate",nothing),Pair{String,Any}ga_crossover_rate",nothing),Pair{String,Any}Pair{String,Any}("input_start",nothing),406.log"),Pair{String,Any}("input_sAny}("input_mutation_rate",nothing),String,Any}("ga_crossover_rate",nothing)",nothing),Pair{String,Any}("output_mutatmutation_rate",nothing),Pair{String,Any}("tion_rate",nothing),Pair{String,Any}("log","Any}("node_mutation_rate",nothing),String,Any}("distance_method",nothing),data/regressiontance_method",nothing),Pair{String,Any}("se("lambda",nothing),Pair{String,("lambda",nothing),Pair{String,Any}(Pair{String,Any}("distance_method",nothing)tart",nothing),Pair{String,Any}("distancPair{String,Any}("log","/tmpdir/wi,Pair{String,Any}("lambda",nothing),Pair{ion_rate",nothing),Pair{String,Any}("ea"log","/tmpdir/wilson/dennis/555914//tmpdir/wilson/dennis/555914/abalPair{String,Any}("modify_mutation_raPair{String,Any}("seed",/abalone.dt"),ed",Any}("recurrency",nothing),"recurrency",nothing),Pair{String,Any}(",Pair{String,Any}("seed",e_method",nothing),Pair{String,Any}("slson/dennis/555914/abalone_50388.String,Any}("recurrency",nothing),Pair{String,,"oneplus"),Pair{String,Any}("input_mabalone_50393.log"),Pair{String,Any}(one_50394.log"),Pair{String,Any}("inte",nothing),Pair{String,Any}("output_muPair{String,Any}("gPair{String,Any}("mutatemutate_method",nothing),Pair{String,Any}(eed",log"),Pair{String,Any}("input_sAny}("mutate_method",nothing),Pairnothing),utation_rate",nothing),Pair{String,Any}("input_start",nothing),Pair{String,Any}(put_start",nothing),Pair{String,Any}("ditation_rate",nothing),Pair{String,Any}("a_population",_method",nothing),Pair{String,Any}("node_mutation_rate",nothing),Pair{tart",nothing),Pair{String,Any}("dis{String,Any}("node_mutation_Pair{String,Any}("act"log","/tmpdir/wilson/dennis"distance_method",nothing),Pair{Stringstance_method",nothing),Pair{String,Any}(ea","oneplus"),Pair{String,Any}(nothing),Pair{String,Any}("node_mutation_ratString,Any}("modify_mutation_rtance_method",nothing),Pair{String,Any}(rate",nothing),Pair{String,Any}("modiive_mutate",nothing),Pair{String,Any}(/555914/abalone_50392.log"),,Any}("seed","seed","input_mutation_rate",nothing),Pair"fitness",e",nothing),Pair{String,Any}("ate",nothing),Pair{String,Any}("outp"seed",fy_mutation_rate",nothing),Pair{String,Any}"data","/tmpdir/wilson/dPair{String,Any}("input_start",nothing{String,Any}("log","/tmpdir"regression"modify_mutation_rut_mutation_rate",nothing),Pair{("output_mutation_ata/regression/abalone.dt),Pair{String,Any}("dista/wilson/dennis/555914/a),Pair{String,Anyate",nothing),Pair{String,AnyString,Any}("ea","oneplusrate",nothing),Pair{String,Any}("),Pair{String,Any}("gance_method",nothing),Pair{String,Any}balone_50397.log"),Pair{String}("ga_e}("output_m"),Pair{String,Any}("input"ea","oneplus"),Pair{String,_population",nothing),Pair{String,("seed",nothing),Pair,Any}("input_start",nothing),Pairlitism_rate",nothingutation_rate",nothing),Pair{_mutation_rate",nothing),Pair{Any}("input_mutation_raAny}("fitness","regressi{String,Any}("{String,Any}("distanc),Pair{String,AnyString,Any}("ea","String,Any}("log","/tmte",nothing),Pair{String,Any}("on"),Pair{String,Any}("gaactive_mutate",nothing),Pair{e_method",nothing),Pair{String,Any}(}("crosoneplus"),Pair{String,pdir/wilson/dennis/555914log","/tmpdir/wilson/den_elitism_rate",nothing),Pair{String,String,Any}("data","/"seed",sover_methoAny}("input_m/abalone_50404.log"),Pair{nis/555914/abalone_50389Any}("crossover_methtmpdir/wilson/data/regred",nothing),Pair{utation_rate",nothing),String,Any}("input_sta.log"),Pair{String,Any}(od",nothing),Pair{String,Any}(ssion/abalone.dt"),String,Any}("Pair{String,Any}(rt",nothing),Pair{String,Any}("input_start",nothing),Pair{"chromosome","CGPChromoPair{String,Any}("ga_popuchromosome"log","/tmpd"distance_method",nothing),String,Any}("distance_m"),Pair{String,Any}("galation",nothing),Pair{String,Any}","CGPChroir/wilson/dennisPair{String,Any}("seed"ethod",nothing),Pair{String,Any}(_crossover_rate",nothing),("fitness","regremo"),Pair{String,/555914/abalon,"seed",nothingPair{String,Any}("lambda",nothingssion"),Pair{String,Any}(Any}("ge_50403.log"),Pair{),Pair{String,Any}(),Pair{String,Any}("re"ga_elitism_rate"a_crossoverString,Any}(""activcurrency",nothing),Pair{String,,nothing),Pair{String,Any}("_rate",nothing),input_start",nothinge_mutate",nothing),Pair{StringAny}("mutate_methcrossover_method",Pair{String,Any),Pair{String,Any}(,Any}("data","/od",nothing),Pair{String,Any}(nothing),Pair{String,Any}("ch}("lam"distancetmpdir/wilson/data/re"node_mutation_rate"romosome","CGPChromobda",nothing),Pair_method",nothing),Pairgression/abalone.d,nothing),Pair{String,Any}("),Pair{String,Any}("{String,Any}({String,Any}("t"),Pair{String,Any}("ga"modify_mutation_rate",ga_crossover_rate",nothing),Pair{String,"recurreseed",_population",nothing),Pair{Stringnothing),Pair{String,Any}("ounothing),Pair{String,Any}("lAny}("actncy",nothing),Pair,Any}("fitness",tput_mutation_rate",ambda",nothing),Pair{String,Anyive_mutate",nothing),Pair{String{String,Any}("regression"),Pair{Stringnothing),Pair{String,Any}("e}("recurrency",,Any}("data","/"mutate,Any}("ga_elitisa","oneplus"),Pair{String,nothing),Pair{String,Any}("tmpdir/wilson/data/r_method",m_rate",nothing),Pair{String,AnyAny}("input_mutatmutate_method",nothing),Pair{egression/abalone.dt"nothing),Pair{String,}("crossover_meion_rate",nothing),Pair{String,AnyString,Any}("node_mu),Pair{String,Any}("gaAny}("nodthod",nothing),Pair{String,Any}(}("log","/tmpdir/wtation_rate",nothing),Pair{"weights",_population",nothing),Pair{String,Any}e_mutation_"chromosome","CGPChromilson/dennis/555914/abalString,Any}("modify_mutati("fitness","regrate",nothing),o"),Pair{String,Any}("one_50391.log"),Pair{on_rate",nothing),Pair{String,ression"),Pair{String,Any}Pair{String,Any}ga_crossover_rate",nothing),String,Any}("input_starAny}("output_mu("ga_elitism_ra("modiPair{String,Any}("lamt",nothing),Pair{String,Any}(tation_rate",nothing),Pair{te",nothing),Pair{String,Any}(fy_mutatiobda",nothing),Pair{String,Any}("distance_method",nothingString,Any}("ea","on"crossover_method"n_rate",nothing)"recurrency",nothing),),Pair{String,Any}("seeplus"),Pair{String,Any}(,nothing),Pair{String,Any}(",Pair{String,AnyPair{String,Any}("mutaed","input_mutationchromosome","CGPChr}("outte_method",nothing),Pair{_rate",nothing),Pair{String,omo"),Pair{String,Any}(put_mutatiString,Any}("node_mutAny}("log","/tmpd"ga_crossover_raon_rate"ation_rate",nothing),Pair{ir/wilson/dennis/5te",nothing),Pair{String,Any}(,nothing),Pair{String,Any}("modi55914/abalone_50"lambda",nothing),PairString,Any}(fy_mutation_rate",nothing)395.log"),Pair{String,Any{String,Any}("recur"ea","on,Pair{String,Any}("o}("input_starrency",nothing),Pair{String,eplus"),utput_mutation_ratet",nothing),Pair{String,Any}(Any}("mutate_mePair{String,Any",nothing),Pair{String,Any}("distance_methodthod",nothing),Pair{String,Any}}("in"ea","oneplus"),Pair",nothing),Pair{String,Any}(("node_mutationput_mutati{String,Any}("in"seed",_rate",nothing),Pair{String,Anyon_rate",put_mutation_rate",}("modify_mnothing),Pair{nothing),Pair{String,Any}(utation_rate",nothing),String,Any}("log","/tmpdirPair{String,Any}(""log",/wilson/dennis/555output_mutation_r"/tmpdir914/abalone_503ate",nothing),Pair{String,/wilson/90.log"),Pair{String,AnyAny}("ea","ondennis/5}("input_seplus"),Pair{String,55914/abtart",nothing),Pair{String,Any}("input_mualone_5Any}("distancetation_rate",nothing),0401.log"_method",nothing),50398)Pair{String,Any}("),Pair{String,50402),Pair{String,Any}("seed",,Pair{String,Any}(log","/tmpdir/wilson/deAny}("iPair{String,Any}("50405),Pair{String,Any}("ga_mutation_rate",nothingnnis/555914/abalone_504nput_startga_mutation_rate",nothing)"ga_mutatio50406),Pair{String,Any}(),Pair{String,Any}("n00.log"),Pair{String,Any}(",nothing),Pair{String,Pair{String,Any}("node_n_rate",nothing),Pair{String,Any}("ga_mutation_rate"ode_size_delta",nothing))
"input_start",nothing),Pair,Any}("dsize_delta",nothing))
"node_size_delta",nothing),Pair{String,Any}(
WARNING: deprecated syntax "[a=>b for (a,b) in c]".
Use "Dict(a=>b for (a,b) in c)" instead.
{String,Any}("distance_mistance_met
WARNING: deprecated syntax "[a=>b for (a,b) in c]".
Use "Dict(a=>b for (a,b) in c)" instead.
,nothing))
"node_size_delta",nothing))
ethod",nothing),Pair{String,Any}(hod",nothing),Pair
WARNING: deprecated syntax "[a=>b for (a,b) in c]".
Use "Dict(a=>b for (a,b) in c)" instead.
50388)50393),Pair{String,Any50394),Pair{String,Any}("seed",{String,Any}(
WARNING: deprecated syntax "[a=>b for (a,b) in c]".
Use "Dict(a=>b for (a,b) in c)" instead.
,Pair{String,Any}(}("ga_mutat"ga_mutatio"seed","ga_mutatioion_rate",nothing),Pair{n_rate",nothing),Pair{Stringnothing),Pair{Stringn_rate",nothing),Pair{StringString,Any}("node,Any}("node_s,Any}(,Any}("node_s50392),_size_delta",nothing))
ize_delta",nothing))
"active_mutate",nothing)ize_delta",nothing))
Pair{String,Any}(,Pair{String,Any}("ga_mutatio
WARNING: deprecated syntax "[a=>b for (a,b) in c]".
Use "Dict(a=>b for (a,b) in c)" instead.

WARNING: deprecated syntax "[a=>b for (a,b) in c]".
Use "Dict(a=>b for (a,b) in c)" instead.
"data","/tmpdir
WARNING: deprecated syntax "[a=>b for (a,b) in c]".
Use "Dict(a=>b for (a,b) in c)" instead.
n_rate",nothing),Pair{String/wilson/data/regr,Any}("nodession/abalone_size_delta"e.dt"),Pair{String,50397),,nothing))
Any}("ga_poPair{String,Any}(
WARNING: deprecated syntax "[a=>b for (a,b) in c]".
Use "Dict(a=>b for (a,b) in c)" instead.
pulation",nothing),Pair"ga_mutatio{String,Any}("fn_rate",nothing),itness","regresPair{String,Any}(sion"),Pair{String,"node_size_delAny}("ga_elita",nothing))
50404),Pair{tism_rate",nothing),
WARNING: deprecated syntax "[a=>b for (a,b) in c]".
Use "Dict(a=>b for (a,b) in c)" instead.
String,Any}("50389),Pair{StringPair{String,Any}("croga_mutation_ra,Any}(ssover_method"te",nothing),Pair{String,Any"ga_mutation_ra,nothing),Pair{String,Any}(}("node_site",nothing),Pair{String"chromosome"ze_delta",nothing))
,Any}("node,"CGPChromo"),Pair{_size_delta",String,Any}("
WARNING: deprecated syntax "[a=>b for (a,b) in c]".
Use "Dict(a=>b for (a,b) in c)" instead.
nothing))
ga_crossover_rate
WARNING: deprecated syntax "[a=>b for (a,b) in c]".
Use "Dict(a=>b for (a,b) in c)" instead.
",nothing),Pair{String,AnyPair{Pair{}("lambda",nothing)String,Any}(String,Any}(,Pair{String,Any}("recurrency",nothing),Pair{String,Any}("mutate_method",nothing),Pair{String,Any}("node_mutation_rate",nothing),Pair{String,Any}("modify_mutation_rate",nothing),Pair{String,Any}("output_mutation_rate",nothing),Pair{String,Any}("ea","oneplus"),Pair{String,Any}("input_mutation_rate",nothing),Pair{String,Any}("log","/tmpdi50391),r/wilson/denniPair{String,Any}(s/555914/abalone_"ga_50396.log"),Pairmutation_rate"{String,Any}(",nothing),Pair{String,Any}(input_start",nothing),"node_sizPair{String,Any}(e_delta",nothing))"distance_me
thod",nothing),Pair{
WARNING: deprecated syntax "[a=>b for (a,b) in c]".
Use "Dict(a=>b for (a,b) in c)" instead.
String,Any}("seed",50403),Pair50395),{String,AnyPair{String,Any}(}("g"ga_mutationa_mutati_rate",nothing),Pairon_rate"{String,Any}(",nothing),Pair{node_size_deString,Any}(lta",nothing))
"node
WARNING: deprecated syntax "[a=>b for (a,b) in c]".
Use "Dict(a=>b for (a,b) in c)" instead.
_size_delta",nothing))

WARNING: deprecated syntax "[a=>b for (a,b) in c]".
Use "Dict(a=>b for (a,b) in c)" instead.
50390),Pair{String,Any}("ga_mutation_rate",nothing),Pair{String,Any}("node_size_delta",nothing))

WARNING: deprecated syntax "[a=>b for (a,b) in c]".
Use "Dict(a=>b for (a,b) in c)" instead.
50400),Pair{String,Any}("ga_mutation_rate",nothing),Pair{String,Any}("node_size_delta",nothing))

WARNING: deprecated syntax "[a=>b for (a,b) in c]".
Use "Dict(a=>b for (a,b) in c)" instead.
50401),Pair{String,Any}("ga_mutation_r50396ate",nothing)),Pair{,Pair{StringString,Any}(,Any}("ga_muta"node_tion_rate",nothing),size_delPair{String,Any}(ta",nothing)"node_size_)
delta",nothing))

WARNING: deprecated syntax "[a=>b for (a,b) in c]".
Use "Dict(a=>b for (a,b) in c)" instead.

WARNING: deprecated syntax "[a=>b for (a,b) in c]".
Use "Dict(a=>b for (a,b) in c)" instead.
""weightsweights"",,nothingnothing),),Pair{String,Pair{String,Any}(Any}(""active_mutactive_mutatate",nothing),Pair{e",nothing),Pair{StringString,Any}(",Any}("ddata","/tmpata","/tmpdidir/wilson/dar/wilson/data/ta/regressionregression/ab/abalone.dt")alone.dt"),Pair,Pair{String,Any}({String,Any}("ga_popu"ga_populatilation",nothing),Pairon",nothing),Pair{String{String,Any}(,Any}("fi"fitness","rtness","regregression"),ession"),Pair{Pair{String,Any}(String,Any}(""ga_elitiga_elitism_rasm_rate",nothing),te",nothing),Pair{StringPair{String,Any}(,Any}(""crossovercrossover_me_method",nothing),thod",nothing),Pair{Pair{String,Any}(String,Any}("chromos"chromosomome","CGPChe","CGPChromo"romo"),Pair{),Pair{String,Any}String,Any}("("ga_cga_crossoverossover_rar_rate",nothing),te",nothing),Pair{Pair{String,Any}(String,Any}(""lambda",lambda",nothing),nothing),Pair{String,AnyPair{String,Any}(}("rec"recururrency",nothing),rency",nothing),PairPair{String,Any}({String,Any}("mutate"mutate_m_method",nothing)ethod",nothing),,Pair{String,Any}(Pair{String,Any}("node_"node_mumutation_rattation_ratee",nothing),Pair{",nothing),Pair{StringString,Any}(,Any}(""modify_mumodify_muttation_rateation_rate"",nothing),Pair{String,,nothing),Pair{String,Any}("oAny}("ouutput_mutattput_mutation_rate",nothing)ion_rate",nothing),Pair{String,Any},Pair{String,Any}("ea",("ea","oneplus"),"oneplus"),Pair{String,Any}(Pair{String,Any}("input_"input_mutation_ramutation_rate",nothing),Pairte",nothing),Pair{{String,Any}(String,Any}("log","/t"log","/tmmpdir/wilspdir/wilsoon/dennis/55n/dennis/555914/abalon5914/abalonee_50399.log"_50407.log")),Pair{String,Any},Pair{String,Any}("inpu("input_start",nothing)t_start",nothing),,Pair{String,Any}(Pair{String,Any}"dista("distance_method"nce_method",nothing),Pair{String,nothing),Pair{String,Any}(",Any}("seed",seed",5039950407)),Pair{String,,Pair{String,AnyAny}("}("ga_mutationga_mutation__rate",nothing),Pairrate",nothing),Pair{{String,Any}(String,Any}("node_size"node_size_delta",nothing))_delta",nothing))


WARNING: deprecated syntax "[a=>b for (a,b) in c]".
Use "Dict(a=>b for (a,b) in c)" instead.

WARNING: deprecated syntax "[a=>b for (a,b) in c]".
Use "Dict(a=>b for (a,b) in c)" instead.
WARNING: Method definition warn(Any...) in module Base at util.jl:350 overwritten in module Logging at /users/p16043/wilson/.julia/v0.5/Logging/src/Logging.jl:115.
WARNING: Method definition info(Any...) in module Base at util.jl:320 overwritten in module Logging at /users/p16043/wilson/.julia/v0.5/Logging/src/Logging.jl:115.
Dict{String,Any}(Pair{String,Any}("weights",nothing),Pair{String,Any}("active_mutate",nothing),Pair{String,Any}("data","/tmpdir/wilson/data/regression/fires.dt"),Pair{String,Any}("ga_population",nothing),Pair{String,Any}("fitness","regression"),Pair{String,Any}("ga_elitism_rate",nothing),Pair{String,Any}("crossover_method",nothing),Pair{String,Any}("chromosome","CGPChromo"),Pair{String,Any}("ga_crossover_rate",nothing),Pair{String,Any}("lambda",nothing),Pair{String,Any}("recurrency",nothing),Pair{String,Any}("mutate_method",nothing),Pair{String,Any}("node_mutation_rate",nothing),Pair{String,Any}("modify_mutation_rate",nothing),Pair{String,Any}("output_mutation_rate",nothing),Pair{String,Any}("ea","oneplus"),Pair{String,Any}("input_mutation_rate",nothing),Pair{String,Any}("log","/tmpdir/wilson/dennis/555914/fires_50393.log"),Pair{String,Any}("input_start",nothing),Pair{String,Any}("distance_method",nothing),Pair{String,Any}("seed",50393),Pair{String,Any}("ga_mutation_rate",nothing),Pair{String,Any}("node_size_delta",nothing))

WARNING: deprecated syntax "[a=>b for (a,b) in c]".
Use "Dict(a=>b for (a,b) in c)" instead.
WARNING: Method definition warn(Any...) in module Base at util.jl:350 overwritten in module Logging at /users/p16043/wilson/.julia/v0.5/Logging/src/Logging.jl:115.
WARNING: Method definition info(Any...) in module Base at util.jl:320 overwritten in module Logging at /users/p16043/wilson/.julia/v0.5/Logging/src/Logging.jl:115.
Dict{String,Any}(Pair{String,Any}("weights",nothing),Pair{String,Any}("active_mutate",nothing),Pair{String,Any}("data","/tmpdir/wilson/data/regression/fires.dt"),Pair{String,Any}("ga_population",nothing),Pair{String,Any}("fitness","regression"),Pair{String,Any}("ga_elitism_rate",nothing),Pair{String,Any}("crossover_method",nothing),Pair{String,Any}("chromosome","CGPChromo"),Pair{String,Any}("ga_crossover_rate",nothing),Pair{String,Any}("lambda",nothing),Pair{String,Any}("recurrency",nothing),Pair{String,Any}("mutate_method",nothing),Pair{String,Any}("node_mutation_rate",nothing),Pair{String,Any}("modify_mutation_rate",nothing),Pair{String,Any}("output_mutation_rate",nothing),Pair{String,Any}("ea","oneplus"),Pair{String,Any}("input_mutation_rate",nothing),Pair{String,Any}("log","/tmpdir/wilson/dennis/555914/fires_50403.log"),Pair{String,Any}("input_start",nothing),Pair{String,Any}("distance_method",nothing),Pair{String,Any}("seed",50403),Pair{String,Any}("ga_mutation_rate",nothing),Pair{String,Any}("node_size_delta",nothing))

WARNING: deprecated syntax "[a=>b for (a,b) in c]".
Use "Dict(a=>b for (a,b) in c)" instead.
WARNING: Method definition warn(Any...) in module Base at util.jl:350 overwritten in module Logging at /users/p16043/wilson/.julia/v0.5/Logging/src/Logging.jl:115.
WARNING: Method definition info(Any...) in module Base at util.jl:320 overwritten in module Logging at /users/p16043/wilson/.julia/v0.5/Logging/src/Logging.jl:115.
Dict{String,Any}(Pair{String,Any}("weights",nothing),Pair{String,Any}("active_mutate",nothing),Pair{String,Any}("data","/tmpdir/wilson/data/regression/fires.dt"),Pair{String,Any}("ga_population",nothing),Pair{String,Any}("fitness","regression"),Pair{String,Any}("ga_elitism_rate",nothing),Pair{String,Any}("crossover_method",nothing),Pair{String,Any}("chromosome","CGPChromo"),Pair{String,Any}("ga_crossover_rate",nothing),Pair{String,Any}("lambda",nothing),Pair{String,Any}("recurrency",nothing),Pair{String,Any}("mutate_method",nothing),Pair{String,Any}("node_mutation_rate",nothing),Pair{String,Any}("modify_mutation_rate",nothing),Pair{String,Any}("output_mutation_rate",nothing),Pair{String,Any}("ea","oneplus"),Pair{String,Any}("input_mutation_rate",nothing),Pair{String,Any}("log","/tmpdir/wilson/dennis/555914/fires_50389.log"),Pair{String,Any}("input_start",nothing),Pair{String,Any}("distance_method",nothing),Pair{String,Any}("seed",50389),Pair{String,Any}("ga_mutation_rate",nothing),Pair{String,Any}("node_size_delta",nothing))

WARNING: deprecated syntax "[a=>b for (a,b) in c]".
Use "Dict(a=>b for (a,b) in c)" instead.
WARNING: Method definition warn(Any...) in module Base at util.jl:350 overwritten in module Logging at /users/p16043/wilson/.julia/v0.5/Logging/src/Logging.jl:115.
WARNING: Method definition info(Any...) in module Base at util.jl:320 overwritten in module Logging at /users/p16043/wilson/.julia/v0.5/Logging/src/Logging.jl:115.
Dict{String,Any}(Pair{String,Any}("weights",nothing),Pair{String,Any}("active_mutate",nothing),Pair{String,Any}("data","/tmpdir/wilson/data/regression/fires.dt"),Pair{String,Any}("ga_population",nothing),Pair{String,Any}("fitness","regression"),Pair{String,Any}("ga_elitism_rate",nothing),Pair{String,Any}("crossover_method",nothing),Pair{String,Any}("chromosome","CGPChromo"),Pair{String,Any}("ga_crossover_rate",nothing),Pair{String,Any}("lambda",nothing),Pair{String,Any}("recurrency",nothing),Pair{String,Any}("mutate_method",nothing),Pair{String,Any}("node_mutation_rate",nothing),Pair{String,Any}("modify_mutation_rate",nothing),Pair{String,Any}("output_mutation_rate",nothing),Pair{String,Any}("ea","oneplus"),Pair{String,Any}("input_mutation_rate",nothing),Pair{String,Any}("log","/tmpdir/wilson/dennis/555914/fires_50407.log"),Pair{String,Any}("input_start",nothing),Pair{String,Any}("distance_method",nothing),Pair{String,Any}("seed",50407),Pair{String,Any}("ga_mutation_rate",nothing),Pair{String,Any}("node_size_delta",nothing))

WARNING: deprecated syntax "[a=>b for (a,b) in c]".
Use "Dict(a=>b for (a,b) in c)" instead.
WARNING: Method definition warn(Any...) in module Base at util.jl:350 overwritten in module Logging at /users/p16043/wilson/.julia/v0.5/Logging/src/Logging.jl:115.
WARNING: Method definition info(Any...) in module Base at util.jl:320 overwritten in module Logging at /users/p16043/wilson/.julia/v0.5/Logging/src/Logging.jl:115.
Dict{String,Any}(Pair{String,Any}("weights",nothing),Pair{String,Any}("active_mutate",nothing),Pair{String,Any}("data","/tmpdir/wilson/data/regression/fires.dt"),Pair{String,Any}("ga_population",nothing),Pair{String,Any}("fitness","regression"),Pair{String,Any}("ga_elitism_rate",nothing),Pair{String,Any}("crossover_method",nothing),Pair{String,Any}("chromosome","CGPChromo"),Pair{String,Any}("ga_crossover_rate",nothing),Pair{String,Any}("lambda",nothing),Pair{String,Any}("recurrency",nothing),Pair{String,Any}("mutate_method",nothing),Pair{String,Any}("node_mutation_rate",nothing),Pair{String,Any}("modify_mutation_rate",nothing),Pair{String,Any}("output_mutation_rate",nothing),Pair{String,Any}("ea","oneplus"),Pair{String,Any}("input_mutation_rate",nothing),Pair{String,Any}("log","/tmpdir/wilson/dennis/555914/fires_50394.log"),Pair{String,Any}("input_start",nothing),Pair{String,Any}("distance_method",nothing),Pair{String,Any}("seed",50394),Pair{String,Any}("ga_mutation_rate",nothing),Pair{String,Any}("node_size_delta",nothing))

WARNING: deprecated syntax "[a=>b for (a,b) in c]".
Use "Dict(a=>b for (a,b) in c)" instead.
WARNING: Method definition warn(Any...) in module Base at util.jl:350 overwritten in module Logging at /users/p16043/wilson/.julia/v0.5/Logging/src/Logging.jl:115.
WARNING: Method definition info(Any...) in module Base at util.jl:320 overwritten in module Logging at /users/p16043/wilson/.julia/v0.5/Logging/src/Logging.jl:115.
Dict{String,Any}(Pair{String,Any}("weights",nothing),Pair{String,Any}("active_mutate",nothing),Pair{String,Any}("data","/tmpdir/wilson/data/regression/quality.dt"),Pair{String,Any}("ga_population",nothing),Pair{String,Any}("fitness","regression"),Pair{String,Any}("ga_elitism_rate",nothing),Pair{String,Any}("crossover_method",nothing),Pair{String,Any}("chromosome","CGPChromo"),Pair{String,Any}("ga_crossover_rate",nothing),Pair{String,Any}("lambda",nothing),Pair{String,Any}("recurrency",nothing),Pair{String,Any}("mutate_method",nothing),Pair{String,Any}("node_mutation_rate",nothing),Pair{String,Any}("modify_mutation_rate",nothing),Pair{String,Any}("output_mutation_rate",nothing),Pair{String,Any}("ea","oneplus"),Pair{String,Any}("input_mutation_rate",nothing),Pair{String,Any}("log","/tmpdir/wilson/dennis/555914/quality_50389.log"),Pair{String,Any}("input_start",nothing),Pair{String,Any}("distance_method",nothing),Pair{String,Any}("seed",50389),Pair{String,Any}("ga_mutation_rate",nothing),Pair{String,Any}("node_size_delta",nothing))

WARNING: deprecated syntax "[a=>b for (a,b) in c]".
Use "Dict(a=>b for (a,b) in c)" instead.
WARNING: Method definition warn(Any...) in module Base at util.jl:350 overwritten in module Logging at /users/p16043/wilson/.julia/v0.5/Logging/src/Logging.jl:115.
WARNING: Method definition info(Any...) in module Base at util.jl:320 overwritten in module Logging at /users/p16043/wilson/.julia/v0.5/Logging/src/Logging.jl:115.
Dict{String,Any}(Pair{String,Any}("weights",nothing),Pair{String,Any}("active_mutate",nothing),Pair{String,Any}("data","/tmpdir/wilson/data/regression/quality.dt"),Pair{String,Any}("ga_population",nothing),Pair{String,Any}("fitness","regression"),Pair{String,Any}("ga_elitism_rate",nothing),Pair{String,Any}("crossover_method",nothing),Pair{String,Any}("chromosome","CGPChromo"),Pair{String,Any}("ga_crossover_rate",nothing),Pair{String,Any}("lambda",nothing),Pair{String,Any}("recurrency",nothing),Pair{String,Any}("mutate_method",nothing),Pair{String,Any}("node_mutation_rate",nothing),Pair{String,Any}("modify_mutation_rate",nothing),Pair{String,Any}("output_mutation_rate",nothing),Pair{String,Any}("ea","oneplus"),Pair{String,Any}("input_mutation_rate",nothing),Pair{String,Any}("log","/tmpdir/wilson/dennis/555914/quality_50403.log"),Pair{String,Any}("input_start",nothing),Pair{String,Any}("distance_method",nothing),Pair{String,Any}("seed",50403),Pair{String,Any}("ga_mutation_rate",nothing),Pair{String,Any}("node_size_delta",nothing))

WARNING: deprecated syntax "[a=>b for (a,b) in c]".
Use "Dict(a=>b for (a,b) in c)" instead.
WARNING: Method definition warn(Any...) in module Base at util.jl:350 overwritten in module Logging at /users/p16043/wilson/.julia/v0.5/Logging/src/Logging.jl:115.
WARNING: Method definition info(Any...) in module Base at util.jl:320 overwritten in module Logging at /users/p16043/wilson/.julia/v0.5/Logging/src/Logging.jl:115.
Dict{String,Any}(Pair{String,Any}("weights",nothing),Pair{String,Any}("active_mutate",nothing),Pair{String,Any}("data","/tmpdir/wilson/data/regression/fires.dt"),Pair{String,Any}("ga_population",nothing),Pair{String,Any}("fitness","regression"),Pair{String,Any}("ga_elitism_rate",nothing),Pair{String,Any}("crossover_method",nothing),Pair{String,Any}("chromosome","CGPChromo"),Pair{String,Any}("ga_crossover_rate",nothing),Pair{String,Any}("lambda",nothing),Pair{String,Any}("recurrency",nothing),Pair{String,Any}("mutate_method",nothing),Pair{String,Any}("node_mutation_rate",nothing),Pair{String,Any}("modify_mutation_rate",nothing),Pair{String,Any}("output_mutation_rate",nothing),Pair{String,Any}("ea","oneplus"),Pair{String,Any}("input_mutation_rate",nothing),Pair{String,Any}("log","/tmpdir/wilson/dennis/555914/fires_50390.log"),Pair{String,Any}("input_start",nothing),Pair{String,Any}("distance_method",nothing),Pair{String,Any}("seed",50390),Pair{String,Any}("ga_mutation_rate",nothing),Pair{String,Any}("node_size_delta",nothing))

WARNING: deprecated syntax "[a=>b for (a,b) in c]".
Use "Dict(a=>b for (a,b) in c)" instead.
WARNING: Method definition warn(Any...) in module Base at util.jl:350 overwritten in module Logging at /users/p16043/wilson/.julia/v0.5/Logging/src/Logging.jl:115.
WARNING: Method definition info(Any...) in module Base at util.jl:320 overwritten in module Logging at /users/p16043/wilson/.julia/v0.5/Logging/src/Logging.jl:115.
Dict{String,Any}(Pair{String,Any}("weights",nothing),Pair{String,Any}("active_mutate",nothing),Pair{String,Any}("data","/tmpdir/wilson/data/regression/fires.dt"),Pair{String,Any}("ga_population",nothing),Pair{String,Any}("fitness","regression"),Pair{String,Any}("ga_elitism_rate",nothing),Pair{String,Any}("crossover_method",nothing),Pair{String,Any}("chromosome","CGPChromo"),Pair{String,Any}("ga_crossover_rate",nothing),Pair{String,Any}("lambda",nothing),Pair{String,Any}("recurrency",nothing),Pair{String,Any}("mutate_method",nothing),Pair{String,Any}("node_mutation_rate",nothing),Pair{String,Any}("modify_mutation_rate",nothing),Pair{String,Any}("output_mutation_rate",nothing),Pair{String,Any}("ea","oneplus"),Pair{String,Any}("input_mutation_rate",nothing),Pair{String,Any}("log","/tmpdir/wilson/dennis/555914/fires_50388.log"),Pair{String,Any}("input_start",nothing),Pair{String,Any}("distance_method",nothing),Pair{String,Any}("seed",50388),Pair{String,Any}("ga_mutation_rate",nothing),Pair{String,Any}("node_size_delta",nothing))

WARNING: deprecated syntax "[a=>b for (a,b) in c]".
Use "Dict(a=>b for (a,b) in c)" instead.
WARNING: Method definition warn(Any...) in module Base at util.jl:350 overwritten in module Logging at /users/p16043/wilson/.julia/v0.5/Logging/src/Logging.jl:115.
WARNING: Method definition info(Any...) in module Base at util.jl:320 overwritten in module Logging at /users/p16043/wilson/.julia/v0.5/Logging/src/Logging.jl:115.
Dict{String,Any}(Pair{String,Any}("weights",nothing),Pair{String,Any}("active_mutate",nothing),Pair{String,Any}("data","/tmpdir/wilson/data/regression/quality.dt"),Pair{String,Any}("ga_population",nothing),Pair{String,Any}("fitness","regression"),Pair{String,Any}("ga_elitism_rate",nothing),Pair{String,Any}("crossover_method",nothing),Pair{String,Any}("chromosome","CGPChromo"),Pair{String,Any}("ga_crossover_rate",nothing),Pair{String,Any}("lambda",nothing),Pair{String,Any}("recurrency",nothing),Pair{String,Any}("mutate_method",nothing),Pair{String,Any}("node_mutation_rate",nothing),Pair{String,Any}("modify_mutation_rate",nothing),Pair{String,Any}("output_mutation_rate",nothing),Pair{String,Any}("ea","oneplus"),Pair{String,Any}("input_mutation_rate",nothing),Pair{String,Any}("log","/tmpdir/wilson/dennis/555914/quality_50393.log"),Pair{String,Any}("input_start",nothing),Pair{String,Any}("distance_method",nothing),Pair{String,Any}("seed",50393),Pair{String,Any}("ga_mutation_rate",nothing),Pair{String,Any}("node_size_delta",nothing))

WARNING: deprecated syntax "[a=>b for (a,b) in c]".
Use "Dict(a=>b for (a,b) in c)" instead.
WARNING: Method definition warn(Any...) in module Base at util.jl:350 overwritten in module Logging at /users/p16043/wilson/.julia/v0.5/Logging/src/Logging.jl:115.
WARNING: Method definition info(Any...) in module Base at util.jl:320 overwritten in module Logging at /users/p16043/wilson/.julia/v0.5/Logging/src/Logging.jl:115.
Dict{String,Any}(Pair{String,Any}("weights",nothing),Pair{String,Any}("active_mutate",nothing),Pair{String,Any}("data","/tmpdir/wilson/data/regression/fires.dt"),Pair{String,Any}("ga_population",nothing),Pair{String,Any}("fitness","regression"),Pair{String,Any}("ga_elitism_rate",nothing),Pair{String,Any}("crossover_method",nothing),Pair{String,Any}("chromosome","CGPChromo"),Pair{String,Any}("ga_crossover_rate",nothing),Pair{String,Any}("lambda",nothing),Pair{String,Any}("recurrency",nothing),Pair{String,Any}("mutate_method",nothing),Pair{String,Any}("node_mutation_rate",nothing),Pair{String,Any}("modify_mutation_rate",nothing),Pair{String,Any}("output_mutation_rate",nothing),Pair{String,Any}("ea","oneplus"),Pair{String,Any}("input_mutation_rate",nothing),Pair{String,Any}("log","/tmpdir/wilson/dennis/555914/fires_50396.log"),Pair{String,Any}("input_start",nothing),Pair{String,Any}("distance_method",nothing),Pair{String,Any}("seed",50396),Pair{String,Any}("ga_mutation_rate",nothing),Pair{String,Any}("node_size_delta",nothing))

WARNING: deprecated syntax "[a=>b for (a,b) in c]".
Use "Dict(a=>b for (a,b) in c)" instead.
WARNING: Method definition warn(Any...) in module Base at util.jl:350 overwritten in module Logging at /users/p16043/wilson/.julia/v0.5/Logging/src/Logging.jl:115.
WARNING: Method definition info(Any...) in module Base at util.jl:320 overwritten in module Logging at /users/p16043/wilson/.julia/v0.5/Logging/src/Logging.jl:115.
Dict{String,Any}(Pair{String,Any}("weights",nothing),Pair{String,Any}("active_mutate",nothing),Pair{String,Any}("data","/tmpdir/wilson/data/regression/quality.dt"),Pair{String,Any}("ga_population",nothing),Pair{String,Any}("fitness","regression"),Pair{String,Any}("ga_elitism_rate",nothing),Pair{String,Any}("crossover_method",nothing),Pair{String,Any}("chromosome","CGPChromo"),Pair{String,Any}("ga_crossover_rate",nothing),Pair{String,Any}("lambda",nothing),Pair{String,Any}("recurrency",nothing),Pair{String,Any}("mutate_method",nothing),Pair{String,Any}("node_mutation_rate",nothing),Pair{String,Any}("modify_mutation_rate",nothing),Pair{String,Any}("output_mutation_rate",nothing),Pair{String,Any}("ea","oneplus"),Pair{String,Any}("input_mutation_rate",nothing),Pair{String,Any}("log","/tmpdir/wilson/dennis/555914/quality_50394.log"),Pair{String,Any}("input_start",nothing),Pair{String,Any}("distance_method",nothing),Pair{String,Any}("seed",50394),Pair{String,Any}("ga_mutation_rate",nothing),Pair{String,Any}("node_size_delta",nothing))

WARNING: deprecated syntax "[a=>b for (a,b) in c]".
Use "Dict(a=>b for (a,b) in c)" instead.
WARNING: Method definition warn(Any...) in module Base at util.jl:350 overwritten in module Logging at /users/p16043/wilson/.julia/v0.5/Logging/src/Logging.jl:115.
WARNING: Method definition info(Any...) in module Base at util.jl:320 overwritten in module Logging at /users/p16043/wilson/.julia/v0.5/Logging/src/Logging.jl:115.
Dict{String,Any}(Pair{String,Any}("weights",nothing),Pair{String,Any}("active_mutate",nothing),Pair{String,Any}("data","/tmpdir/wilson/data/regression/fires.dt"),Pair{String,Any}("ga_population",nothing),Pair{String,Any}("fitness","regression"),Pair{String,Any}("ga_elitism_rate",nothing),Pair{String,Any}("crossover_method",nothing),Pair{String,Any}("chromosome","CGPChromo"),Pair{String,Any}("ga_crossover_rate",nothing),Pair{String,Any}("lambda",nothing),Pair{String,Any}("recurrency",nothing),Pair{String,Any}("mutate_method",nothing),Pair{String,Any}("node_mutation_rate",nothing),Pair{String,Any}("modify_mutation_rate",nothing),Pair{String,Any}("output_mutation_rate",nothing),Pair{String,Any}("ea","oneplus"),Pair{String,Any}("input_mutation_rate",nothing),Pair{String,Any}("log","/tmpdir/wilson/dennis/555914/fires_50406.log"),Pair{String,Any}("input_start",nothing),Pair{String,Any}("distance_method",nothing),Pair{String,Any}("seed",50406),Pair{String,Any}("ga_mutation_rate",nothing),Pair{String,Any}("node_size_delta",nothing))

WARNING: deprecated syntax "[a=>b for (a,b) in c]".
Use "Dict(a=>b for (a,b) in c)" instead.
WARNING: Method definition warn(Any...) in module Base at util.jl:350 overwritten in module Logging at /users/p16043/wilson/.julia/v0.5/Logging/src/Logging.jl:115.
WARNING: Method definition info(Any...) in module Base at util.jl:320 overwritten in module Logging at /users/p16043/wilson/.julia/v0.5/Logging/src/Logging.jl:115.
Dict{String,Any}(Pair{String,Any}("weights",nothing),Pair{String,Any}("active_mutate",nothing),Pair{String,Any}("data","/tmpdir/wilson/data/regression/quality.dt"),Pair{String,Any}("ga_population",nothing),Pair{String,Any}("fitness","regression"),Pair{String,Any}("ga_elitism_rate",nothing),Pair{String,Any}("crossover_method",nothing),Pair{String,Any}("chromosome","CGPChromo"),Pair{String,Any}("ga_crossover_rate",nothing),Pair{String,Any}("lambda",nothing),Pair{String,Any}("recurrency",nothing),Pair{String,Any}("mutate_method",nothing),Pair{String,Any}("node_mutation_rate",nothing),Pair{String,Any}("modify_mutation_rate",nothing),Pair{String,Any}("output_mutation_rate",nothing),Pair{String,Any}("ea","oneplus"),Pair{String,Any}("input_mutation_rate",nothing),Pair{String,Any}("log","/tmpdir/wilson/dennis/555914/quality_50407.log"),Pair{String,Any}("input_start",nothing),Pair{String,Any}("distance_method",nothing),Pair{String,Any}("seed",50407),Pair{String,Any}("ga_mutation_rate",nothing),Pair{String,Any}("node_size_delta",nothing))

WARNING: deprecated syntax "[a=>b for (a,b) in c]".
Use "Dict(a=>b for (a,b) in c)" instead.
WARNING: Method definition warn(Any...) in module Base at util.jl:350 overwritten in module Logging at /users/p16043/wilson/.julia/v0.5/Logging/src/Logging.jl:115.
WARNING: Method definition info(Any...) in module Base at util.jl:320 overwritten in module Logging at /users/p16043/wilson/.julia/v0.5/Logging/src/Logging.jl:115.
Dict{String,Any}(Pair{String,Any}("weights",nothing),Pair{String,Any}("active_mutate",nothing),Pair{String,Any}("data","/tmpdir/wilson/data/regression/quality.dt"),Pair{String,Any}("ga_population",nothing),Pair{String,Any}("fitness","regression"),Pair{String,Any}("ga_elitism_rate",nothing),Pair{String,Any}("crossover_method",nothing),Pair{String,Any}("chromosome","CGPChromo"),Pair{String,Any}("ga_crossover_rate",nothing),Pair{String,Any}("lambda",nothing),Pair{String,Any}("recurrency",nothing),Pair{String,Any}("mutate_method",nothing),Pair{String,Any}("node_mutation_rate",nothing),Pair{String,Any}("modify_mutation_rate",nothing),Pair{String,Any}("output_mutation_rate",nothing),Pair{String,Any}("ea","oneplus"),Pair{String,Any}("input_mutation_rate",nothing),Pair{String,Any}("log","/tmpdir/wilson/dennis/555914/quality_50396.log"),Pair{String,Any}("input_start",nothing),Pair{String,Any}("distance_method",nothing),Pair{String,Any}("seed",50396),Pair{String,Any}("ga_mutation_rate",nothing),Pair{String,Any}("node_size_delta",nothing))

WARNING: deprecated syntax "[a=>b for (a,b) in c]".
Use "Dict(a=>b for (a,b) in c)" instead.
WARNING: Method definition warn(Any...) in module Base at util.jl:350 overwritten in module Logging at /users/p16043/wilson/.julia/v0.5/Logging/src/Logging.jl:115.
WARNING: Method definition info(Any...) in module Base at util.jl:320 overwritten in module Logging at /users/p16043/wilson/.julia/v0.5/Logging/src/Logging.jl:115.
Dict{String,Any}(Pair{String,Any}("weights",nothing),Pair{String,Any}("active_mutate",nothing),Pair{String,Any}("data","/tmpdir/wilson/data/regression/fires.dt"),Pair{String,Any}("ga_population",nothing),Pair{String,Any}("fitness","regression"),Pair{String,Any}("ga_elitism_rate",nothing),Pair{String,Any}("crossover_method",nothing),Pair{String,Any}("chromosome","CGPChromo"),Pair{String,Any}("ga_crossover_rate",nothing),Pair{String,Any}("lambda",nothing),Pair{String,Any}("recurrency",nothing),Pair{String,Any}("mutate_method",nothing),Pair{String,Any}("node_mutation_rate",nothing),Pair{String,Any}("modify_mutation_rate",nothing),Pair{String,Any}("output_mutation_rate",nothing),Pair{String,Any}("ea","oneplus"),Pair{String,Any}("input_mutation_rate",nothing),Pair{String,Any}("log","/tmpdir/wilson/dennis/555914/fires_50401.log"),Pair{String,Any}("input_start",nothing),Pair{String,Any}("distance_method",nothing),Pair{String,Any}("seed",50401),Pair{String,Any}("ga_mutation_rate",nothing),Pair{String,Any}("node_size_delta",nothing))

WARNING: deprecated syntax "[a=>b for (a,b) in c]".
Use "Dict(a=>b for (a,b) in c)" instead.
WARNING: Method definition warn(Any...) in module Base at util.jl:350 overwritten in module Logging at /users/p16043/wilson/.julia/v0.5/Logging/src/Logging.jl:115.
WARNING: Method definition info(Any...) in module Base at util.jl:320 overwritten in module Logging at /users/p16043/wilson/.julia/v0.5/Logging/src/Logging.jl:115.
Dict{String,Any}(Pair{String,Any}("weights",nothing),Pair{String,Any}("active_mutate",nothing),Pair{String,Any}("data","/tmpdir/wilson/data/regression/quality.dt"),Pair{String,Any}("ga_population",nothing),Pair{String,Any}("fitness","regression"),Pair{String,Any}("ga_elitism_rate",nothing),Pair{String,Any}("crossover_method",nothing),Pair{String,Any}("chromosome","CGPChromo"),Pair{String,Any}("ga_crossover_rate",nothing),Pair{String,Any}("lambda",nothing),Pair{String,Any}("recurrency",nothing),Pair{String,Any}("mutate_method",nothing),Pair{String,Any}("node_mutation_rate",nothing),Pair{String,Any}("modify_mutation_rate",nothing),Pair{String,Any}("output_mutation_rate",nothing),Pair{String,Any}("ea","oneplus"),Pair{String,Any}("input_mutation_rate",nothing),Pair{String,Any}("log","/tmpdir/wilson/dennis/555914/quality_50388.log"),Pair{String,Any}("input_start",nothing),Pair{String,Any}("distance_method",nothing),Pair{String,Any}("seed",50388),Pair{String,Any}("ga_mutation_rate",nothing),Pair{String,Any}("node_size_delta",nothing))

WARNING: deprecated syntax "[a=>b for (a,b) in c]".
Use "Dict(a=>b for (a,b) in c)" instead.
WARNING: Method definition warn(Any...) in module Base at util.jl:350 overwritten in module Logging at /users/p16043/wilson/.julia/v0.5/Logging/src/Logging.jl:115.
WARNING: Method definition info(Any...) in module Base at util.jl:320 overwritten in module Logging at /users/p16043/wilson/.julia/v0.5/Logging/src/Logging.jl:115.
Dict{String,Any}(Pair{String,Any}("weights",nothing),Pair{String,Any}("active_mutate",nothing),Pair{String,Any}("data","/tmpdir/wilson/data/regression/quality.dt"),Pair{String,Any}("ga_population",nothing),Pair{String,Any}("fitness","regression"),Pair{String,Any}("ga_elitism_rate",nothing),Pair{String,Any}("crossover_method",nothing),Pair{String,Any}("chromosome","CGPChromo"),Pair{String,Any}("ga_crossover_rate",nothing),Pair{String,Any}("lambda",nothing),Pair{String,Any}("recurrency",nothing),Pair{String,Any}("mutate_method",nothing),Pair{String,Any}("node_mutation_rate",nothing),Pair{String,Any}("modify_mutation_rate",nothing),Pair{String,Any}("output_mutation_rate",nothing),Pair{String,Any}("ea","oneplus"),Pair{String,Any}("input_mutation_rate",nothing),Pair{String,Any}("log","/tmpdir/wilson/dennis/555914/quality_50390.log"),Pair{String,Any}("input_start",nothing),Pair{String,Any}("distance_method",nothing),Pair{String,Any}("seed",50390),Pair{String,Any}("ga_mutation_rate",nothing),Pair{String,Any}("node_size_delta",nothing))

WARNING: deprecated syntax "[a=>b for (a,b) in c]".
Use "Dict(a=>b for (a,b) in c)" instead.
WARNING: Method definition warn(Any...) in module Base at util.jl:350 overwritten in module Logging at /users/p16043/wilson/.julia/v0.5/Logging/src/Logging.jl:115.
WARNING: Method definition info(Any...) in module Base at util.jl:320 overwritten in module Logging at /users/p16043/wilson/.julia/v0.5/Logging/src/Logging.jl:115.
Dict{String,Any}(Pair{String,Any}("weights",nothing),Pair{String,Any}("active_mutate",nothing),Pair{String,Any}("data","/tmpdir/wilson/data/regression/quality.dt"),Pair{String,Any}("ga_population",nothing),Pair{String,Any}("fitness","regression"),Pair{String,Any}("ga_elitism_rate",nothing),Pair{String,Any}("crossover_method",nothing),Pair{String,Any}("chromosome","CGPChromo"),Pair{String,Any}("ga_crossover_rate",nothing),Pair{String,Any}("lambda",nothing),Pair{String,Any}("recurrency",nothing),Pair{String,Any}("mutate_method",nothing),Pair{String,Any}("node_mutation_rate",nothing),Pair{String,Any}("modify_mutation_rate",nothing),Pair{String,Any}("output_mutation_rate",nothing),Pair{String,Any}("ea","oneplus"),Pair{String,Any}("input_mutation_rate",nothing),Pair{String,Any}("log","/tmpdir/wilson/dennis/555914/quality_50406.log"),Pair{String,Any}("input_start",nothing),Pair{String,Any}("distance_method",nothing),Pair{String,Any}("seed",50406),Pair{String,Any}("ga_mutation_rate",nothing),Pair{String,Any}("node_size_delta",nothing))

WARNING: deprecated syntax "[a=>b for (a,b) in c]".
Use "Dict(a=>b for (a,b) in c)" instead.
WARNING: Method definition warn(Any...) in module Base at util.jl:350 overwritten in module Logging at /users/p16043/wilson/.julia/v0.5/Logging/src/Logging.jl:115.
WARNING: Method definition info(Any...) in module Base at util.jl:320 overwritten in module Logging at /users/p16043/wilson/.julia/v0.5/Logging/src/Logging.jl:115.
Dict{String,Any}(Pair{String,Any}("weights",nothing),Pair{String,Any}("active_mutate",nothing),Pair{String,Any}("data","/tmpdir/wilson/data/regression/fires.dt"),Pair{String,Any}("ga_population",nothing),Pair{String,Any}("fitness","regression"),Pair{String,Any}("ga_elitism_rate",nothing),Pair{String,Any}("crossover_method",nothing),Pair{String,Any}("chromosome","CGPChromo"),Pair{String,Any}("ga_crossover_rate",nothing),Pair{String,Any}("lambda",nothing),Pair{String,Any}("recurrency",nothing),Pair{String,Any}("mutate_method",nothing),Pair{String,Any}("node_mutation_rate",nothing),Pair{String,Any}("modify_mutation_rate",nothing),Pair{String,Any}("output_mutation_rate",nothing),Pair{String,Any}("ea","oneplus"),Pair{String,Any}("input_mutation_rate",nothing),Pair{String,Any}("log","/tmpdir/wilson/dennis/555914/fires_50402.log"),Pair{String,Any}("input_start",nothing),Pair{String,Any}("distance_method",nothing),Pair{String,Any}("seed",50402),Pair{String,Any}("ga_mutation_rate",nothing),Pair{String,Any}("node_size_delta",nothing))

WARNING: deprecated syntax "[a=>b for (a,b) in c]".
Use "Dict(a=>b for (a,b) in c)" instead.
WARNING: Method definition warn(Any...) in module Base at util.jl:350 overwritten in module Logging at /users/p16043/wilson/.julia/v0.5/Logging/src/Logging.jl:115.
WARNING: Method definition info(Any...) in module Base at util.jl:320 overwritten in module Logging at /users/p16043/wilson/.julia/v0.5/Logging/src/Logging.jl:115.
Dict{String,Any}(Pair{String,Any}("weights",nothing),Pair{String,Any}("active_mutate",nothing),Pair{String,Any}("data","/tmpdir/wilson/data/regression/fires.dt"),Pair{String,Any}("ga_population",nothing),Pair{String,Any}("fitness","regression"),Pair{String,Any}("ga_elitism_rate",nothing),Pair{String,Any}("crossover_method",nothing),Pair{String,Any}("chromosome","CGPChromo"),Pair{String,Any}("ga_crossover_rate",nothing),Pair{String,Any}("lambda",nothing),Pair{String,Any}("recurrency",nothing),Pair{String,Any}("mutate_method",nothing),Pair{String,Any}("node_mutation_rate",nothing),Pair{String,Any}("modify_mutation_rate",nothing),Pair{String,Any}("output_mutation_rate",nothing),Pair{String,Any}("ea","oneplus"),Pair{String,Any}("input_mutation_rate",nothing),Pair{String,Any}("log","/tmpdir/wilson/dennis/555914/fires_50391.log"),Pair{String,Any}("input_start",nothing),Pair{String,Any}("distance_method",nothing),Pair{String,Any}("seed",50391),Pair{String,Any}("ga_mutation_rate",nothing),Pair{String,Any}("node_size_delta",nothing))

WARNING: deprecated syntax "[a=>b for (a,b) in c]".
Use "Dict(a=>b for (a,b) in c)" instead.
WARNING: Method definition warn(Any...) in module Base at util.jl:350 overwritten in module Logging at /users/p16043/wilson/.julia/v0.5/Logging/src/Logging.jl:115.
WARNING: Method definition info(Any...) in module Base at util.jl:320 overwritten in module Logging at /users/p16043/wilson/.julia/v0.5/Logging/src/Logging.jl:115.
Dict{String,Any}(Pair{String,Any}("weights",nothing),Pair{String,Any}("active_mutate",nothing),Pair{String,Any}("data","/tmpdir/wilson/data/regression/quality.dt"),Pair{String,Any}("ga_population",nothing),Pair{String,Any}("fitness","regression"),Pair{String,Any}("ga_elitism_rate",nothing),Pair{String,Any}("crossover_method",nothing),Pair{String,Any}("chromosome","CGPChromo"),Pair{String,Any}("ga_crossover_rate",nothing),Pair{String,Any}("lambda",nothing),Pair{String,Any}("recurrency",nothing),Pair{String,Any}("mutate_method",nothing),Pair{String,Any}("node_mutation_rate",nothing),Pair{String,Any}("modify_mutation_rate",nothing),Pair{String,Any}("output_mutation_rate",nothing),Pair{String,Any}("ea","oneplus"),Pair{String,Any}("input_mutation_rate",nothing),Pair{String,Any}("log","/tmpdir/wilson/dennis/555914/quality_50401.log"),Pair{String,Any}("input_start",nothing),Pair{String,Any}("distance_method",nothing),Pair{String,Any}("seed",50401),Pair{String,Any}("ga_mutation_rate",nothing),Pair{String,Any}("node_size_delta",nothing))

WARNING: deprecated syntax "[a=>b for (a,b) in c]".
Use "Dict(a=>b for (a,b) in c)" instead.
WARNING: Method definition warn(Any...) in module Base at util.jl:350 overwritten in module Logging at /users/p16043/wilson/.julia/v0.5/Logging/src/Logging.jl:115.
WARNING: Method definition info(Any...) in module Base at util.jl:320 overwritten in module Logging at /users/p16043/wilson/.julia/v0.5/Logging/src/Logging.jl:115.
Dict{String,Any}(Pair{String,Any}("weights",nothing),Pair{String,Any}("active_mutate",nothing),Pair{String,Any}("data","/tmpdir/wilson/data/regression/quality.dt"),Pair{String,Any}("ga_population",nothing),Pair{String,Any}("fitness","regression"),Pair{String,Any}("ga_elitism_rate",nothing),Pair{String,Any}("crossover_method",nothing),Pair{String,Any}("chromosome","CGPChromo"),Pair{String,Any}("ga_crossover_rate",nothing),Pair{String,Any}("lambda",nothing),Pair{String,Any}("recurrency",nothing),Pair{String,Any}("mutate_method",nothing),Pair{String,Any}("node_mutation_rate",nothing),Pair{String,Any}("modify_mutation_rate",nothing),Pair{String,Any}("output_mutation_rate",nothing),Pair{String,Any}("ea","oneplus"),Pair{String,Any}("input_mutation_rate",nothing),Pair{String,Any}("log","/tmpdir/wilson/dennis/555914/quality_50391.log"),Pair{String,Any}("input_start",nothing),Pair{String,Any}("distance_method",nothing),Pair{String,Any}("seed",50391),Pair{String,Any}("ga_mutation_rate",nothing),Pair{String,Any}("node_size_delta",nothing))

WARNING: deprecated syntax "[a=>b for (a,b) in c]".
Use "Dict(a=>b for (a,b) in c)" instead.
WARNING: Method definition warn(Any...) in module Base at util.jl:350 overwritten in module Logging at /users/p16043/wilson/.julia/v0.5/Logging/src/Logging.jl:115.
WARNING: Method definition info(Any...) in module Base at util.jl:320 overwritten in module Logging at /users/p16043/wilson/.julia/v0.5/Logging/src/Logging.jl:115.
Dict{String,Any}(Pair{String,Any}("weights",nothing),Pair{String,Any}("active_mutate",nothing),Pair{String,Any}("data","/tmpdir/wilson/data/regression/quality.dt"),Pair{String,Any}("ga_population",nothing),Pair{String,Any}("fitness","regression"),Pair{String,Any}("ga_elitism_rate",nothing),Pair{String,Any}("crossover_method",nothing),Pair{String,Any}("chromosome","CGPChromo"),Pair{String,Any}("ga_crossover_rate",nothing),Pair{String,Any}("lambda",nothing),Pair{String,Any}("recurrency",nothing),Pair{String,Any}("mutate_method",nothing),Pair{String,Any}("node_mutation_rate",nothing),Pair{String,Any}("modify_mutation_rate",nothing),Pair{String,Any}("output_mutation_rate",nothing),Pair{String,Any}("ea","oneplus"),Pair{String,Any}("input_mutation_rate",nothing),Pair{String,Any}("log","/tmpdir/wilson/dennis/555914/quality_50402.log"),Pair{String,Any}("input_start",nothing),Pair{String,Any}("distance_method",nothing),Pair{String,Any}("seed",50402),Pair{String,Any}("ga_mutation_rate",nothing),Pair{String,Any}("node_size_delta",nothing))

WARNING: deprecated syntax "[a=>b for (a,b) in c]".
Use "Dict(a=>b for (a,b) in c)" instead.
WARNING: Method definition warn(Any...) in module Base at util.jl:350 overwritten in module Logging at /users/p16043/wilson/.julia/v0.5/Logging/src/Logging.jl:115.
WARNING: Method definition info(Any...) in module Base at util.jl:320 overwritten in module Logging at /users/p16043/wilson/.julia/v0.5/Logging/src/Logging.jl:115.
Dict{String,Any}(Pair{String,Any}("weights",nothing),Pair{String,Any}("active_mutate",nothing),Pair{String,Any}("data","/tmpdir/wilson/data/regression/fires.dt"),Pair{String,Any}("ga_population",nothing),Pair{String,Any}("fitness","regression"),Pair{String,Any}("ga_elitism_rate",nothing),Pair{String,Any}("crossover_method",nothing),Pair{String,Any}("chromosome","CGPChromo"),Pair{String,Any}("ga_crossover_rate",nothing),Pair{String,Any}("lambda",nothing),Pair{String,Any}("recurrency",nothing),Pair{String,Any}("mutate_method",nothing),Pair{String,Any}("node_mutation_rate",nothing),Pair{String,Any}("modify_mutation_rate",nothing),Pair{String,Any}("output_mutation_rate",nothing),Pair{String,Any}("ea","oneplus"),Pair{String,Any}("input_mutation_rate",nothing),Pair{String,Any}("log","/tmpdir/wilson/dennis/555914/fires_50405.log"),Pair{String,Any}("input_start",nothing),Pair{String,Any}("distance_method",nothing),Pair{String,Any}("seed",50405),Pair{String,Any}("ga_mutation_rate",nothing),Pair{String,Any}("node_size_delta",nothing))

WARNING: deprecated syntax "[a=>b for (a,b) in c]".
Use "Dict(a=>b for (a,b) in c)" instead.
WARNING: Method definition warn(Any...) in module Base at util.jl:350 overwritten in module Logging at /users/p16043/wilson/.julia/v0.5/Logging/src/Logging.jl:115.
WARNING: Method definition info(Any...) in module Base at util.jl:320 overwritten in module Logging at /users/p16043/wilson/.julia/v0.5/Logging/src/Logging.jl:115.
Dict{String,Any}(Pair{String,Any}("weights",nothing),Pair{String,Any}("active_mutate",nothing),Pair{String,Any}("data","/tmpdir/wilson/data/regression/fires.dt"),Pair{String,Any}("ga_population",nothing),Pair{String,Any}("fitness","regression"),Pair{String,Any}("ga_elitism_rate",nothing),Pair{String,Any}("crossover_method",nothing),Pair{String,Any}("chromosome","CGPChromo"),Pair{String,Any}("ga_crossover_rate",nothing),Pair{String,Any}("lambda",nothing),Pair{String,Any}("recurrency",nothing),Pair{String,Any}("mutate_method",nothing),Pair{String,Any}("node_mutation_rate",nothing),Pair{String,Any}("modify_mutation_rate",nothing),Pair{String,Any}("output_mutation_rate",nothing),Pair{String,Any}("ea","oneplus"),Pair{String,Any}("input_mutation_rate",nothing),Pair{String,Any}("log","/tmpdir/wilson/dennis/555914/fires_50397.log"),Pair{String,Any}("input_start",nothing),Pair{String,Any}("distance_method",nothing),Pair{String,Any}("seed",50397),Pair{String,Any}("ga_mutation_rate",nothing),Pair{String,Any}("node_size_delta",nothing))

WARNING: deprecated syntax "[a=>b for (a,b) in c]".
Use "Dict(a=>b for (a,b) in c)" instead.
WARNING: Method definition warn(Any...) in module Base at util.jl:350 overwritten in module Logging at /users/p16043/wilson/.julia/v0.5/Logging/src/Logging.jl:115.
WARNING: Method definition info(Any...) in module Base at util.jl:320 overwritten in module Logging at /users/p16043/wilson/.julia/v0.5/Logging/src/Logging.jl:115.
Dict{String,Any}(Pair{String,Any}("weights",nothing),Pair{String,Any}("active_mutate",nothing),Pair{String,Any}("data","/tmpdir/wilson/data/regression/quality.dt"),Pair{String,Any}("ga_population",nothing),Pair{String,Any}("fitness","regression"),Pair{String,Any}("ga_elitism_rate",nothing),Pair{String,Any}("crossover_method",nothing),Pair{String,Any}("chromosome","CGPChromo"),Pair{String,Any}("ga_crossover_rate",nothing),Pair{String,Any}("lambda",nothing),Pair{String,Any}("recurrency",nothing),Pair{String,Any}("mutate_method",nothing),Pair{String,Any}("node_mutation_rate",nothing),Pair{String,Any}("modify_mutation_rate",nothing),Pair{String,Any}("output_mutation_rate",nothing),Pair{String,Any}("ea","oneplus"),Pair{String,Any}("input_mutation_rate",nothing),Pair{String,Any}("log","/tmpdir/wilson/dennis/555914/quality_50405.log"),Pair{String,Any}("input_start",nothing),Pair{String,Any}("distance_method",nothing),Pair{String,Any}("seed",50405),Pair{String,Any}("ga_mutation_rate",nothing),Pair{String,Any}("node_size_delta",nothing))

WARNING: deprecated syntax "[a=>b for (a,b) in c]".
Use "Dict(a=>b for (a,b) in c)" instead.
WARNING: Method definition warn(Any...) in module Base at util.jl:350 overwritten in module Logging at /users/p16043/wilson/.julia/v0.5/Logging/src/Logging.jl:115.
WARNING: Method definition info(Any...) in module Base at util.jl:320 overwritten in module Logging at /users/p16043/wilson/.julia/v0.5/Logging/src/Logging.jl:115.
Dict{String,Any}(Pair{String,Any}("weights",nothing),Pair{String,Any}("active_mutate",nothing),Pair{String,Any}("data","/tmpdir/wilson/data/regression/quality.dt"),Pair{String,Any}("ga_population",nothing),Pair{String,Any}("fitness","regression"),Pair{String,Any}("ga_elitism_rate",nothing),Pair{String,Any}("crossover_method",nothing),Pair{String,Any}("chromosome","CGPChromo"),Pair{String,Any}("ga_crossover_rate",nothing),Pair{String,Any}("lambda",nothing),Pair{String,Any}("recurrency",nothing),Pair{String,Any}("mutate_method",nothing),Pair{String,Any}("node_mutation_rate",nothing),Pair{String,Any}("modify_mutation_rate",nothing),Pair{String,Any}("output_mutation_rate",nothing),Pair{String,Any}("ea","oneplus"),Pair{String,Any}("input_mutation_rate",nothing),Pair{String,Any}("log","/tmpdir/wilson/dennis/555914/quality_50397.log"),Pair{String,Any}("input_start",nothing),Pair{String,Any}("distance_method",nothing),Pair{String,Any}("seed",50397),Pair{String,Any}("ga_mutation_rate",nothing),Pair{String,Any}("node_size_delta",nothing))

WARNING: deprecated syntax "[a=>b for (a,b) in c]".
Use "Dict(a=>b for (a,b) in c)" instead.
WARNING: Method definition warn(Any...) in module Base at util.jl:350 overwritten in module Logging at /users/p16043/wilson/.julia/v0.5/Logging/src/Logging.jl:115.
WARNING: Method definition info(Any...) in module Base at util.jl:320 overwritten in module Logging at /users/p16043/wilson/.julia/v0.5/Logging/src/Logging.jl:115.
Dict{String,Any}(Pair{String,Any}("weights",nothing),Pair{String,Any}("active_mutate",nothing),Pair{String,Any}("data","/tmpdir/wilson/data/regression/fires.dt"),Pair{String,Any}("ga_population",nothing),Pair{String,Any}("fitness","regression"),Pair{String,Any}("ga_elitism_rate",nothing),Pair{String,Any}("crossover_method",nothing),Pair{String,Any}("chromosome","CGPChromo"),Pair{String,Any}("ga_crossover_rate",nothing),Pair{String,Any}("lambda",nothing),Pair{String,Any}("recurrency",nothing),Pair{String,Any}("mutate_method",nothing),Pair{String,Any}("node_mutation_rate",nothing),Pair{String,Any}("modify_mutation_rate",nothing),Pair{String,Any}("output_mutation_rate",nothing),Pair{String,Any}("ea","oneplus"),Pair{String,Any}("input_mutation_rate",nothing),Pair{String,Any}("log","/tmpdir/wilson/dennis/555914/fires_50400.log"),Pair{String,Any}("input_start",nothing),Pair{String,Any}("distance_method",nothing),Pair{String,Any}("seed",50400),Pair{String,Any}("ga_mutation_rate",nothing),Pair{String,Any}("node_size_delta",nothing))

WARNING: deprecated syntax "[a=>b for (a,b) in c]".
Use "Dict(a=>b for (a,b) in c)" instead.
WARNING: Method definition warn(Any...) in module Base at util.jl:350 overwritten in module Logging at /users/p16043/wilson/.julia/v0.5/Logging/src/Logging.jl:115.
WARNING: Method definition info(Any...) in module Base at util.jl:320 overwritten in module Logging at /users/p16043/wilson/.julia/v0.5/Logging/src/Logging.jl:115.
Dict{String,Any}(Pair{String,Any}("weights",nothing),Pair{String,Any}("active_mutate",nothing),Pair{String,Any}("data","/tmpdir/wilson/data/regression/quality.dt"),Pair{String,Any}("ga_population",nothing),Pair{String,Any}("fitness","regression"),Pair{String,Any}("ga_elitism_rate",nothing),Pair{String,Any}("crossover_method",nothing),Pair{String,Any}("chromosome","CGPChromo"),Pair{String,Any}("ga_crossover_rate",nothing),Pair{String,Any}("lambda",nothing),Pair{String,Any}("recurrency",nothing),Pair{String,Any}("mutate_method",nothing),Pair{String,Any}("node_mutation_rate",nothing),Pair{String,Any}("modify_mutation_rate",nothing),Pair{String,Any}("output_mutation_rate",nothing),Pair{String,Any}("ea","oneplus"),Pair{String,Any}("input_mutation_rate",nothing),Pair{String,Any}("log","/tmpdir/wilson/dennis/555914/quality_50400.log"),Pair{String,Any}("input_start",nothing),Pair{String,Any}("distance_method",nothing),Pair{String,Any}("seed",50400),Pair{String,Any}("ga_mutation_rate",nothing),Pair{String,Any}("node_size_delta",nothing))

WARNING: deprecated syntax "[a=>b for (a,b) in c]".
Use "Dict(a=>b for (a,b) in c)" instead.
WARNING: Method definition warn(Any...) in module Base at util.jl:350 overwritten in module Logging at /users/p16043/wilson/.julia/v0.5/Logging/src/Logging.jl:115.
WARNING: Method definition info(Any...) in module Base at util.jl:320 overwritten in module Logging at /users/p16043/wilson/.julia/v0.5/Logging/src/Logging.jl:115.
Dict{String,Any}(Pair{String,Any}("weights",nothing),Pair{String,Any}("active_mutate",nothing),Pair{String,Any}("data","/tmpdir/wilson/data/regression/fires.dt"),Pair{String,Any}("ga_population",nothing),Pair{String,Any}("fitness","regression"),Pair{String,Any}("ga_elitism_rate",nothing),Pair{String,Any}("crossover_method",nothing),Pair{String,Any}("chromosome","CGPChromo"),Pair{String,Any}("ga_crossover_rate",nothing),Pair{String,Any}("lambda",nothing),Pair{String,Any}("recurrency",nothing),Pair{String,Any}("mutate_method",nothing),Pair{String,Any}("node_mutation_rate",nothing),Pair{String,Any}("modify_mutation_rate",nothing),Pair{String,Any}("output_mutation_rate",nothing),Pair{String,Any}("ea","oneplus"),Pair{String,Any}("input_mutation_rate",nothing),Pair{String,Any}("log","/tmpdir/wilson/dennis/555914/fires_50398.log"),Pair{String,Any}("input_start",nothing),Pair{String,Any}("distance_method",nothing),Pair{String,Any}("seed",50398),Pair{String,Any}("ga_mutation_rate",nothing),Pair{String,Any}("node_size_delta",nothing))

WARNING: deprecated syntax "[a=>b for (a,b) in c]".
Use "Dict(a=>b for (a,b) in c)" instead.
WARNING: Method definition warn(Any...) in module Base at util.jl:350 overwritten in module Logging at /users/p16043/wilson/.julia/v0.5/Logging/src/Logging.jl:115.
WARNING: Method definition info(Any...) in module Base at util.jl:320 overwritten in module Logging at /users/p16043/wilson/.julia/v0.5/Logging/src/Logging.jl:115.
Dict{String,Any}(Pair{String,Any}("weights",nothing),Pair{String,Any}("active_mutate",nothing),Pair{String,Any}("data","/tmpdir/wilson/data/regression/fires.dt"),Pair{String,Any}("ga_population",nothing),Pair{String,Any}("fitness","regression"),Pair{String,Any}("ga_elitism_rate",nothing),Pair{String,Any}("crossover_method",nothing),Pair{String,Any}("chromosome","CGPChromo"),Pair{String,Any}("ga_crossover_rate",nothing),Pair{String,Any}("lambda",nothing),Pair{String,Any}("recurrency",nothing),Pair{String,Any}("mutate_method",nothing),Pair{String,Any}("node_mutation_rate",nothing),Pair{String,Any}("modify_mutation_rate",nothing),Pair{String,Any}("output_mutation_rate",nothing),Pair{String,Any}("ea","oneplus"),Pair{String,Any}("input_mutation_rate",nothing),Pair{String,Any}("log","/tmpdir/wilson/dennis/555914/fires_50399.log"),Pair{String,Any}("input_start",nothing),Pair{String,Any}("distance_method",nothing),Pair{String,Any}("seed",50399),Pair{String,Any}("ga_mutation_rate",nothing),Pair{String,Any}("node_size_delta",nothing))

WARNING: deprecated syntax "[a=>b for (a,b) in c]".
Use "Dict(a=>b for (a,b) in c)" instead.
WARNING: Method definition warn(Any...) in module Base at util.jl:350 overwritten in module Logging at /users/p16043/wilson/.julia/v0.5/Logging/src/Logging.jl:115.
WARNING: Method definition info(Any...) in module Base at util.jl:320 overwritten in module Logging at /users/p16043/wilson/.julia/v0.5/Logging/src/Logging.jl:115.
Dict{String,Any}(Pair{String,Any}("weights",nothing),Pair{String,Any}("active_mutate",nothing),Pair{String,Any}("data","/tmpdir/wilson/data/regression/fires.dt"),Pair{String,Any}("ga_population",nothing),Pair{String,Any}("fitness","regression"),Pair{String,Any}("ga_elitism_rate",nothing),Pair{String,Any}("crossover_method",nothing),Pair{String,Any}("chromosome","CGPChromo"),Pair{String,Any}("ga_crossover_rate",nothing),Pair{String,Any}("lambda",nothing),Pair{String,Any}("recurrency",nothing),Pair{String,Any}("mutate_method",nothing),Pair{String,Any}("node_mutation_rate",nothing),Pair{String,Any}("modify_mutation_rate",nothing),Pair{String,Any}("output_mutation_rate",nothing),Pair{String,Any}("ea","oneplus"),Pair{String,Any}("input_mutation_rate",nothing),Pair{String,Any}("log","/tmpdir/wilson/dennis/555914/fires_50395.log"),Pair{String,Any}("input_start",nothing),Pair{String,Any}("distance_method",nothing),Pair{String,Any}("seed",50395),Pair{String,Any}("ga_mutation_rate",nothing),Pair{String,Any}("node_size_delta",nothing))

WARNING: deprecated syntax "[a=>b for (a,b) in c]".
Use "Dict(a=>b for (a,b) in c)" instead.
WARNING: Method definition warn(Any...) in module Base at util.jl:350 overwritten in module Logging at /users/p16043/wilson/.julia/v0.5/Logging/src/Logging.jl:115.
WARNING: Method definition info(Any...) in module Base at util.jl:320 overwritten in module Logging at /users/p16043/wilson/.julia/v0.5/Logging/src/Logging.jl:115.
Dict{String,Any}(Pair{String,Any}("weights",nothing),Pair{String,Any}("active_mutate",nothing),Pair{String,Any}("data","/tmpdir/wilson/data/regression/fires.dt"),Pair{String,Any}("ga_population",nothing),Pair{String,Any}("fitness","regression"),Pair{String,Any}("ga_elitism_rate",nothing),Pair{String,Any}("crossover_method",nothing),Pair{String,Any}("chromosome","CGPChromo"),Pair{String,Any}("ga_crossover_rate",nothing),Pair{String,Any}("lambda",nothing),Pair{String,Any}("recurrency",nothing),Pair{String,Any}("mutate_method",nothing),Pair{String,Any}("node_mutation_rate",nothing),Pair{String,Any}("modify_mutation_rate",nothing),Pair{String,Any}("output_mutation_rate",nothing),Pair{String,Any}("ea","oneplus"),Pair{String,Any}("input_mutation_rate",nothing),Pair{String,Any}("log","/tmpdir/wilson/dennis/555914/fires_50404.log"),Pair{String,Any}("input_start",nothing),Pair{String,Any}("distance_method",nothing),Pair{String,Any}("seed",50404),Pair{String,Any}("ga_mutation_rate",nothing),Pair{String,Any}("node_size_delta",nothing))

WARNING: deprecated syntax "[a=>b for (a,b) in c]".
Use "Dict(a=>b for (a,b) in c)" instead.
WARNING: Method definition warn(Any...) in module Base at util.jl:350 overwritten in module Logging at /users/p16043/wilson/.julia/v0.5/Logging/src/Logging.jl:115.
WARNING: Method definition info(Any...) in module Base at util.jl:320 overwritten in module Logging at /users/p16043/wilson/.julia/v0.5/Logging/src/Logging.jl:115.
Dict{String,Any}(Pair{String,Any}("weights",nothing),Pair{String,Any}("active_mutate",nothing),Pair{String,Any}("data","/tmpdir/wilson/data/regression/quality.dt"),Pair{String,Any}("ga_population",nothing),Pair{String,Any}("fitness","regression"),Pair{String,Any}("ga_elitism_rate",nothing),Pair{String,Any}("crossover_method",nothing),Pair{String,Any}("chromosome","CGPChromo"),Pair{String,Any}("ga_crossover_rate",nothing),Pair{String,Any}("lambda",nothing),Pair{String,Any}("recurrency",nothing),Pair{String,Any}("mutate_method",nothing),Pair{String,Any}("node_mutation_rate",nothing),Pair{String,Any}("modify_mutation_rate",nothing),Pair{String,Any}("output_mutation_rate",nothing),Pair{String,Any}("ea","oneplus"),Pair{String,Any}("input_mutation_rate",nothing),Pair{String,Any}("log","/tmpdir/wilson/dennis/555914/quality_50398.log"),Pair{String,Any}("input_start",nothing),Pair{String,Any}("distance_method",nothing),Pair{String,Any}("seed",50398),Pair{String,Any}("ga_mutation_rate",nothing),Pair{String,Any}("node_size_delta",nothing))

WARNING: deprecated syntax "[a=>b for (a,b) in c]".
Use "Dict(a=>b for (a,b) in c)" instead.
WARNING: Method definition warn(Any...) in module Base at util.jl:350 overwritten in module Logging at /users/p16043/wilson/.julia/v0.5/Logging/src/Logging.jl:115.
WARNING: Method definition info(Any...) in module Base at util.jl:320 overwritten in module Logging at /users/p16043/wilson/.julia/v0.5/Logging/src/Logging.jl:115.
Dict{String,Any}(Pair{String,Any}("weights",nothing),Pair{String,Any}("active_mutate",nothing),Pair{String,Any}("data","/tmpdir/wilson/data/regression/quality.dt"),Pair{String,Any}("ga_population",nothing),Pair{String,Any}("fitness","regression"),Pair{String,Any}("ga_elitism_rate",nothing),Pair{String,Any}("crossover_method",nothing),Pair{String,Any}("chromosome","CGPChromo"),Pair{String,Any}("ga_crossover_rate",nothing),Pair{String,Any}("lambda",nothing),Pair{String,Any}("recurrency",nothing),Pair{String,Any}("mutate_method",nothing),Pair{String,Any}("node_mutation_rate",nothing),Pair{String,Any}("modify_mutation_rate",nothing),Pair{String,Any}("output_mutation_rate",nothing),Pair{String,Any}("ea","oneplus"),Pair{String,Any}("input_mutation_rate",nothing),Pair{String,Any}("log","/tmpdir/wilson/dennis/555914/quality_50395.log"),Pair{String,Any}("input_start",nothing),Pair{String,Any}("distance_method",nothing),Pair{String,Any}("seed",50395),Pair{String,Any}("ga_mutation_rate",nothing),Pair{String,Any}("node_size_delta",nothing))

WARNING: deprecated syntax "[a=>b for (a,b) in c]".
Use "Dict(a=>b for (a,b) in c)" instead.
WARNING: Method definition warn(Any...) in module Base at util.jl:350 overwritten in module Logging at /users/p16043/wilson/.julia/v0.5/Logging/src/Logging.jl:115.
WARNING: Method definition info(Any...) in module Base at util.jl:320 overwritten in module Logging at /users/p16043/wilson/.julia/v0.5/Logging/src/Logging.jl:115.
Dict{String,Any}(Pair{String,Any}("weights",nothing),Pair{String,Any}("active_mutate",nothing),Pair{String,Any}("data","/tmpdir/wilson/data/regression/quality.dt"),Pair{String,Any}("ga_population",nothing),Pair{String,Any}("fitness","regression"),Pair{String,Any}("ga_elitism_rate",nothing),Pair{String,Any}("crossover_method",nothing),Pair{String,Any}("chromosome","CGPChromo"),Pair{String,Any}("ga_crossover_rate",nothing),Pair{String,Any}("lambda",nothing),Pair{String,Any}("recurrency",nothing),Pair{String,Any}("mutate_method",nothing),Pair{String,Any}("node_mutation_rate",nothing),Pair{String,Any}("modify_mutation_rate",nothing),Pair{String,Any}("output_mutation_rate",nothing),Pair{String,Any}("ea","oneplus"),Pair{String,Any}("input_mutation_rate",nothing),Pair{String,Any}("log","/tmpdir/wilson/dennis/555914/quality_50404.log"),Pair{String,Any}("input_start",nothing),Pair{String,Any}("distance_method",nothing),Pair{String,Any}("seed",50404),Pair{String,Any}("ga_mutation_rate",nothing),Pair{String,Any}("node_size_delta",nothing))

WARNING: deprecated syntax "[a=>b for (a,b) in c]".
Use "Dict(a=>b for (a,b) in c)" instead.
WARNING: Method definition warn(Any...) in module Base at util.jl:350 overwritten in module Logging at /users/p16043/wilson/.julia/v0.5/Logging/src/Logging.jl:115.
WARNING: Method definition info(Any...) in module Base at util.jl:320 overwritten in module Logging at /users/p16043/wilson/.julia/v0.5/Logging/src/Logging.jl:115.
Dict{String,Any}(Pair{String,Any}("weights",nothing),Pair{String,Any}("active_mutate",nothing),Pair{String,Any}("data","/tmpdir/wilson/data/regression/quality.dt"),Pair{String,Any}("ga_population",nothing),Pair{String,Any}("fitness","regression"),Pair{String,Any}("ga_elitism_rate",nothing),Pair{String,Any}("crossover_method",nothing),Pair{String,Any}("chromosome","CGPChromo"),Pair{String,Any}("ga_crossover_rate",nothing),Pair{String,Any}("lambda",nothing),Pair{String,Any}("recurrency",nothing),Pair{String,Any}("mutate_method",nothing),Pair{String,Any}("node_mutation_rate",nothing),Pair{String,Any}("modify_mutation_rate",nothing),Pair{String,Any}("output_mutation_rate",nothing),Pair{String,Any}("ea","oneplus"),Pair{String,Any}("input_mutation_rate",nothing),Pair{String,Any}("log","/tmpdir/wilson/dennis/555914/quality_50399.log"),Pair{String,Any}("input_start",nothing),Pair{String,Any}("distance_method",nothing),Pair{String,Any}("seed",50399),Pair{String,Any}("ga_mutation_rate",nothing),Pair{String,Any}("node_size_delta",nothing))

WARNING: deprecated syntax "[a=>b for (a,b) in c]".
Use "Dict(a=>b for (a,b) in c)" instead.
WARNING: Method definition warn(Any...) in module Base at util.jl:350 overwritten in module Logging at /users/p16043/wilson/.julia/v0.5/Logging/src/Logging.jl:115.
WARNING: Method definition info(Any...) in module Base at util.jl:320 overwritten in module Logging at /users/p16043/wilson/.julia/v0.5/Logging/src/Logging.jl:115.
Dict{String,Any}(Pair{String,Any}("weights",nothing),Pair{String,Any}("active_mutate",nothing),Pair{String,Any}("data","/tmpdir/wilson/data/regression/fires.dt"),Pair{String,Any}("ga_population",nothing),Pair{String,Any}("fitness","regression"),Pair{String,Any}("ga_elitism_rate",nothing),Pair{String,Any}("crossover_method",nothing),Pair{String,Any}("chromosome","CGPChromo"),Pair{String,Any}("ga_crossover_rate",nothing),Pair{String,Any}("lambda",nothing),Pair{String,Any}("recurrency",nothing),Pair{String,Any}("mutate_method",nothing),Pair{String,Any}("node_mutation_rate",nothing),Pair{String,Any}("modify_mutation_rate",nothing),Pair{String,Any}("output_mutation_rate",nothing),Pair{String,Any}("ea","oneplus"),Pair{String,Any}("input_mutation_rate",nothing),Pair{String,Any}("log","/tmpdir/wilson/dennis/555914/fires_50392.log"),Pair{String,Any}("input_start",nothing),Pair{String,Any}("distance_method",nothing),Pair{String,Any}("seed",50392),Pair{String,Any}("ga_mutation_rate",nothing),Pair{String,Any}("node_size_delta",nothing))

WARNING: deprecated syntax "[a=>b for (a,b) in c]".
Use "Dict(a=>b for (a,b) in c)" instead.
WARNING: Method definition warn(Any...) in module Base at util.jl:350 overwritten in module Logging at /users/p16043/wilson/.julia/v0.5/Logging/src/Logging.jl:115.
WARNING: Method definition info(Any...) in module Base at util.jl:320 overwritten in module Logging at /users/p16043/wilson/.julia/v0.5/Logging/src/Logging.jl:115.
Dict{String,Any}(Pair{String,Any}("weights",nothing),Pair{String,Any}("active_mutate",nothing),Pair{String,Any}("data","/tmpdir/wilson/data/regression/quality.dt"),Pair{String,Any}("ga_population",nothing),Pair{String,Any}("fitness","regression"),Pair{String,Any}("ga_elitism_rate",nothing),Pair{String,Any}("crossover_method",nothing),Pair{String,Any}("chromosome","CGPChromo"),Pair{String,Any}("ga_crossover_rate",nothing),Pair{String,Any}("lambda",nothing),Pair{String,Any}("recurrency",nothing),Pair{String,Any}("mutate_method",nothing),Pair{String,Any}("node_mutation_rate",nothing),Pair{String,Any}("modify_mutation_rate",nothing),Pair{String,Any}("output_mutation_rate",nothing),Pair{String,Any}("ea","oneplus"),Pair{String,Any}("input_mutation_rate",nothing),Pair{String,Any}("log","/tmpdir/wilson/dennis/555914/quality_50392.log"),Pair{String,Any}("input_start",nothing),Pair{String,Any}("distance_method",nothing),Pair{String,Any}("seed",50392),Pair{String,Any}("ga_mutation_rate",nothing),Pair{String,Any}("node_size_delta",nothing))

WARNING: deprecated syntax "[a=>b for (a,b) in c]".
Use "Dict(a=>b for (a,b) in c)" instead.
